[2023-08-18T22:30:33.167+0000] {processor.py:157} INFO - Started process (PID=165) to work on /opt/airflow/dags/config.py
[2023-08-18T22:30:33.170+0000] {processor.py:829} INFO - Processing file /opt/airflow/dags/config.py for tasks to queue
[2023-08-18T22:30:33.173+0000] {logging_mixin.py:151} INFO - [2023-08-18T22:30:33.171+0000] {dagbag.py:539} INFO - Filling up the DagBag from /opt/airflow/dags/config.py
[2023-08-18T22:30:33.204+0000] {processor.py:841} WARNING - No viable dags retrieved from /opt/airflow/dags/config.py
[2023-08-18T22:30:33.227+0000] {processor.py:179} INFO - Processing /opt/airflow/dags/config.py took 0.065 seconds
[2023-08-18T22:31:03.497+0000] {processor.py:157} INFO - Started process (PID=170) to work on /opt/airflow/dags/config.py
[2023-08-18T22:31:03.500+0000] {processor.py:829} INFO - Processing file /opt/airflow/dags/config.py for tasks to queue
[2023-08-18T22:31:03.502+0000] {logging_mixin.py:151} INFO - [2023-08-18T22:31:03.502+0000] {dagbag.py:539} INFO - Filling up the DagBag from /opt/airflow/dags/config.py
[2023-08-18T22:31:03.513+0000] {processor.py:841} WARNING - No viable dags retrieved from /opt/airflow/dags/config.py
[2023-08-18T22:31:03.532+0000] {processor.py:179} INFO - Processing /opt/airflow/dags/config.py took 0.038 seconds
[2023-08-18T22:31:33.948+0000] {processor.py:157} INFO - Started process (PID=175) to work on /opt/airflow/dags/config.py
[2023-08-18T22:31:33.951+0000] {processor.py:829} INFO - Processing file /opt/airflow/dags/config.py for tasks to queue
[2023-08-18T22:31:33.953+0000] {logging_mixin.py:151} INFO - [2023-08-18T22:31:33.953+0000] {dagbag.py:539} INFO - Filling up the DagBag from /opt/airflow/dags/config.py
[2023-08-18T22:31:33.962+0000] {processor.py:841} WARNING - No viable dags retrieved from /opt/airflow/dags/config.py
[2023-08-18T22:31:33.976+0000] {processor.py:179} INFO - Processing /opt/airflow/dags/config.py took 0.030 seconds
[2023-08-18T22:32:04.363+0000] {processor.py:157} INFO - Started process (PID=180) to work on /opt/airflow/dags/config.py
[2023-08-18T22:32:04.366+0000] {processor.py:829} INFO - Processing file /opt/airflow/dags/config.py for tasks to queue
[2023-08-18T22:32:04.368+0000] {logging_mixin.py:151} INFO - [2023-08-18T22:32:04.367+0000] {dagbag.py:539} INFO - Filling up the DagBag from /opt/airflow/dags/config.py
[2023-08-18T22:32:04.374+0000] {processor.py:841} WARNING - No viable dags retrieved from /opt/airflow/dags/config.py
[2023-08-18T22:32:04.388+0000] {processor.py:179} INFO - Processing /opt/airflow/dags/config.py took 0.029 seconds
[2023-08-18T22:32:34.750+0000] {processor.py:157} INFO - Started process (PID=185) to work on /opt/airflow/dags/config.py
[2023-08-18T22:32:34.752+0000] {processor.py:829} INFO - Processing file /opt/airflow/dags/config.py for tasks to queue
[2023-08-18T22:32:34.754+0000] {logging_mixin.py:151} INFO - [2023-08-18T22:32:34.754+0000] {dagbag.py:539} INFO - Filling up the DagBag from /opt/airflow/dags/config.py
[2023-08-18T22:32:34.761+0000] {processor.py:841} WARNING - No viable dags retrieved from /opt/airflow/dags/config.py
[2023-08-18T22:32:34.774+0000] {processor.py:179} INFO - Processing /opt/airflow/dags/config.py took 0.028 seconds
[2023-08-18T22:33:05.232+0000] {processor.py:157} INFO - Started process (PID=190) to work on /opt/airflow/dags/config.py
[2023-08-18T22:33:05.234+0000] {processor.py:829} INFO - Processing file /opt/airflow/dags/config.py for tasks to queue
[2023-08-18T22:33:05.236+0000] {logging_mixin.py:151} INFO - [2023-08-18T22:33:05.235+0000] {dagbag.py:539} INFO - Filling up the DagBag from /opt/airflow/dags/config.py
[2023-08-18T22:33:05.241+0000] {processor.py:841} WARNING - No viable dags retrieved from /opt/airflow/dags/config.py
[2023-08-18T22:33:05.254+0000] {processor.py:179} INFO - Processing /opt/airflow/dags/config.py took 0.025 seconds
[2023-08-18T22:33:35.715+0000] {processor.py:157} INFO - Started process (PID=195) to work on /opt/airflow/dags/config.py
[2023-08-18T22:33:35.717+0000] {processor.py:829} INFO - Processing file /opt/airflow/dags/config.py for tasks to queue
[2023-08-18T22:33:35.721+0000] {logging_mixin.py:151} INFO - [2023-08-18T22:33:35.720+0000] {dagbag.py:539} INFO - Filling up the DagBag from /opt/airflow/dags/config.py
[2023-08-18T22:33:35.728+0000] {processor.py:841} WARNING - No viable dags retrieved from /opt/airflow/dags/config.py
[2023-08-18T22:33:35.742+0000] {processor.py:179} INFO - Processing /opt/airflow/dags/config.py took 0.030 seconds
[2023-08-18T22:34:06.129+0000] {processor.py:157} INFO - Started process (PID=200) to work on /opt/airflow/dags/config.py
[2023-08-18T22:34:06.131+0000] {processor.py:829} INFO - Processing file /opt/airflow/dags/config.py for tasks to queue
[2023-08-18T22:34:06.133+0000] {logging_mixin.py:151} INFO - [2023-08-18T22:34:06.133+0000] {dagbag.py:539} INFO - Filling up the DagBag from /opt/airflow/dags/config.py
[2023-08-18T22:34:06.140+0000] {processor.py:841} WARNING - No viable dags retrieved from /opt/airflow/dags/config.py
[2023-08-18T22:34:06.154+0000] {processor.py:179} INFO - Processing /opt/airflow/dags/config.py took 0.028 seconds
[2023-08-18T22:34:36.509+0000] {processor.py:157} INFO - Started process (PID=205) to work on /opt/airflow/dags/config.py
[2023-08-18T22:34:36.512+0000] {processor.py:829} INFO - Processing file /opt/airflow/dags/config.py for tasks to queue
[2023-08-18T22:34:36.514+0000] {logging_mixin.py:151} INFO - [2023-08-18T22:34:36.514+0000] {dagbag.py:539} INFO - Filling up the DagBag from /opt/airflow/dags/config.py
[2023-08-18T22:34:36.523+0000] {processor.py:841} WARNING - No viable dags retrieved from /opt/airflow/dags/config.py
[2023-08-18T22:34:36.542+0000] {processor.py:179} INFO - Processing /opt/airflow/dags/config.py took 0.036 seconds
[2023-08-18T22:35:06.902+0000] {processor.py:157} INFO - Started process (PID=210) to work on /opt/airflow/dags/config.py
[2023-08-18T22:35:06.905+0000] {processor.py:829} INFO - Processing file /opt/airflow/dags/config.py for tasks to queue
[2023-08-18T22:35:06.906+0000] {logging_mixin.py:151} INFO - [2023-08-18T22:35:06.906+0000] {dagbag.py:539} INFO - Filling up the DagBag from /opt/airflow/dags/config.py
[2023-08-18T22:35:06.915+0000] {processor.py:841} WARNING - No viable dags retrieved from /opt/airflow/dags/config.py
[2023-08-18T22:35:06.931+0000] {processor.py:179} INFO - Processing /opt/airflow/dags/config.py took 0.031 seconds
[2023-08-18T22:35:37.297+0000] {processor.py:157} INFO - Started process (PID=215) to work on /opt/airflow/dags/config.py
[2023-08-18T22:35:37.300+0000] {processor.py:829} INFO - Processing file /opt/airflow/dags/config.py for tasks to queue
[2023-08-18T22:35:37.301+0000] {logging_mixin.py:151} INFO - [2023-08-18T22:35:37.301+0000] {dagbag.py:539} INFO - Filling up the DagBag from /opt/airflow/dags/config.py
[2023-08-18T22:35:37.333+0000] {processor.py:841} WARNING - No viable dags retrieved from /opt/airflow/dags/config.py
[2023-08-18T22:35:37.354+0000] {processor.py:179} INFO - Processing /opt/airflow/dags/config.py took 0.061 seconds
[2023-08-18T22:36:07.640+0000] {processor.py:157} INFO - Started process (PID=220) to work on /opt/airflow/dags/config.py
[2023-08-18T22:36:07.641+0000] {processor.py:829} INFO - Processing file /opt/airflow/dags/config.py for tasks to queue
[2023-08-18T22:36:07.643+0000] {logging_mixin.py:151} INFO - [2023-08-18T22:36:07.643+0000] {dagbag.py:539} INFO - Filling up the DagBag from /opt/airflow/dags/config.py
[2023-08-18T22:36:07.649+0000] {processor.py:841} WARNING - No viable dags retrieved from /opt/airflow/dags/config.py
[2023-08-18T22:36:07.663+0000] {processor.py:179} INFO - Processing /opt/airflow/dags/config.py took 0.026 seconds
[2023-08-18T22:36:37.999+0000] {processor.py:157} INFO - Started process (PID=225) to work on /opt/airflow/dags/config.py
[2023-08-18T22:36:38.000+0000] {processor.py:829} INFO - Processing file /opt/airflow/dags/config.py for tasks to queue
[2023-08-18T22:36:38.002+0000] {logging_mixin.py:151} INFO - [2023-08-18T22:36:38.002+0000] {dagbag.py:539} INFO - Filling up the DagBag from /opt/airflow/dags/config.py
[2023-08-18T22:36:38.008+0000] {processor.py:841} WARNING - No viable dags retrieved from /opt/airflow/dags/config.py
[2023-08-18T22:36:38.023+0000] {processor.py:179} INFO - Processing /opt/airflow/dags/config.py took 0.026 seconds
[2023-08-18T22:37:08.337+0000] {processor.py:157} INFO - Started process (PID=230) to work on /opt/airflow/dags/config.py
[2023-08-18T22:37:08.339+0000] {processor.py:829} INFO - Processing file /opt/airflow/dags/config.py for tasks to queue
[2023-08-18T22:37:08.341+0000] {logging_mixin.py:151} INFO - [2023-08-18T22:37:08.341+0000] {dagbag.py:539} INFO - Filling up the DagBag from /opt/airflow/dags/config.py
[2023-08-18T22:37:08.348+0000] {processor.py:841} WARNING - No viable dags retrieved from /opt/airflow/dags/config.py
[2023-08-18T22:37:08.359+0000] {processor.py:179} INFO - Processing /opt/airflow/dags/config.py took 0.023 seconds
[2023-08-18T22:37:38.663+0000] {processor.py:157} INFO - Started process (PID=235) to work on /opt/airflow/dags/config.py
[2023-08-18T22:37:38.665+0000] {processor.py:829} INFO - Processing file /opt/airflow/dags/config.py for tasks to queue
[2023-08-18T22:37:38.667+0000] {logging_mixin.py:151} INFO - [2023-08-18T22:37:38.667+0000] {dagbag.py:539} INFO - Filling up the DagBag from /opt/airflow/dags/config.py
[2023-08-18T22:37:38.674+0000] {processor.py:841} WARNING - No viable dags retrieved from /opt/airflow/dags/config.py
[2023-08-18T22:37:38.687+0000] {processor.py:179} INFO - Processing /opt/airflow/dags/config.py took 0.026 seconds
[2023-08-18T22:38:08.981+0000] {processor.py:157} INFO - Started process (PID=240) to work on /opt/airflow/dags/config.py
[2023-08-18T22:38:08.983+0000] {processor.py:829} INFO - Processing file /opt/airflow/dags/config.py for tasks to queue
[2023-08-18T22:38:08.985+0000] {logging_mixin.py:151} INFO - [2023-08-18T22:38:08.985+0000] {dagbag.py:539} INFO - Filling up the DagBag from /opt/airflow/dags/config.py
[2023-08-18T22:38:08.992+0000] {processor.py:841} WARNING - No viable dags retrieved from /opt/airflow/dags/config.py
[2023-08-18T22:38:09.006+0000] {processor.py:179} INFO - Processing /opt/airflow/dags/config.py took 0.027 seconds
[2023-08-18T22:38:39.313+0000] {processor.py:157} INFO - Started process (PID=245) to work on /opt/airflow/dags/config.py
[2023-08-18T22:38:39.316+0000] {processor.py:829} INFO - Processing file /opt/airflow/dags/config.py for tasks to queue
[2023-08-18T22:38:39.317+0000] {logging_mixin.py:151} INFO - [2023-08-18T22:38:39.317+0000] {dagbag.py:539} INFO - Filling up the DagBag from /opt/airflow/dags/config.py
[2023-08-18T22:38:39.325+0000] {processor.py:841} WARNING - No viable dags retrieved from /opt/airflow/dags/config.py
[2023-08-18T22:38:39.336+0000] {processor.py:179} INFO - Processing /opt/airflow/dags/config.py took 0.026 seconds
[2023-08-18T22:39:09.649+0000] {processor.py:157} INFO - Started process (PID=250) to work on /opt/airflow/dags/config.py
[2023-08-18T22:39:09.652+0000] {processor.py:829} INFO - Processing file /opt/airflow/dags/config.py for tasks to queue
[2023-08-18T22:39:09.653+0000] {logging_mixin.py:151} INFO - [2023-08-18T22:39:09.653+0000] {dagbag.py:539} INFO - Filling up the DagBag from /opt/airflow/dags/config.py
[2023-08-18T22:39:09.658+0000] {processor.py:841} WARNING - No viable dags retrieved from /opt/airflow/dags/config.py
[2023-08-18T22:39:09.669+0000] {processor.py:179} INFO - Processing /opt/airflow/dags/config.py took 0.022 seconds
[2023-08-18T22:39:40.033+0000] {processor.py:157} INFO - Started process (PID=255) to work on /opt/airflow/dags/config.py
[2023-08-18T22:39:40.035+0000] {processor.py:829} INFO - Processing file /opt/airflow/dags/config.py for tasks to queue
[2023-08-18T22:39:40.037+0000] {logging_mixin.py:151} INFO - [2023-08-18T22:39:40.037+0000] {dagbag.py:539} INFO - Filling up the DagBag from /opt/airflow/dags/config.py
[2023-08-18T22:39:40.043+0000] {processor.py:841} WARNING - No viable dags retrieved from /opt/airflow/dags/config.py
[2023-08-18T22:39:40.055+0000] {processor.py:179} INFO - Processing /opt/airflow/dags/config.py took 0.024 seconds
[2023-08-18T22:40:10.375+0000] {processor.py:157} INFO - Started process (PID=260) to work on /opt/airflow/dags/config.py
[2023-08-18T22:40:10.377+0000] {processor.py:829} INFO - Processing file /opt/airflow/dags/config.py for tasks to queue
[2023-08-18T22:40:10.379+0000] {logging_mixin.py:151} INFO - [2023-08-18T22:40:10.379+0000] {dagbag.py:539} INFO - Filling up the DagBag from /opt/airflow/dags/config.py
[2023-08-18T22:40:10.385+0000] {processor.py:841} WARNING - No viable dags retrieved from /opt/airflow/dags/config.py
[2023-08-18T22:40:10.397+0000] {processor.py:179} INFO - Processing /opt/airflow/dags/config.py took 0.024 seconds
[2023-08-18T22:40:40.817+0000] {processor.py:157} INFO - Started process (PID=265) to work on /opt/airflow/dags/config.py
[2023-08-18T22:40:40.819+0000] {processor.py:829} INFO - Processing file /opt/airflow/dags/config.py for tasks to queue
[2023-08-18T22:40:40.821+0000] {logging_mixin.py:151} INFO - [2023-08-18T22:40:40.820+0000] {dagbag.py:539} INFO - Filling up the DagBag from /opt/airflow/dags/config.py
[2023-08-18T22:40:40.827+0000] {processor.py:841} WARNING - No viable dags retrieved from /opt/airflow/dags/config.py
[2023-08-18T22:40:40.840+0000] {processor.py:179} INFO - Processing /opt/airflow/dags/config.py took 0.025 seconds
[2023-08-18T22:41:11.312+0000] {processor.py:157} INFO - Started process (PID=270) to work on /opt/airflow/dags/config.py
[2023-08-18T22:41:11.314+0000] {processor.py:829} INFO - Processing file /opt/airflow/dags/config.py for tasks to queue
[2023-08-18T22:41:11.316+0000] {logging_mixin.py:151} INFO - [2023-08-18T22:41:11.316+0000] {dagbag.py:539} INFO - Filling up the DagBag from /opt/airflow/dags/config.py
[2023-08-18T22:41:11.324+0000] {processor.py:841} WARNING - No viable dags retrieved from /opt/airflow/dags/config.py
[2023-08-18T22:41:11.338+0000] {processor.py:179} INFO - Processing /opt/airflow/dags/config.py took 0.029 seconds
[2023-08-18T22:41:41.792+0000] {processor.py:157} INFO - Started process (PID=275) to work on /opt/airflow/dags/config.py
[2023-08-18T22:41:41.795+0000] {processor.py:829} INFO - Processing file /opt/airflow/dags/config.py for tasks to queue
[2023-08-18T22:41:41.796+0000] {logging_mixin.py:151} INFO - [2023-08-18T22:41:41.796+0000] {dagbag.py:539} INFO - Filling up the DagBag from /opt/airflow/dags/config.py
[2023-08-18T22:41:41.803+0000] {processor.py:841} WARNING - No viable dags retrieved from /opt/airflow/dags/config.py
[2023-08-18T22:41:41.817+0000] {processor.py:179} INFO - Processing /opt/airflow/dags/config.py took 0.029 seconds
[2023-08-18T22:42:12.219+0000] {processor.py:157} INFO - Started process (PID=280) to work on /opt/airflow/dags/config.py
[2023-08-18T22:42:12.221+0000] {processor.py:829} INFO - Processing file /opt/airflow/dags/config.py for tasks to queue
[2023-08-18T22:42:12.224+0000] {logging_mixin.py:151} INFO - [2023-08-18T22:42:12.223+0000] {dagbag.py:539} INFO - Filling up the DagBag from /opt/airflow/dags/config.py
[2023-08-18T22:42:12.231+0000] {processor.py:841} WARNING - No viable dags retrieved from /opt/airflow/dags/config.py
[2023-08-18T22:42:12.244+0000] {processor.py:179} INFO - Processing /opt/airflow/dags/config.py took 0.027 seconds
[2023-08-18T22:42:42.651+0000] {processor.py:157} INFO - Started process (PID=285) to work on /opt/airflow/dags/config.py
[2023-08-18T22:42:42.653+0000] {processor.py:829} INFO - Processing file /opt/airflow/dags/config.py for tasks to queue
[2023-08-18T22:42:42.655+0000] {logging_mixin.py:151} INFO - [2023-08-18T22:42:42.655+0000] {dagbag.py:539} INFO - Filling up the DagBag from /opt/airflow/dags/config.py
[2023-08-18T22:42:42.662+0000] {processor.py:841} WARNING - No viable dags retrieved from /opt/airflow/dags/config.py
[2023-08-18T22:42:42.673+0000] {processor.py:179} INFO - Processing /opt/airflow/dags/config.py took 0.024 seconds
[2023-08-18T22:43:13.262+0000] {processor.py:157} INFO - Started process (PID=290) to work on /opt/airflow/dags/config.py
[2023-08-18T22:43:13.265+0000] {processor.py:829} INFO - Processing file /opt/airflow/dags/config.py for tasks to queue
[2023-08-18T22:43:13.268+0000] {logging_mixin.py:151} INFO - [2023-08-18T22:43:13.268+0000] {dagbag.py:539} INFO - Filling up the DagBag from /opt/airflow/dags/config.py
[2023-08-18T22:43:13.277+0000] {processor.py:841} WARNING - No viable dags retrieved from /opt/airflow/dags/config.py
[2023-08-18T22:43:13.290+0000] {processor.py:179} INFO - Processing /opt/airflow/dags/config.py took 0.031 seconds
[2023-08-18T22:43:43.854+0000] {processor.py:157} INFO - Started process (PID=295) to work on /opt/airflow/dags/config.py
[2023-08-18T22:43:43.856+0000] {processor.py:829} INFO - Processing file /opt/airflow/dags/config.py for tasks to queue
[2023-08-18T22:43:43.858+0000] {logging_mixin.py:151} INFO - [2023-08-18T22:43:43.858+0000] {dagbag.py:539} INFO - Filling up the DagBag from /opt/airflow/dags/config.py
[2023-08-18T22:43:43.866+0000] {processor.py:841} WARNING - No viable dags retrieved from /opt/airflow/dags/config.py
[2023-08-18T22:43:43.883+0000] {processor.py:179} INFO - Processing /opt/airflow/dags/config.py took 0.032 seconds
[2023-08-18T22:44:14.383+0000] {processor.py:157} INFO - Started process (PID=300) to work on /opt/airflow/dags/config.py
[2023-08-18T22:44:14.387+0000] {processor.py:829} INFO - Processing file /opt/airflow/dags/config.py for tasks to queue
[2023-08-18T22:44:14.389+0000] {logging_mixin.py:151} INFO - [2023-08-18T22:44:14.388+0000] {dagbag.py:539} INFO - Filling up the DagBag from /opt/airflow/dags/config.py
[2023-08-18T22:44:14.398+0000] {processor.py:841} WARNING - No viable dags retrieved from /opt/airflow/dags/config.py
[2023-08-18T22:44:14.410+0000] {processor.py:179} INFO - Processing /opt/airflow/dags/config.py took 0.031 seconds
[2023-08-18T22:44:44.953+0000] {processor.py:157} INFO - Started process (PID=305) to work on /opt/airflow/dags/config.py
[2023-08-18T22:44:44.955+0000] {processor.py:829} INFO - Processing file /opt/airflow/dags/config.py for tasks to queue
[2023-08-18T22:44:44.957+0000] {logging_mixin.py:151} INFO - [2023-08-18T22:44:44.957+0000] {dagbag.py:539} INFO - Filling up the DagBag from /opt/airflow/dags/config.py
[2023-08-18T22:44:44.965+0000] {processor.py:841} WARNING - No viable dags retrieved from /opt/airflow/dags/config.py
[2023-08-18T22:44:44.978+0000] {processor.py:179} INFO - Processing /opt/airflow/dags/config.py took 0.029 seconds
[2023-08-18T22:45:15.501+0000] {processor.py:157} INFO - Started process (PID=310) to work on /opt/airflow/dags/config.py
[2023-08-18T22:45:15.503+0000] {processor.py:829} INFO - Processing file /opt/airflow/dags/config.py for tasks to queue
[2023-08-18T22:45:15.505+0000] {logging_mixin.py:151} INFO - [2023-08-18T22:45:15.505+0000] {dagbag.py:539} INFO - Filling up the DagBag from /opt/airflow/dags/config.py
[2023-08-18T22:45:15.513+0000] {processor.py:841} WARNING - No viable dags retrieved from /opt/airflow/dags/config.py
[2023-08-18T22:45:15.526+0000] {processor.py:179} INFO - Processing /opt/airflow/dags/config.py took 0.029 seconds
[2023-08-18T22:45:46.118+0000] {processor.py:157} INFO - Started process (PID=315) to work on /opt/airflow/dags/config.py
[2023-08-18T22:45:46.123+0000] {processor.py:829} INFO - Processing file /opt/airflow/dags/config.py for tasks to queue
[2023-08-18T22:45:46.125+0000] {logging_mixin.py:151} INFO - [2023-08-18T22:45:46.124+0000] {dagbag.py:539} INFO - Filling up the DagBag from /opt/airflow/dags/config.py
[2023-08-18T22:45:46.133+0000] {processor.py:841} WARNING - No viable dags retrieved from /opt/airflow/dags/config.py
[2023-08-18T22:45:46.145+0000] {processor.py:179} INFO - Processing /opt/airflow/dags/config.py took 0.031 seconds
[2023-08-18T22:46:16.687+0000] {processor.py:157} INFO - Started process (PID=320) to work on /opt/airflow/dags/config.py
[2023-08-18T22:46:16.690+0000] {processor.py:829} INFO - Processing file /opt/airflow/dags/config.py for tasks to queue
[2023-08-18T22:46:16.691+0000] {logging_mixin.py:151} INFO - [2023-08-18T22:46:16.691+0000] {dagbag.py:539} INFO - Filling up the DagBag from /opt/airflow/dags/config.py
[2023-08-18T22:46:16.698+0000] {processor.py:841} WARNING - No viable dags retrieved from /opt/airflow/dags/config.py
[2023-08-18T22:46:16.713+0000] {processor.py:179} INFO - Processing /opt/airflow/dags/config.py took 0.029 seconds
[2023-08-18T22:46:47.277+0000] {processor.py:157} INFO - Started process (PID=325) to work on /opt/airflow/dags/config.py
[2023-08-18T22:46:47.279+0000] {processor.py:829} INFO - Processing file /opt/airflow/dags/config.py for tasks to queue
[2023-08-18T22:46:47.281+0000] {logging_mixin.py:151} INFO - [2023-08-18T22:46:47.280+0000] {dagbag.py:539} INFO - Filling up the DagBag from /opt/airflow/dags/config.py
[2023-08-18T22:46:47.288+0000] {processor.py:841} WARNING - No viable dags retrieved from /opt/airflow/dags/config.py
[2023-08-18T22:46:47.302+0000] {processor.py:179} INFO - Processing /opt/airflow/dags/config.py took 0.029 seconds
[2023-08-18T22:47:17.796+0000] {processor.py:157} INFO - Started process (PID=330) to work on /opt/airflow/dags/config.py
[2023-08-18T22:47:17.798+0000] {processor.py:829} INFO - Processing file /opt/airflow/dags/config.py for tasks to queue
[2023-08-18T22:47:17.800+0000] {logging_mixin.py:151} INFO - [2023-08-18T22:47:17.800+0000] {dagbag.py:539} INFO - Filling up the DagBag from /opt/airflow/dags/config.py
[2023-08-18T22:47:17.808+0000] {processor.py:841} WARNING - No viable dags retrieved from /opt/airflow/dags/config.py
[2023-08-18T22:47:17.823+0000] {processor.py:179} INFO - Processing /opt/airflow/dags/config.py took 0.031 seconds
[2023-08-18T22:47:48.290+0000] {processor.py:157} INFO - Started process (PID=335) to work on /opt/airflow/dags/config.py
[2023-08-18T22:47:48.292+0000] {processor.py:829} INFO - Processing file /opt/airflow/dags/config.py for tasks to queue
[2023-08-18T22:47:48.295+0000] {logging_mixin.py:151} INFO - [2023-08-18T22:47:48.294+0000] {dagbag.py:539} INFO - Filling up the DagBag from /opt/airflow/dags/config.py
[2023-08-18T22:47:48.304+0000] {processor.py:841} WARNING - No viable dags retrieved from /opt/airflow/dags/config.py
[2023-08-18T22:47:48.319+0000] {processor.py:179} INFO - Processing /opt/airflow/dags/config.py took 0.033 seconds
[2023-08-18T22:48:18.730+0000] {processor.py:157} INFO - Started process (PID=340) to work on /opt/airflow/dags/config.py
[2023-08-18T22:48:18.731+0000] {processor.py:829} INFO - Processing file /opt/airflow/dags/config.py for tasks to queue
[2023-08-18T22:48:18.732+0000] {logging_mixin.py:151} INFO - [2023-08-18T22:48:18.732+0000] {dagbag.py:539} INFO - Filling up the DagBag from /opt/airflow/dags/config.py
[2023-08-18T22:48:18.738+0000] {processor.py:841} WARNING - No viable dags retrieved from /opt/airflow/dags/config.py
[2023-08-18T22:48:18.749+0000] {processor.py:179} INFO - Processing /opt/airflow/dags/config.py took 0.022 seconds
[2023-08-18T22:48:49.305+0000] {processor.py:157} INFO - Started process (PID=345) to work on /opt/airflow/dags/config.py
[2023-08-18T22:48:49.307+0000] {processor.py:829} INFO - Processing file /opt/airflow/dags/config.py for tasks to queue
[2023-08-18T22:48:49.309+0000] {logging_mixin.py:151} INFO - [2023-08-18T22:48:49.308+0000] {dagbag.py:539} INFO - Filling up the DagBag from /opt/airflow/dags/config.py
[2023-08-18T22:48:49.317+0000] {processor.py:841} WARNING - No viable dags retrieved from /opt/airflow/dags/config.py
[2023-08-18T22:48:49.331+0000] {processor.py:179} INFO - Processing /opt/airflow/dags/config.py took 0.029 seconds
[2023-08-18T22:49:19.860+0000] {processor.py:157} INFO - Started process (PID=350) to work on /opt/airflow/dags/config.py
[2023-08-18T22:49:19.862+0000] {processor.py:829} INFO - Processing file /opt/airflow/dags/config.py for tasks to queue
[2023-08-18T22:49:19.864+0000] {logging_mixin.py:151} INFO - [2023-08-18T22:49:19.864+0000] {dagbag.py:539} INFO - Filling up the DagBag from /opt/airflow/dags/config.py
[2023-08-18T22:49:19.873+0000] {processor.py:841} WARNING - No viable dags retrieved from /opt/airflow/dags/config.py
[2023-08-18T22:49:19.886+0000] {processor.py:179} INFO - Processing /opt/airflow/dags/config.py took 0.029 seconds
[2023-08-18T22:49:50.431+0000] {processor.py:157} INFO - Started process (PID=355) to work on /opt/airflow/dags/config.py
[2023-08-18T22:49:50.435+0000] {processor.py:829} INFO - Processing file /opt/airflow/dags/config.py for tasks to queue
[2023-08-18T22:49:50.436+0000] {logging_mixin.py:151} INFO - [2023-08-18T22:49:50.436+0000] {dagbag.py:539} INFO - Filling up the DagBag from /opt/airflow/dags/config.py
[2023-08-18T22:49:50.443+0000] {processor.py:841} WARNING - No viable dags retrieved from /opt/airflow/dags/config.py
[2023-08-18T22:49:50.457+0000] {processor.py:179} INFO - Processing /opt/airflow/dags/config.py took 0.031 seconds
[2023-08-18T22:50:20.979+0000] {processor.py:157} INFO - Started process (PID=360) to work on /opt/airflow/dags/config.py
[2023-08-18T22:50:20.982+0000] {processor.py:829} INFO - Processing file /opt/airflow/dags/config.py for tasks to queue
[2023-08-18T22:50:20.984+0000] {logging_mixin.py:151} INFO - [2023-08-18T22:50:20.984+0000] {dagbag.py:539} INFO - Filling up the DagBag from /opt/airflow/dags/config.py
[2023-08-18T22:50:20.991+0000] {processor.py:841} WARNING - No viable dags retrieved from /opt/airflow/dags/config.py
[2023-08-18T22:50:21.005+0000] {processor.py:179} INFO - Processing /opt/airflow/dags/config.py took 0.029 seconds
[2023-08-18T22:50:51.558+0000] {processor.py:157} INFO - Started process (PID=365) to work on /opt/airflow/dags/config.py
[2023-08-18T22:50:51.562+0000] {processor.py:829} INFO - Processing file /opt/airflow/dags/config.py for tasks to queue
[2023-08-18T22:50:51.564+0000] {logging_mixin.py:151} INFO - [2023-08-18T22:50:51.564+0000] {dagbag.py:539} INFO - Filling up the DagBag from /opt/airflow/dags/config.py
[2023-08-18T22:50:51.571+0000] {processor.py:841} WARNING - No viable dags retrieved from /opt/airflow/dags/config.py
[2023-08-18T22:50:51.587+0000] {processor.py:179} INFO - Processing /opt/airflow/dags/config.py took 0.034 seconds
[2023-08-18T22:51:22.035+0000] {processor.py:157} INFO - Started process (PID=370) to work on /opt/airflow/dags/config.py
[2023-08-18T22:51:22.037+0000] {processor.py:829} INFO - Processing file /opt/airflow/dags/config.py for tasks to queue
[2023-08-18T22:51:22.039+0000] {logging_mixin.py:151} INFO - [2023-08-18T22:51:22.039+0000] {dagbag.py:539} INFO - Filling up the DagBag from /opt/airflow/dags/config.py
[2023-08-18T22:51:22.045+0000] {processor.py:841} WARNING - No viable dags retrieved from /opt/airflow/dags/config.py
[2023-08-18T22:51:22.057+0000] {processor.py:179} INFO - Processing /opt/airflow/dags/config.py took 0.025 seconds
[2023-08-18T22:51:52.523+0000] {processor.py:157} INFO - Started process (PID=375) to work on /opt/airflow/dags/config.py
[2023-08-18T22:51:52.527+0000] {processor.py:829} INFO - Processing file /opt/airflow/dags/config.py for tasks to queue
[2023-08-18T22:51:52.530+0000] {logging_mixin.py:151} INFO - [2023-08-18T22:51:52.529+0000] {dagbag.py:539} INFO - Filling up the DagBag from /opt/airflow/dags/config.py
[2023-08-18T22:51:52.538+0000] {processor.py:841} WARNING - No viable dags retrieved from /opt/airflow/dags/config.py
[2023-08-18T22:51:52.550+0000] {processor.py:179} INFO - Processing /opt/airflow/dags/config.py took 0.031 seconds
[2023-08-18T22:52:23.071+0000] {processor.py:157} INFO - Started process (PID=380) to work on /opt/airflow/dags/config.py
[2023-08-18T22:52:23.073+0000] {processor.py:829} INFO - Processing file /opt/airflow/dags/config.py for tasks to queue
[2023-08-18T22:52:23.075+0000] {logging_mixin.py:151} INFO - [2023-08-18T22:52:23.074+0000] {dagbag.py:539} INFO - Filling up the DagBag from /opt/airflow/dags/config.py
[2023-08-18T22:52:23.082+0000] {processor.py:841} WARNING - No viable dags retrieved from /opt/airflow/dags/config.py
[2023-08-18T22:52:23.098+0000] {processor.py:179} INFO - Processing /opt/airflow/dags/config.py took 0.030 seconds
[2023-08-18T22:52:53.619+0000] {processor.py:157} INFO - Started process (PID=385) to work on /opt/airflow/dags/config.py
[2023-08-18T22:52:53.623+0000] {processor.py:829} INFO - Processing file /opt/airflow/dags/config.py for tasks to queue
[2023-08-18T22:52:53.625+0000] {logging_mixin.py:151} INFO - [2023-08-18T22:52:53.624+0000] {dagbag.py:539} INFO - Filling up the DagBag from /opt/airflow/dags/config.py
[2023-08-18T22:52:53.634+0000] {processor.py:841} WARNING - No viable dags retrieved from /opt/airflow/dags/config.py
[2023-08-18T22:52:53.646+0000] {processor.py:179} INFO - Processing /opt/airflow/dags/config.py took 0.032 seconds
[2023-08-18T22:53:24.156+0000] {processor.py:157} INFO - Started process (PID=390) to work on /opt/airflow/dags/config.py
[2023-08-18T22:53:24.159+0000] {processor.py:829} INFO - Processing file /opt/airflow/dags/config.py for tasks to queue
[2023-08-18T22:53:24.160+0000] {logging_mixin.py:151} INFO - [2023-08-18T22:53:24.160+0000] {dagbag.py:539} INFO - Filling up the DagBag from /opt/airflow/dags/config.py
[2023-08-18T22:53:24.167+0000] {processor.py:841} WARNING - No viable dags retrieved from /opt/airflow/dags/config.py
[2023-08-18T22:53:24.182+0000] {processor.py:179} INFO - Processing /opt/airflow/dags/config.py took 0.030 seconds
[2023-08-18T22:53:54.640+0000] {processor.py:157} INFO - Started process (PID=395) to work on /opt/airflow/dags/config.py
[2023-08-18T22:53:54.643+0000] {processor.py:829} INFO - Processing file /opt/airflow/dags/config.py for tasks to queue
[2023-08-18T22:53:54.645+0000] {logging_mixin.py:151} INFO - [2023-08-18T22:53:54.645+0000] {dagbag.py:539} INFO - Filling up the DagBag from /opt/airflow/dags/config.py
[2023-08-18T22:53:54.651+0000] {processor.py:841} WARNING - No viable dags retrieved from /opt/airflow/dags/config.py
[2023-08-18T22:53:54.663+0000] {processor.py:179} INFO - Processing /opt/airflow/dags/config.py took 0.026 seconds
[2023-08-18T22:54:25.176+0000] {processor.py:157} INFO - Started process (PID=400) to work on /opt/airflow/dags/config.py
[2023-08-18T22:54:25.178+0000] {processor.py:829} INFO - Processing file /opt/airflow/dags/config.py for tasks to queue
[2023-08-18T22:54:25.180+0000] {logging_mixin.py:151} INFO - [2023-08-18T22:54:25.179+0000] {dagbag.py:539} INFO - Filling up the DagBag from /opt/airflow/dags/config.py
[2023-08-18T22:54:25.187+0000] {processor.py:841} WARNING - No viable dags retrieved from /opt/airflow/dags/config.py
[2023-08-18T22:54:25.200+0000] {processor.py:179} INFO - Processing /opt/airflow/dags/config.py took 0.028 seconds
[2023-08-18T22:54:55.742+0000] {processor.py:157} INFO - Started process (PID=405) to work on /opt/airflow/dags/config.py
[2023-08-18T22:54:55.745+0000] {processor.py:829} INFO - Processing file /opt/airflow/dags/config.py for tasks to queue
[2023-08-18T22:54:55.747+0000] {logging_mixin.py:151} INFO - [2023-08-18T22:54:55.747+0000] {dagbag.py:539} INFO - Filling up the DagBag from /opt/airflow/dags/config.py
[2023-08-18T22:54:55.755+0000] {processor.py:841} WARNING - No viable dags retrieved from /opt/airflow/dags/config.py
[2023-08-18T22:54:55.769+0000] {processor.py:179} INFO - Processing /opt/airflow/dags/config.py took 0.031 seconds
[2023-08-18T22:55:26.253+0000] {processor.py:157} INFO - Started process (PID=410) to work on /opt/airflow/dags/config.py
[2023-08-18T22:55:26.256+0000] {processor.py:829} INFO - Processing file /opt/airflow/dags/config.py for tasks to queue
[2023-08-18T22:55:26.259+0000] {logging_mixin.py:151} INFO - [2023-08-18T22:55:26.258+0000] {dagbag.py:539} INFO - Filling up the DagBag from /opt/airflow/dags/config.py
[2023-08-18T22:55:26.268+0000] {processor.py:841} WARNING - No viable dags retrieved from /opt/airflow/dags/config.py
[2023-08-18T22:55:26.280+0000] {processor.py:179} INFO - Processing /opt/airflow/dags/config.py took 0.032 seconds
[2023-08-18T22:55:56.860+0000] {processor.py:157} INFO - Started process (PID=415) to work on /opt/airflow/dags/config.py
[2023-08-18T22:55:56.861+0000] {processor.py:829} INFO - Processing file /opt/airflow/dags/config.py for tasks to queue
[2023-08-18T22:55:56.863+0000] {logging_mixin.py:151} INFO - [2023-08-18T22:55:56.862+0000] {dagbag.py:539} INFO - Filling up the DagBag from /opt/airflow/dags/config.py
[2023-08-18T22:55:56.868+0000] {processor.py:841} WARNING - No viable dags retrieved from /opt/airflow/dags/config.py
[2023-08-18T22:55:56.881+0000] {processor.py:179} INFO - Processing /opt/airflow/dags/config.py took 0.023 seconds
[2023-08-18T22:56:27.396+0000] {processor.py:157} INFO - Started process (PID=420) to work on /opt/airflow/dags/config.py
[2023-08-18T22:56:27.397+0000] {processor.py:829} INFO - Processing file /opt/airflow/dags/config.py for tasks to queue
[2023-08-18T22:56:27.399+0000] {logging_mixin.py:151} INFO - [2023-08-18T22:56:27.399+0000] {dagbag.py:539} INFO - Filling up the DagBag from /opt/airflow/dags/config.py
[2023-08-18T22:56:27.406+0000] {processor.py:841} WARNING - No viable dags retrieved from /opt/airflow/dags/config.py
[2023-08-18T22:56:27.417+0000] {processor.py:179} INFO - Processing /opt/airflow/dags/config.py took 0.025 seconds
[2023-08-18T22:56:57.974+0000] {processor.py:157} INFO - Started process (PID=425) to work on /opt/airflow/dags/config.py
[2023-08-18T22:56:57.977+0000] {processor.py:829} INFO - Processing file /opt/airflow/dags/config.py for tasks to queue
[2023-08-18T22:56:57.979+0000] {logging_mixin.py:151} INFO - [2023-08-18T22:56:57.978+0000] {dagbag.py:539} INFO - Filling up the DagBag from /opt/airflow/dags/config.py
[2023-08-18T22:56:57.987+0000] {processor.py:841} WARNING - No viable dags retrieved from /opt/airflow/dags/config.py
[2023-08-18T22:56:58.002+0000] {processor.py:179} INFO - Processing /opt/airflow/dags/config.py took 0.032 seconds
[2023-08-18T22:57:28.516+0000] {processor.py:157} INFO - Started process (PID=430) to work on /opt/airflow/dags/config.py
[2023-08-18T22:57:28.518+0000] {processor.py:829} INFO - Processing file /opt/airflow/dags/config.py for tasks to queue
[2023-08-18T22:57:28.520+0000] {logging_mixin.py:151} INFO - [2023-08-18T22:57:28.520+0000] {dagbag.py:539} INFO - Filling up the DagBag from /opt/airflow/dags/config.py
[2023-08-18T22:57:28.527+0000] {processor.py:841} WARNING - No viable dags retrieved from /opt/airflow/dags/config.py
[2023-08-18T22:57:28.541+0000] {processor.py:179} INFO - Processing /opt/airflow/dags/config.py took 0.029 seconds
[2023-08-18T22:57:59.134+0000] {processor.py:157} INFO - Started process (PID=435) to work on /opt/airflow/dags/config.py
[2023-08-18T22:57:59.139+0000] {processor.py:829} INFO - Processing file /opt/airflow/dags/config.py for tasks to queue
[2023-08-18T22:57:59.141+0000] {logging_mixin.py:151} INFO - [2023-08-18T22:57:59.141+0000] {dagbag.py:539} INFO - Filling up the DagBag from /opt/airflow/dags/config.py
[2023-08-18T22:57:59.149+0000] {processor.py:841} WARNING - No viable dags retrieved from /opt/airflow/dags/config.py
[2023-08-18T22:57:59.162+0000] {processor.py:179} INFO - Processing /opt/airflow/dags/config.py took 0.032 seconds
[2023-08-18T22:58:29.668+0000] {processor.py:157} INFO - Started process (PID=440) to work on /opt/airflow/dags/config.py
[2023-08-18T22:58:29.670+0000] {processor.py:829} INFO - Processing file /opt/airflow/dags/config.py for tasks to queue
[2023-08-18T22:58:29.672+0000] {logging_mixin.py:151} INFO - [2023-08-18T22:58:29.672+0000] {dagbag.py:539} INFO - Filling up the DagBag from /opt/airflow/dags/config.py
[2023-08-18T22:58:29.680+0000] {processor.py:841} WARNING - No viable dags retrieved from /opt/airflow/dags/config.py
[2023-08-18T22:58:29.694+0000] {processor.py:179} INFO - Processing /opt/airflow/dags/config.py took 0.028 seconds
[2023-08-18T22:59:00.155+0000] {processor.py:157} INFO - Started process (PID=445) to work on /opt/airflow/dags/config.py
[2023-08-18T22:59:00.157+0000] {processor.py:829} INFO - Processing file /opt/airflow/dags/config.py for tasks to queue
[2023-08-18T22:59:00.159+0000] {logging_mixin.py:151} INFO - [2023-08-18T22:59:00.159+0000] {dagbag.py:539} INFO - Filling up the DagBag from /opt/airflow/dags/config.py
[2023-08-18T22:59:00.167+0000] {processor.py:841} WARNING - No viable dags retrieved from /opt/airflow/dags/config.py
[2023-08-18T22:59:00.179+0000] {processor.py:179} INFO - Processing /opt/airflow/dags/config.py took 0.028 seconds
[2023-08-18T22:59:30.620+0000] {processor.py:157} INFO - Started process (PID=450) to work on /opt/airflow/dags/config.py
[2023-08-18T22:59:30.623+0000] {processor.py:829} INFO - Processing file /opt/airflow/dags/config.py for tasks to queue
[2023-08-18T22:59:30.625+0000] {logging_mixin.py:151} INFO - [2023-08-18T22:59:30.625+0000] {dagbag.py:539} INFO - Filling up the DagBag from /opt/airflow/dags/config.py
[2023-08-18T22:59:30.631+0000] {processor.py:841} WARNING - No viable dags retrieved from /opt/airflow/dags/config.py
[2023-08-18T22:59:30.644+0000] {processor.py:179} INFO - Processing /opt/airflow/dags/config.py took 0.026 seconds
[2023-08-18T23:00:01.177+0000] {processor.py:157} INFO - Started process (PID=455) to work on /opt/airflow/dags/config.py
[2023-08-18T23:00:01.180+0000] {processor.py:829} INFO - Processing file /opt/airflow/dags/config.py for tasks to queue
[2023-08-18T23:00:01.182+0000] {logging_mixin.py:151} INFO - [2023-08-18T23:00:01.182+0000] {dagbag.py:539} INFO - Filling up the DagBag from /opt/airflow/dags/config.py
[2023-08-18T23:00:01.191+0000] {processor.py:841} WARNING - No viable dags retrieved from /opt/airflow/dags/config.py
[2023-08-18T23:00:01.204+0000] {processor.py:179} INFO - Processing /opt/airflow/dags/config.py took 0.032 seconds
[2023-08-18T23:00:31.760+0000] {processor.py:157} INFO - Started process (PID=460) to work on /opt/airflow/dags/config.py
[2023-08-18T23:00:31.763+0000] {processor.py:829} INFO - Processing file /opt/airflow/dags/config.py for tasks to queue
[2023-08-18T23:00:31.765+0000] {logging_mixin.py:151} INFO - [2023-08-18T23:00:31.765+0000] {dagbag.py:539} INFO - Filling up the DagBag from /opt/airflow/dags/config.py
[2023-08-18T23:00:31.774+0000] {processor.py:841} WARNING - No viable dags retrieved from /opt/airflow/dags/config.py
[2023-08-18T23:00:31.786+0000] {processor.py:179} INFO - Processing /opt/airflow/dags/config.py took 0.031 seconds
[2023-08-18T23:01:02.382+0000] {processor.py:157} INFO - Started process (PID=465) to work on /opt/airflow/dags/config.py
[2023-08-18T23:01:02.386+0000] {processor.py:829} INFO - Processing file /opt/airflow/dags/config.py for tasks to queue
[2023-08-18T23:01:02.387+0000] {logging_mixin.py:151} INFO - [2023-08-18T23:01:02.387+0000] {dagbag.py:539} INFO - Filling up the DagBag from /opt/airflow/dags/config.py
[2023-08-18T23:01:02.395+0000] {processor.py:841} WARNING - No viable dags retrieved from /opt/airflow/dags/config.py
[2023-08-18T23:01:02.409+0000] {processor.py:179} INFO - Processing /opt/airflow/dags/config.py took 0.030 seconds
[2023-08-18T23:01:32.968+0000] {processor.py:157} INFO - Started process (PID=470) to work on /opt/airflow/dags/config.py
[2023-08-18T23:01:32.970+0000] {processor.py:829} INFO - Processing file /opt/airflow/dags/config.py for tasks to queue
[2023-08-18T23:01:32.972+0000] {logging_mixin.py:151} INFO - [2023-08-18T23:01:32.971+0000] {dagbag.py:539} INFO - Filling up the DagBag from /opt/airflow/dags/config.py
[2023-08-18T23:01:32.981+0000] {processor.py:841} WARNING - No viable dags retrieved from /opt/airflow/dags/config.py
[2023-08-18T23:01:32.996+0000] {processor.py:179} INFO - Processing /opt/airflow/dags/config.py took 0.031 seconds
[2023-08-18T23:02:03.473+0000] {processor.py:157} INFO - Started process (PID=475) to work on /opt/airflow/dags/config.py
[2023-08-18T23:02:03.476+0000] {processor.py:829} INFO - Processing file /opt/airflow/dags/config.py for tasks to queue
[2023-08-18T23:02:03.477+0000] {logging_mixin.py:151} INFO - [2023-08-18T23:02:03.477+0000] {dagbag.py:539} INFO - Filling up the DagBag from /opt/airflow/dags/config.py
[2023-08-18T23:02:03.484+0000] {processor.py:841} WARNING - No viable dags retrieved from /opt/airflow/dags/config.py
[2023-08-18T23:02:03.497+0000] {processor.py:179} INFO - Processing /opt/airflow/dags/config.py took 0.027 seconds
[2023-08-18T23:02:33.934+0000] {processor.py:157} INFO - Started process (PID=480) to work on /opt/airflow/dags/config.py
[2023-08-18T23:02:33.937+0000] {processor.py:829} INFO - Processing file /opt/airflow/dags/config.py for tasks to queue
[2023-08-18T23:02:33.940+0000] {logging_mixin.py:151} INFO - [2023-08-18T23:02:33.939+0000] {dagbag.py:539} INFO - Filling up the DagBag from /opt/airflow/dags/config.py
[2023-08-18T23:02:33.948+0000] {processor.py:841} WARNING - No viable dags retrieved from /opt/airflow/dags/config.py
[2023-08-18T23:02:33.962+0000] {processor.py:179} INFO - Processing /opt/airflow/dags/config.py took 0.033 seconds
[2023-08-18T23:03:04.403+0000] {processor.py:157} INFO - Started process (PID=485) to work on /opt/airflow/dags/config.py
[2023-08-18T23:03:04.406+0000] {processor.py:829} INFO - Processing file /opt/airflow/dags/config.py for tasks to queue
[2023-08-18T23:03:04.408+0000] {logging_mixin.py:151} INFO - [2023-08-18T23:03:04.407+0000] {dagbag.py:539} INFO - Filling up the DagBag from /opt/airflow/dags/config.py
[2023-08-18T23:03:04.415+0000] {processor.py:841} WARNING - No viable dags retrieved from /opt/airflow/dags/config.py
[2023-08-18T23:03:04.429+0000] {processor.py:179} INFO - Processing /opt/airflow/dags/config.py took 0.030 seconds
[2023-08-18T23:03:34.924+0000] {processor.py:157} INFO - Started process (PID=490) to work on /opt/airflow/dags/config.py
[2023-08-18T23:03:34.928+0000] {processor.py:829} INFO - Processing file /opt/airflow/dags/config.py for tasks to queue
[2023-08-18T23:03:34.930+0000] {logging_mixin.py:151} INFO - [2023-08-18T23:03:34.930+0000] {dagbag.py:539} INFO - Filling up the DagBag from /opt/airflow/dags/config.py
[2023-08-18T23:03:34.937+0000] {processor.py:841} WARNING - No viable dags retrieved from /opt/airflow/dags/config.py
[2023-08-18T23:03:34.950+0000] {processor.py:179} INFO - Processing /opt/airflow/dags/config.py took 0.031 seconds
[2023-08-18T23:04:05.477+0000] {processor.py:157} INFO - Started process (PID=495) to work on /opt/airflow/dags/config.py
[2023-08-18T23:04:05.481+0000] {processor.py:829} INFO - Processing file /opt/airflow/dags/config.py for tasks to queue
[2023-08-18T23:04:05.483+0000] {logging_mixin.py:151} INFO - [2023-08-18T23:04:05.482+0000] {dagbag.py:539} INFO - Filling up the DagBag from /opt/airflow/dags/config.py
[2023-08-18T23:04:05.490+0000] {processor.py:841} WARNING - No viable dags retrieved from /opt/airflow/dags/config.py
[2023-08-18T23:04:05.503+0000] {processor.py:179} INFO - Processing /opt/airflow/dags/config.py took 0.030 seconds
[2023-08-18T23:04:35.859+0000] {processor.py:157} INFO - Started process (PID=500) to work on /opt/airflow/dags/config.py
[2023-08-18T23:04:35.863+0000] {processor.py:829} INFO - Processing file /opt/airflow/dags/config.py for tasks to queue
[2023-08-18T23:04:35.866+0000] {logging_mixin.py:151} INFO - [2023-08-18T23:04:35.866+0000] {dagbag.py:539} INFO - Filling up the DagBag from /opt/airflow/dags/config.py
[2023-08-18T23:04:35.877+0000] {processor.py:841} WARNING - No viable dags retrieved from /opt/airflow/dags/config.py
[2023-08-18T23:04:35.893+0000] {processor.py:179} INFO - Processing /opt/airflow/dags/config.py took 0.037 seconds
[2023-08-18T23:05:06.260+0000] {processor.py:157} INFO - Started process (PID=505) to work on /opt/airflow/dags/config.py
[2023-08-18T23:05:06.263+0000] {processor.py:829} INFO - Processing file /opt/airflow/dags/config.py for tasks to queue
[2023-08-18T23:05:06.265+0000] {logging_mixin.py:151} INFO - [2023-08-18T23:05:06.264+0000] {dagbag.py:539} INFO - Filling up the DagBag from /opt/airflow/dags/config.py
[2023-08-18T23:05:06.273+0000] {processor.py:841} WARNING - No viable dags retrieved from /opt/airflow/dags/config.py
[2023-08-18T23:05:06.287+0000] {processor.py:179} INFO - Processing /opt/airflow/dags/config.py took 0.030 seconds
[2023-08-18T23:05:36.696+0000] {processor.py:157} INFO - Started process (PID=510) to work on /opt/airflow/dags/config.py
[2023-08-18T23:05:36.698+0000] {processor.py:829} INFO - Processing file /opt/airflow/dags/config.py for tasks to queue
[2023-08-18T23:05:36.700+0000] {logging_mixin.py:151} INFO - [2023-08-18T23:05:36.700+0000] {dagbag.py:539} INFO - Filling up the DagBag from /opt/airflow/dags/config.py
[2023-08-18T23:05:36.709+0000] {processor.py:841} WARNING - No viable dags retrieved from /opt/airflow/dags/config.py
[2023-08-18T23:05:36.723+0000] {processor.py:179} INFO - Processing /opt/airflow/dags/config.py took 0.030 seconds
[2023-08-18T23:06:07.116+0000] {processor.py:157} INFO - Started process (PID=515) to work on /opt/airflow/dags/config.py
[2023-08-18T23:06:07.118+0000] {processor.py:829} INFO - Processing file /opt/airflow/dags/config.py for tasks to queue
[2023-08-18T23:06:07.120+0000] {logging_mixin.py:151} INFO - [2023-08-18T23:06:07.119+0000] {dagbag.py:539} INFO - Filling up the DagBag from /opt/airflow/dags/config.py
[2023-08-18T23:06:07.126+0000] {processor.py:841} WARNING - No viable dags retrieved from /opt/airflow/dags/config.py
[2023-08-18T23:06:07.138+0000] {processor.py:179} INFO - Processing /opt/airflow/dags/config.py took 0.024 seconds
[2023-08-18T23:06:37.480+0000] {processor.py:157} INFO - Started process (PID=520) to work on /opt/airflow/dags/config.py
[2023-08-18T23:06:37.484+0000] {processor.py:829} INFO - Processing file /opt/airflow/dags/config.py for tasks to queue
[2023-08-18T23:06:37.486+0000] {logging_mixin.py:151} INFO - [2023-08-18T23:06:37.486+0000] {dagbag.py:539} INFO - Filling up the DagBag from /opt/airflow/dags/config.py
[2023-08-18T23:06:37.494+0000] {processor.py:841} WARNING - No viable dags retrieved from /opt/airflow/dags/config.py
[2023-08-18T23:06:37.511+0000] {processor.py:179} INFO - Processing /opt/airflow/dags/config.py took 0.035 seconds
[2023-08-18T23:07:07.974+0000] {processor.py:157} INFO - Started process (PID=525) to work on /opt/airflow/dags/config.py
[2023-08-18T23:07:07.978+0000] {processor.py:829} INFO - Processing file /opt/airflow/dags/config.py for tasks to queue
[2023-08-18T23:07:07.980+0000] {logging_mixin.py:151} INFO - [2023-08-18T23:07:07.979+0000] {dagbag.py:539} INFO - Filling up the DagBag from /opt/airflow/dags/config.py
[2023-08-18T23:07:07.989+0000] {processor.py:841} WARNING - No viable dags retrieved from /opt/airflow/dags/config.py
[2023-08-18T23:07:08.002+0000] {processor.py:179} INFO - Processing /opt/airflow/dags/config.py took 0.031 seconds
[2023-08-18T23:07:38.137+0000] {processor.py:157} INFO - Started process (PID=530) to work on /opt/airflow/dags/config.py
[2023-08-18T23:07:38.140+0000] {processor.py:829} INFO - Processing file /opt/airflow/dags/config.py for tasks to queue
[2023-08-18T23:07:38.142+0000] {logging_mixin.py:151} INFO - [2023-08-18T23:07:38.142+0000] {dagbag.py:539} INFO - Filling up the DagBag from /opt/airflow/dags/config.py
[2023-08-18T23:07:38.159+0000] {processor.py:841} WARNING - No viable dags retrieved from /opt/airflow/dags/config.py
[2023-08-18T23:07:38.181+0000] {processor.py:179} INFO - Processing /opt/airflow/dags/config.py took 0.048 seconds
[2023-08-18T23:34:21.023+0000] {processor.py:157} INFO - Started process (PID=536) to work on /opt/airflow/dags/config.py
[2023-08-18T23:34:21.027+0000] {processor.py:829} INFO - Processing file /opt/airflow/dags/config.py for tasks to queue
[2023-08-18T23:34:21.031+0000] {logging_mixin.py:151} INFO - [2023-08-18T23:34:21.030+0000] {dagbag.py:539} INFO - Filling up the DagBag from /opt/airflow/dags/config.py
[2023-08-18T23:34:21.048+0000] {processor.py:841} WARNING - No viable dags retrieved from /opt/airflow/dags/config.py
[2023-08-18T23:34:21.135+0000] {processor.py:179} INFO - Processing /opt/airflow/dags/config.py took 0.128 seconds
[2023-08-18T23:50:15.310+0000] {processor.py:157} INFO - Started process (PID=543) to work on /opt/airflow/dags/config.py
[2023-08-18T23:50:15.311+0000] {processor.py:829} INFO - Processing file /opt/airflow/dags/config.py for tasks to queue
[2023-08-18T23:50:15.313+0000] {logging_mixin.py:151} INFO - [2023-08-18T23:50:15.312+0000] {dagbag.py:539} INFO - Filling up the DagBag from /opt/airflow/dags/config.py
[2023-08-18T23:50:15.318+0000] {processor.py:841} WARNING - No viable dags retrieved from /opt/airflow/dags/config.py
[2023-08-18T23:50:15.330+0000] {processor.py:179} INFO - Processing /opt/airflow/dags/config.py took 0.023 seconds
