[2023-08-28T15:00:55.492+0000] {processor.py:157} INFO - Started process (PID=173) to work on /opt/airflow/dags/config.py
[2023-08-28T15:00:55.493+0000] {processor.py:829} INFO - Processing file /opt/airflow/dags/config.py for tasks to queue
[2023-08-28T15:00:55.495+0000] {logging_mixin.py:151} INFO - [2023-08-28T15:00:55.495+0000] {dagbag.py:539} INFO - Filling up the DagBag from /opt/airflow/dags/config.py
[2023-08-28T15:00:55.502+0000] {processor.py:841} WARNING - No viable dags retrieved from /opt/airflow/dags/config.py
[2023-08-28T15:00:55.515+0000] {processor.py:179} INFO - Processing /opt/airflow/dags/config.py took 0.025 seconds
[2023-08-28T15:01:25.917+0000] {processor.py:157} INFO - Started process (PID=184) to work on /opt/airflow/dags/config.py
[2023-08-28T15:01:25.919+0000] {processor.py:829} INFO - Processing file /opt/airflow/dags/config.py for tasks to queue
[2023-08-28T15:01:25.922+0000] {logging_mixin.py:151} INFO - [2023-08-28T15:01:25.922+0000] {dagbag.py:539} INFO - Filling up the DagBag from /opt/airflow/dags/config.py
[2023-08-28T15:01:25.930+0000] {processor.py:841} WARNING - No viable dags retrieved from /opt/airflow/dags/config.py
[2023-08-28T15:01:25.944+0000] {processor.py:179} INFO - Processing /opt/airflow/dags/config.py took 0.029 seconds
[2023-08-28T15:01:56.594+0000] {processor.py:157} INFO - Started process (PID=205) to work on /opt/airflow/dags/config.py
[2023-08-28T15:01:56.597+0000] {processor.py:829} INFO - Processing file /opt/airflow/dags/config.py for tasks to queue
[2023-08-28T15:01:56.599+0000] {logging_mixin.py:151} INFO - [2023-08-28T15:01:56.598+0000] {dagbag.py:539} INFO - Filling up the DagBag from /opt/airflow/dags/config.py
[2023-08-28T15:01:56.607+0000] {processor.py:841} WARNING - No viable dags retrieved from /opt/airflow/dags/config.py
[2023-08-28T15:01:56.624+0000] {processor.py:179} INFO - Processing /opt/airflow/dags/config.py took 0.033 seconds
[2023-08-28T15:02:26.999+0000] {processor.py:157} INFO - Started process (PID=216) to work on /opt/airflow/dags/config.py
[2023-08-28T15:02:27.002+0000] {processor.py:829} INFO - Processing file /opt/airflow/dags/config.py for tasks to queue
[2023-08-28T15:02:27.004+0000] {logging_mixin.py:151} INFO - [2023-08-28T15:02:27.003+0000] {dagbag.py:539} INFO - Filling up the DagBag from /opt/airflow/dags/config.py
[2023-08-28T15:02:27.012+0000] {processor.py:841} WARNING - No viable dags retrieved from /opt/airflow/dags/config.py
[2023-08-28T15:02:27.027+0000] {processor.py:179} INFO - Processing /opt/airflow/dags/config.py took 0.030 seconds
[2023-08-28T15:02:57.434+0000] {processor.py:157} INFO - Started process (PID=232) to work on /opt/airflow/dags/config.py
[2023-08-28T15:02:57.437+0000] {processor.py:829} INFO - Processing file /opt/airflow/dags/config.py for tasks to queue
[2023-08-28T15:02:57.439+0000] {logging_mixin.py:151} INFO - [2023-08-28T15:02:57.438+0000] {dagbag.py:539} INFO - Filling up the DagBag from /opt/airflow/dags/config.py
[2023-08-28T15:02:57.445+0000] {processor.py:841} WARNING - No viable dags retrieved from /opt/airflow/dags/config.py
[2023-08-28T15:02:57.459+0000] {processor.py:179} INFO - Processing /opt/airflow/dags/config.py took 0.028 seconds
[2023-08-28T15:03:27.962+0000] {processor.py:157} INFO - Started process (PID=248) to work on /opt/airflow/dags/config.py
[2023-08-28T15:03:27.967+0000] {processor.py:829} INFO - Processing file /opt/airflow/dags/config.py for tasks to queue
[2023-08-28T15:03:27.969+0000] {logging_mixin.py:151} INFO - [2023-08-28T15:03:27.969+0000] {dagbag.py:539} INFO - Filling up the DagBag from /opt/airflow/dags/config.py
[2023-08-28T15:03:27.982+0000] {processor.py:841} WARNING - No viable dags retrieved from /opt/airflow/dags/config.py
[2023-08-28T15:03:28.009+0000] {processor.py:179} INFO - Processing /opt/airflow/dags/config.py took 0.058 seconds
[2023-08-28T15:03:58.518+0000] {processor.py:157} INFO - Started process (PID=264) to work on /opt/airflow/dags/config.py
[2023-08-28T15:03:58.520+0000] {processor.py:829} INFO - Processing file /opt/airflow/dags/config.py for tasks to queue
[2023-08-28T15:03:58.522+0000] {logging_mixin.py:151} INFO - [2023-08-28T15:03:58.522+0000] {dagbag.py:539} INFO - Filling up the DagBag from /opt/airflow/dags/config.py
[2023-08-28T15:03:58.528+0000] {processor.py:841} WARNING - No viable dags retrieved from /opt/airflow/dags/config.py
[2023-08-28T15:03:58.541+0000] {processor.py:179} INFO - Processing /opt/airflow/dags/config.py took 0.029 seconds
[2023-08-28T15:04:29.023+0000] {processor.py:157} INFO - Started process (PID=280) to work on /opt/airflow/dags/config.py
[2023-08-28T15:04:29.026+0000] {processor.py:829} INFO - Processing file /opt/airflow/dags/config.py for tasks to queue
[2023-08-28T15:04:29.028+0000] {logging_mixin.py:151} INFO - [2023-08-28T15:04:29.028+0000] {dagbag.py:539} INFO - Filling up the DagBag from /opt/airflow/dags/config.py
[2023-08-28T15:04:29.035+0000] {processor.py:841} WARNING - No viable dags retrieved from /opt/airflow/dags/config.py
[2023-08-28T15:04:29.048+0000] {processor.py:179} INFO - Processing /opt/airflow/dags/config.py took 0.028 seconds
[2023-08-28T15:04:59.448+0000] {processor.py:157} INFO - Started process (PID=296) to work on /opt/airflow/dags/config.py
[2023-08-28T15:04:59.450+0000] {processor.py:829} INFO - Processing file /opt/airflow/dags/config.py for tasks to queue
[2023-08-28T15:04:59.452+0000] {logging_mixin.py:151} INFO - [2023-08-28T15:04:59.452+0000] {dagbag.py:539} INFO - Filling up the DagBag from /opt/airflow/dags/config.py
[2023-08-28T15:04:59.459+0000] {processor.py:841} WARNING - No viable dags retrieved from /opt/airflow/dags/config.py
[2023-08-28T15:04:59.470+0000] {processor.py:179} INFO - Processing /opt/airflow/dags/config.py took 0.024 seconds
[2023-08-28T15:05:29.952+0000] {processor.py:157} INFO - Started process (PID=312) to work on /opt/airflow/dags/config.py
[2023-08-28T15:05:29.954+0000] {processor.py:829} INFO - Processing file /opt/airflow/dags/config.py for tasks to queue
[2023-08-28T15:05:29.956+0000] {logging_mixin.py:151} INFO - [2023-08-28T15:05:29.956+0000] {dagbag.py:539} INFO - Filling up the DagBag from /opt/airflow/dags/config.py
[2023-08-28T15:05:29.962+0000] {processor.py:841} WARNING - No viable dags retrieved from /opt/airflow/dags/config.py
[2023-08-28T15:05:29.975+0000] {processor.py:179} INFO - Processing /opt/airflow/dags/config.py took 0.025 seconds
[2023-08-28T15:06:00.448+0000] {processor.py:157} INFO - Started process (PID=328) to work on /opt/airflow/dags/config.py
[2023-08-28T15:06:00.451+0000] {processor.py:829} INFO - Processing file /opt/airflow/dags/config.py for tasks to queue
[2023-08-28T15:06:00.453+0000] {logging_mixin.py:151} INFO - [2023-08-28T15:06:00.452+0000] {dagbag.py:539} INFO - Filling up the DagBag from /opt/airflow/dags/config.py
[2023-08-28T15:06:00.461+0000] {processor.py:841} WARNING - No viable dags retrieved from /opt/airflow/dags/config.py
[2023-08-28T15:06:00.476+0000] {processor.py:179} INFO - Processing /opt/airflow/dags/config.py took 0.030 seconds
[2023-08-28T15:06:30.947+0000] {processor.py:157} INFO - Started process (PID=343) to work on /opt/airflow/dags/config.py
[2023-08-28T15:06:30.950+0000] {processor.py:829} INFO - Processing file /opt/airflow/dags/config.py for tasks to queue
[2023-08-28T15:06:30.952+0000] {logging_mixin.py:151} INFO - [2023-08-28T15:06:30.952+0000] {dagbag.py:539} INFO - Filling up the DagBag from /opt/airflow/dags/config.py
[2023-08-28T15:06:30.967+0000] {processor.py:841} WARNING - No viable dags retrieved from /opt/airflow/dags/config.py
[2023-08-28T15:06:30.992+0000] {processor.py:179} INFO - Processing /opt/airflow/dags/config.py took 0.048 seconds
[2023-08-28T15:07:01.536+0000] {processor.py:157} INFO - Started process (PID=360) to work on /opt/airflow/dags/config.py
[2023-08-28T15:07:01.538+0000] {processor.py:829} INFO - Processing file /opt/airflow/dags/config.py for tasks to queue
[2023-08-28T15:07:01.540+0000] {logging_mixin.py:151} INFO - [2023-08-28T15:07:01.539+0000] {dagbag.py:539} INFO - Filling up the DagBag from /opt/airflow/dags/config.py
[2023-08-28T15:07:01.546+0000] {processor.py:841} WARNING - No viable dags retrieved from /opt/airflow/dags/config.py
[2023-08-28T15:07:01.561+0000] {processor.py:179} INFO - Processing /opt/airflow/dags/config.py took 0.027 seconds
[2023-08-28T15:07:32.040+0000] {processor.py:157} INFO - Started process (PID=376) to work on /opt/airflow/dags/config.py
[2023-08-28T15:07:32.042+0000] {processor.py:829} INFO - Processing file /opt/airflow/dags/config.py for tasks to queue
[2023-08-28T15:07:32.045+0000] {logging_mixin.py:151} INFO - [2023-08-28T15:07:32.045+0000] {dagbag.py:539} INFO - Filling up the DagBag from /opt/airflow/dags/config.py
[2023-08-28T15:07:32.051+0000] {processor.py:841} WARNING - No viable dags retrieved from /opt/airflow/dags/config.py
[2023-08-28T15:07:32.063+0000] {processor.py:179} INFO - Processing /opt/airflow/dags/config.py took 0.026 seconds
[2023-08-28T15:08:02.524+0000] {processor.py:157} INFO - Started process (PID=392) to work on /opt/airflow/dags/config.py
[2023-08-28T15:08:02.525+0000] {processor.py:829} INFO - Processing file /opt/airflow/dags/config.py for tasks to queue
[2023-08-28T15:08:02.527+0000] {logging_mixin.py:151} INFO - [2023-08-28T15:08:02.526+0000] {dagbag.py:539} INFO - Filling up the DagBag from /opt/airflow/dags/config.py
[2023-08-28T15:08:02.534+0000] {processor.py:841} WARNING - No viable dags retrieved from /opt/airflow/dags/config.py
[2023-08-28T15:08:02.548+0000] {processor.py:179} INFO - Processing /opt/airflow/dags/config.py took 0.027 seconds
[2023-08-28T15:08:33.217+0000] {processor.py:157} INFO - Started process (PID=408) to work on /opt/airflow/dags/config.py
[2023-08-28T15:08:33.218+0000] {processor.py:829} INFO - Processing file /opt/airflow/dags/config.py for tasks to queue
[2023-08-28T15:08:33.220+0000] {logging_mixin.py:151} INFO - [2023-08-28T15:08:33.220+0000] {dagbag.py:539} INFO - Filling up the DagBag from /opt/airflow/dags/config.py
[2023-08-28T15:08:33.226+0000] {processor.py:841} WARNING - No viable dags retrieved from /opt/airflow/dags/config.py
[2023-08-28T15:08:33.241+0000] {processor.py:179} INFO - Processing /opt/airflow/dags/config.py took 0.027 seconds
[2023-08-28T15:09:03.648+0000] {processor.py:157} INFO - Started process (PID=424) to work on /opt/airflow/dags/config.py
[2023-08-28T15:09:03.650+0000] {processor.py:829} INFO - Processing file /opt/airflow/dags/config.py for tasks to queue
[2023-08-28T15:09:03.651+0000] {logging_mixin.py:151} INFO - [2023-08-28T15:09:03.651+0000] {dagbag.py:539} INFO - Filling up the DagBag from /opt/airflow/dags/config.py
[2023-08-28T15:09:03.658+0000] {processor.py:841} WARNING - No viable dags retrieved from /opt/airflow/dags/config.py
[2023-08-28T15:09:03.670+0000] {processor.py:179} INFO - Processing /opt/airflow/dags/config.py took 0.027 seconds
[2023-08-28T15:09:34.097+0000] {processor.py:157} INFO - Started process (PID=440) to work on /opt/airflow/dags/config.py
[2023-08-28T15:09:34.099+0000] {processor.py:829} INFO - Processing file /opt/airflow/dags/config.py for tasks to queue
[2023-08-28T15:09:34.101+0000] {logging_mixin.py:151} INFO - [2023-08-28T15:09:34.101+0000] {dagbag.py:539} INFO - Filling up the DagBag from /opt/airflow/dags/config.py
[2023-08-28T15:09:34.108+0000] {processor.py:841} WARNING - No viable dags retrieved from /opt/airflow/dags/config.py
[2023-08-28T15:09:34.122+0000] {processor.py:179} INFO - Processing /opt/airflow/dags/config.py took 0.031 seconds
[2023-08-28T15:10:04.608+0000] {processor.py:157} INFO - Started process (PID=456) to work on /opt/airflow/dags/config.py
[2023-08-28T15:10:04.610+0000] {processor.py:829} INFO - Processing file /opt/airflow/dags/config.py for tasks to queue
[2023-08-28T15:10:04.611+0000] {logging_mixin.py:151} INFO - [2023-08-28T15:10:04.611+0000] {dagbag.py:539} INFO - Filling up the DagBag from /opt/airflow/dags/config.py
[2023-08-28T15:10:04.617+0000] {processor.py:841} WARNING - No viable dags retrieved from /opt/airflow/dags/config.py
[2023-08-28T15:10:04.630+0000] {processor.py:179} INFO - Processing /opt/airflow/dags/config.py took 0.029 seconds
[2023-08-28T15:10:35.072+0000] {processor.py:157} INFO - Started process (PID=472) to work on /opt/airflow/dags/config.py
[2023-08-28T15:10:35.074+0000] {processor.py:829} INFO - Processing file /opt/airflow/dags/config.py for tasks to queue
[2023-08-28T15:10:35.076+0000] {logging_mixin.py:151} INFO - [2023-08-28T15:10:35.076+0000] {dagbag.py:539} INFO - Filling up the DagBag from /opt/airflow/dags/config.py
[2023-08-28T15:10:35.082+0000] {processor.py:841} WARNING - No viable dags retrieved from /opt/airflow/dags/config.py
[2023-08-28T15:10:35.094+0000] {processor.py:179} INFO - Processing /opt/airflow/dags/config.py took 0.026 seconds
[2023-08-28T15:11:05.657+0000] {processor.py:157} INFO - Started process (PID=488) to work on /opt/airflow/dags/config.py
[2023-08-28T15:11:05.659+0000] {processor.py:829} INFO - Processing file /opt/airflow/dags/config.py for tasks to queue
[2023-08-28T15:11:05.660+0000] {logging_mixin.py:151} INFO - [2023-08-28T15:11:05.660+0000] {dagbag.py:539} INFO - Filling up the DagBag from /opt/airflow/dags/config.py
[2023-08-28T15:11:05.667+0000] {processor.py:841} WARNING - No viable dags retrieved from /opt/airflow/dags/config.py
[2023-08-28T15:11:05.682+0000] {processor.py:179} INFO - Processing /opt/airflow/dags/config.py took 0.028 seconds
[2023-08-28T15:11:36.135+0000] {processor.py:157} INFO - Started process (PID=504) to work on /opt/airflow/dags/config.py
[2023-08-28T15:11:36.138+0000] {processor.py:829} INFO - Processing file /opt/airflow/dags/config.py for tasks to queue
[2023-08-28T15:11:36.140+0000] {logging_mixin.py:151} INFO - [2023-08-28T15:11:36.140+0000] {dagbag.py:539} INFO - Filling up the DagBag from /opt/airflow/dags/config.py
[2023-08-28T15:11:36.148+0000] {processor.py:841} WARNING - No viable dags retrieved from /opt/airflow/dags/config.py
[2023-08-28T15:11:36.162+0000] {processor.py:179} INFO - Processing /opt/airflow/dags/config.py took 0.029 seconds
[2023-08-28T15:12:03.531+0000] {processor.py:157} INFO - Started process (PID=517) to work on /opt/airflow/dags/config.py
[2023-08-28T15:12:03.534+0000] {processor.py:829} INFO - Processing file /opt/airflow/dags/config.py for tasks to queue
[2023-08-28T15:12:03.536+0000] {logging_mixin.py:151} INFO - [2023-08-28T15:12:03.536+0000] {dagbag.py:539} INFO - Filling up the DagBag from /opt/airflow/dags/config.py
[2023-08-28T15:12:03.558+0000] {processor.py:841} WARNING - No viable dags retrieved from /opt/airflow/dags/config.py
[2023-08-28T15:12:03.578+0000] {processor.py:179} INFO - Processing /opt/airflow/dags/config.py took 0.050 seconds
[2023-08-28T15:12:34.024+0000] {processor.py:157} INFO - Started process (PID=533) to work on /opt/airflow/dags/config.py
[2023-08-28T15:12:34.026+0000] {processor.py:829} INFO - Processing file /opt/airflow/dags/config.py for tasks to queue
[2023-08-28T15:12:34.028+0000] {logging_mixin.py:151} INFO - [2023-08-28T15:12:34.028+0000] {dagbag.py:539} INFO - Filling up the DagBag from /opt/airflow/dags/config.py
[2023-08-28T15:12:34.036+0000] {processor.py:841} WARNING - No viable dags retrieved from /opt/airflow/dags/config.py
[2023-08-28T15:12:34.048+0000] {processor.py:179} INFO - Processing /opt/airflow/dags/config.py took 0.027 seconds
[2023-08-28T15:13:04.483+0000] {processor.py:157} INFO - Started process (PID=549) to work on /opt/airflow/dags/config.py
[2023-08-28T15:13:04.486+0000] {processor.py:829} INFO - Processing file /opt/airflow/dags/config.py for tasks to queue
[2023-08-28T15:13:04.488+0000] {logging_mixin.py:151} INFO - [2023-08-28T15:13:04.487+0000] {dagbag.py:539} INFO - Filling up the DagBag from /opt/airflow/dags/config.py
[2023-08-28T15:13:04.495+0000] {processor.py:841} WARNING - No viable dags retrieved from /opt/airflow/dags/config.py
[2023-08-28T15:13:04.514+0000] {processor.py:179} INFO - Processing /opt/airflow/dags/config.py took 0.036 seconds
[2023-08-28T15:13:34.979+0000] {processor.py:157} INFO - Started process (PID=565) to work on /opt/airflow/dags/config.py
[2023-08-28T15:13:34.981+0000] {processor.py:829} INFO - Processing file /opt/airflow/dags/config.py for tasks to queue
[2023-08-28T15:13:34.983+0000] {logging_mixin.py:151} INFO - [2023-08-28T15:13:34.983+0000] {dagbag.py:539} INFO - Filling up the DagBag from /opt/airflow/dags/config.py
[2023-08-28T15:13:34.993+0000] {processor.py:841} WARNING - No viable dags retrieved from /opt/airflow/dags/config.py
[2023-08-28T15:13:35.010+0000] {processor.py:179} INFO - Processing /opt/airflow/dags/config.py took 0.034 seconds
