[2023-08-24T19:23:33.053+0000] {processor.py:157} INFO - Started process (PID=165) to work on /opt/airflow/dags/config.py
[2023-08-24T19:23:33.055+0000] {processor.py:829} INFO - Processing file /opt/airflow/dags/config.py for tasks to queue
[2023-08-24T19:23:33.056+0000] {logging_mixin.py:151} INFO - [2023-08-24T19:23:33.056+0000] {dagbag.py:539} INFO - Filling up the DagBag from /opt/airflow/dags/config.py
[2023-08-24T19:23:33.063+0000] {processor.py:841} WARNING - No viable dags retrieved from /opt/airflow/dags/config.py
[2023-08-24T19:23:33.078+0000] {processor.py:179} INFO - Processing /opt/airflow/dags/config.py took 0.028 seconds
[2023-08-24T19:24:03.365+0000] {processor.py:157} INFO - Started process (PID=170) to work on /opt/airflow/dags/config.py
[2023-08-24T19:24:03.367+0000] {processor.py:829} INFO - Processing file /opt/airflow/dags/config.py for tasks to queue
[2023-08-24T19:24:03.369+0000] {logging_mixin.py:151} INFO - [2023-08-24T19:24:03.369+0000] {dagbag.py:539} INFO - Filling up the DagBag from /opt/airflow/dags/config.py
[2023-08-24T19:24:03.376+0000] {processor.py:841} WARNING - No viable dags retrieved from /opt/airflow/dags/config.py
[2023-08-24T19:24:03.390+0000] {processor.py:179} INFO - Processing /opt/airflow/dags/config.py took 0.028 seconds
[2023-08-24T19:24:33.696+0000] {processor.py:157} INFO - Started process (PID=175) to work on /opt/airflow/dags/config.py
[2023-08-24T19:24:33.698+0000] {processor.py:829} INFO - Processing file /opt/airflow/dags/config.py for tasks to queue
[2023-08-24T19:24:33.699+0000] {logging_mixin.py:151} INFO - [2023-08-24T19:24:33.699+0000] {dagbag.py:539} INFO - Filling up the DagBag from /opt/airflow/dags/config.py
[2023-08-24T19:24:33.707+0000] {processor.py:841} WARNING - No viable dags retrieved from /opt/airflow/dags/config.py
[2023-08-24T19:24:33.720+0000] {processor.py:179} INFO - Processing /opt/airflow/dags/config.py took 0.027 seconds
[2023-08-24T19:25:04.028+0000] {processor.py:157} INFO - Started process (PID=180) to work on /opt/airflow/dags/config.py
[2023-08-24T19:25:04.030+0000] {processor.py:829} INFO - Processing file /opt/airflow/dags/config.py for tasks to queue
[2023-08-24T19:25:04.032+0000] {logging_mixin.py:151} INFO - [2023-08-24T19:25:04.032+0000] {dagbag.py:539} INFO - Filling up the DagBag from /opt/airflow/dags/config.py
[2023-08-24T19:25:04.039+0000] {processor.py:841} WARNING - No viable dags retrieved from /opt/airflow/dags/config.py
[2023-08-24T19:25:04.055+0000] {processor.py:179} INFO - Processing /opt/airflow/dags/config.py took 0.031 seconds
[2023-08-24T19:25:34.430+0000] {processor.py:157} INFO - Started process (PID=185) to work on /opt/airflow/dags/config.py
[2023-08-24T19:25:34.431+0000] {processor.py:829} INFO - Processing file /opt/airflow/dags/config.py for tasks to queue
[2023-08-24T19:25:34.433+0000] {logging_mixin.py:151} INFO - [2023-08-24T19:25:34.433+0000] {dagbag.py:539} INFO - Filling up the DagBag from /opt/airflow/dags/config.py
[2023-08-24T19:25:34.441+0000] {processor.py:841} WARNING - No viable dags retrieved from /opt/airflow/dags/config.py
[2023-08-24T19:25:34.455+0000] {processor.py:179} INFO - Processing /opt/airflow/dags/config.py took 0.029 seconds
[2023-08-24T19:26:04.820+0000] {processor.py:157} INFO - Started process (PID=190) to work on /opt/airflow/dags/config.py
[2023-08-24T19:26:04.823+0000] {processor.py:829} INFO - Processing file /opt/airflow/dags/config.py for tasks to queue
[2023-08-24T19:26:04.824+0000] {logging_mixin.py:151} INFO - [2023-08-24T19:26:04.824+0000] {dagbag.py:539} INFO - Filling up the DagBag from /opt/airflow/dags/config.py
[2023-08-24T19:26:04.831+0000] {processor.py:841} WARNING - No viable dags retrieved from /opt/airflow/dags/config.py
[2023-08-24T19:26:04.845+0000] {processor.py:179} INFO - Processing /opt/airflow/dags/config.py took 0.027 seconds
[2023-08-24T19:26:35.229+0000] {processor.py:157} INFO - Started process (PID=195) to work on /opt/airflow/dags/config.py
[2023-08-24T19:26:35.231+0000] {processor.py:829} INFO - Processing file /opt/airflow/dags/config.py for tasks to queue
[2023-08-24T19:26:35.234+0000] {logging_mixin.py:151} INFO - [2023-08-24T19:26:35.233+0000] {dagbag.py:539} INFO - Filling up the DagBag from /opt/airflow/dags/config.py
[2023-08-24T19:26:35.241+0000] {processor.py:841} WARNING - No viable dags retrieved from /opt/airflow/dags/config.py
[2023-08-24T19:26:35.255+0000] {processor.py:179} INFO - Processing /opt/airflow/dags/config.py took 0.029 seconds
[2023-08-24T19:27:05.589+0000] {processor.py:157} INFO - Started process (PID=200) to work on /opt/airflow/dags/config.py
[2023-08-24T19:27:05.591+0000] {processor.py:829} INFO - Processing file /opt/airflow/dags/config.py for tasks to queue
[2023-08-24T19:27:05.593+0000] {logging_mixin.py:151} INFO - [2023-08-24T19:27:05.593+0000] {dagbag.py:539} INFO - Filling up the DagBag from /opt/airflow/dags/config.py
[2023-08-24T19:27:05.600+0000] {processor.py:841} WARNING - No viable dags retrieved from /opt/airflow/dags/config.py
[2023-08-24T19:27:05.614+0000] {processor.py:179} INFO - Processing /opt/airflow/dags/config.py took 0.027 seconds
[2023-08-24T19:27:35.952+0000] {processor.py:157} INFO - Started process (PID=205) to work on /opt/airflow/dags/config.py
[2023-08-24T19:27:35.954+0000] {processor.py:829} INFO - Processing file /opt/airflow/dags/config.py for tasks to queue
[2023-08-24T19:27:35.956+0000] {logging_mixin.py:151} INFO - [2023-08-24T19:27:35.956+0000] {dagbag.py:539} INFO - Filling up the DagBag from /opt/airflow/dags/config.py
[2023-08-24T19:27:35.962+0000] {processor.py:841} WARNING - No viable dags retrieved from /opt/airflow/dags/config.py
[2023-08-24T19:27:35.977+0000] {processor.py:179} INFO - Processing /opt/airflow/dags/config.py took 0.028 seconds
[2023-08-24T19:28:06.276+0000] {processor.py:157} INFO - Started process (PID=210) to work on /opt/airflow/dags/config.py
[2023-08-24T19:28:06.279+0000] {processor.py:829} INFO - Processing file /opt/airflow/dags/config.py for tasks to queue
[2023-08-24T19:28:06.280+0000] {logging_mixin.py:151} INFO - [2023-08-24T19:28:06.280+0000] {dagbag.py:539} INFO - Filling up the DagBag from /opt/airflow/dags/config.py
[2023-08-24T19:28:06.288+0000] {processor.py:841} WARNING - No viable dags retrieved from /opt/airflow/dags/config.py
[2023-08-24T19:28:06.303+0000] {processor.py:179} INFO - Processing /opt/airflow/dags/config.py took 0.031 seconds
[2023-08-24T19:28:36.672+0000] {processor.py:157} INFO - Started process (PID=215) to work on /opt/airflow/dags/config.py
[2023-08-24T19:28:36.674+0000] {processor.py:829} INFO - Processing file /opt/airflow/dags/config.py for tasks to queue
[2023-08-24T19:28:36.675+0000] {logging_mixin.py:151} INFO - [2023-08-24T19:28:36.675+0000] {dagbag.py:539} INFO - Filling up the DagBag from /opt/airflow/dags/config.py
[2023-08-24T19:28:36.682+0000] {processor.py:841} WARNING - No viable dags retrieved from /opt/airflow/dags/config.py
[2023-08-24T19:28:36.694+0000] {processor.py:179} INFO - Processing /opt/airflow/dags/config.py took 0.025 seconds
[2023-08-24T19:29:07.095+0000] {processor.py:157} INFO - Started process (PID=220) to work on /opt/airflow/dags/config.py
[2023-08-24T19:29:07.097+0000] {processor.py:829} INFO - Processing file /opt/airflow/dags/config.py for tasks to queue
[2023-08-24T19:29:07.099+0000] {logging_mixin.py:151} INFO - [2023-08-24T19:29:07.099+0000] {dagbag.py:539} INFO - Filling up the DagBag from /opt/airflow/dags/config.py
[2023-08-24T19:29:07.107+0000] {processor.py:841} WARNING - No viable dags retrieved from /opt/airflow/dags/config.py
[2023-08-24T19:29:07.121+0000] {processor.py:179} INFO - Processing /opt/airflow/dags/config.py took 0.028 seconds
[2023-08-24T19:29:37.455+0000] {processor.py:157} INFO - Started process (PID=225) to work on /opt/airflow/dags/config.py
[2023-08-24T19:29:37.457+0000] {processor.py:829} INFO - Processing file /opt/airflow/dags/config.py for tasks to queue
[2023-08-24T19:29:37.459+0000] {logging_mixin.py:151} INFO - [2023-08-24T19:29:37.459+0000] {dagbag.py:539} INFO - Filling up the DagBag from /opt/airflow/dags/config.py
[2023-08-24T19:29:37.465+0000] {processor.py:841} WARNING - No viable dags retrieved from /opt/airflow/dags/config.py
[2023-08-24T19:29:37.479+0000] {processor.py:179} INFO - Processing /opt/airflow/dags/config.py took 0.026 seconds
[2023-08-24T19:30:07.796+0000] {processor.py:157} INFO - Started process (PID=230) to work on /opt/airflow/dags/config.py
[2023-08-24T19:30:07.798+0000] {processor.py:829} INFO - Processing file /opt/airflow/dags/config.py for tasks to queue
[2023-08-24T19:30:07.800+0000] {logging_mixin.py:151} INFO - [2023-08-24T19:30:07.799+0000] {dagbag.py:539} INFO - Filling up the DagBag from /opt/airflow/dags/config.py
[2023-08-24T19:30:07.807+0000] {processor.py:841} WARNING - No viable dags retrieved from /opt/airflow/dags/config.py
[2023-08-24T19:30:07.821+0000] {processor.py:179} INFO - Processing /opt/airflow/dags/config.py took 0.027 seconds
[2023-08-24T19:30:38.142+0000] {processor.py:157} INFO - Started process (PID=235) to work on /opt/airflow/dags/config.py
[2023-08-24T19:30:38.144+0000] {processor.py:829} INFO - Processing file /opt/airflow/dags/config.py for tasks to queue
[2023-08-24T19:30:38.146+0000] {logging_mixin.py:151} INFO - [2023-08-24T19:30:38.146+0000] {dagbag.py:539} INFO - Filling up the DagBag from /opt/airflow/dags/config.py
[2023-08-24T19:30:38.154+0000] {processor.py:841} WARNING - No viable dags retrieved from /opt/airflow/dags/config.py
[2023-08-24T19:30:38.170+0000] {processor.py:179} INFO - Processing /opt/airflow/dags/config.py took 0.030 seconds
[2023-08-24T19:31:08.574+0000] {processor.py:157} INFO - Started process (PID=240) to work on /opt/airflow/dags/config.py
[2023-08-24T19:31:08.576+0000] {processor.py:829} INFO - Processing file /opt/airflow/dags/config.py for tasks to queue
[2023-08-24T19:31:08.577+0000] {logging_mixin.py:151} INFO - [2023-08-24T19:31:08.577+0000] {dagbag.py:539} INFO - Filling up the DagBag from /opt/airflow/dags/config.py
[2023-08-24T19:31:08.585+0000] {processor.py:841} WARNING - No viable dags retrieved from /opt/airflow/dags/config.py
[2023-08-24T19:31:08.599+0000] {processor.py:179} INFO - Processing /opt/airflow/dags/config.py took 0.028 seconds
[2023-08-24T19:31:38.945+0000] {processor.py:157} INFO - Started process (PID=245) to work on /opt/airflow/dags/config.py
[2023-08-24T19:31:38.947+0000] {processor.py:829} INFO - Processing file /opt/airflow/dags/config.py for tasks to queue
[2023-08-24T19:31:38.949+0000] {logging_mixin.py:151} INFO - [2023-08-24T19:31:38.949+0000] {dagbag.py:539} INFO - Filling up the DagBag from /opt/airflow/dags/config.py
[2023-08-24T19:31:38.957+0000] {processor.py:841} WARNING - No viable dags retrieved from /opt/airflow/dags/config.py
[2023-08-24T19:31:38.970+0000] {processor.py:179} INFO - Processing /opt/airflow/dags/config.py took 0.028 seconds
[2023-08-24T19:32:09.325+0000] {processor.py:157} INFO - Started process (PID=250) to work on /opt/airflow/dags/config.py
[2023-08-24T19:32:09.326+0000] {processor.py:829} INFO - Processing file /opt/airflow/dags/config.py for tasks to queue
[2023-08-24T19:32:09.328+0000] {logging_mixin.py:151} INFO - [2023-08-24T19:32:09.328+0000] {dagbag.py:539} INFO - Filling up the DagBag from /opt/airflow/dags/config.py
[2023-08-24T19:32:09.337+0000] {processor.py:841} WARNING - No viable dags retrieved from /opt/airflow/dags/config.py
[2023-08-24T19:32:09.350+0000] {processor.py:179} INFO - Processing /opt/airflow/dags/config.py took 0.029 seconds
[2023-08-24T19:32:39.651+0000] {processor.py:157} INFO - Started process (PID=255) to work on /opt/airflow/dags/config.py
[2023-08-24T19:32:39.653+0000] {processor.py:829} INFO - Processing file /opt/airflow/dags/config.py for tasks to queue
[2023-08-24T19:32:39.655+0000] {logging_mixin.py:151} INFO - [2023-08-24T19:32:39.655+0000] {dagbag.py:539} INFO - Filling up the DagBag from /opt/airflow/dags/config.py
[2023-08-24T19:32:39.662+0000] {processor.py:841} WARNING - No viable dags retrieved from /opt/airflow/dags/config.py
[2023-08-24T19:32:39.953+0000] {processor.py:179} INFO - Processing /opt/airflow/dags/config.py took 0.305 seconds
[2023-08-24T19:33:10.167+0000] {processor.py:157} INFO - Started process (PID=260) to work on /opt/airflow/dags/config.py
[2023-08-24T19:33:10.170+0000] {processor.py:829} INFO - Processing file /opt/airflow/dags/config.py for tasks to queue
[2023-08-24T19:33:10.171+0000] {logging_mixin.py:151} INFO - [2023-08-24T19:33:10.171+0000] {dagbag.py:539} INFO - Filling up the DagBag from /opt/airflow/dags/config.py
[2023-08-24T19:33:10.178+0000] {processor.py:841} WARNING - No viable dags retrieved from /opt/airflow/dags/config.py
[2023-08-24T19:33:10.191+0000] {processor.py:179} INFO - Processing /opt/airflow/dags/config.py took 0.027 seconds
[2023-08-24T19:33:40.613+0000] {processor.py:157} INFO - Started process (PID=265) to work on /opt/airflow/dags/config.py
[2023-08-24T19:33:40.615+0000] {processor.py:829} INFO - Processing file /opt/airflow/dags/config.py for tasks to queue
[2023-08-24T19:33:40.617+0000] {logging_mixin.py:151} INFO - [2023-08-24T19:33:40.617+0000] {dagbag.py:539} INFO - Filling up the DagBag from /opt/airflow/dags/config.py
[2023-08-24T19:33:40.625+0000] {processor.py:841} WARNING - No viable dags retrieved from /opt/airflow/dags/config.py
[2023-08-24T19:33:40.641+0000] {processor.py:179} INFO - Processing /opt/airflow/dags/config.py took 0.031 seconds
[2023-08-24T19:34:11.018+0000] {processor.py:157} INFO - Started process (PID=270) to work on /opt/airflow/dags/config.py
[2023-08-24T19:34:11.021+0000] {processor.py:829} INFO - Processing file /opt/airflow/dags/config.py for tasks to queue
[2023-08-24T19:34:11.022+0000] {logging_mixin.py:151} INFO - [2023-08-24T19:34:11.022+0000] {dagbag.py:539} INFO - Filling up the DagBag from /opt/airflow/dags/config.py
[2023-08-24T19:34:11.030+0000] {processor.py:841} WARNING - No viable dags retrieved from /opt/airflow/dags/config.py
[2023-08-24T19:34:11.045+0000] {processor.py:179} INFO - Processing /opt/airflow/dags/config.py took 0.030 seconds
[2023-08-24T19:34:41.429+0000] {processor.py:157} INFO - Started process (PID=275) to work on /opt/airflow/dags/config.py
[2023-08-24T19:34:41.432+0000] {processor.py:829} INFO - Processing file /opt/airflow/dags/config.py for tasks to queue
[2023-08-24T19:34:41.434+0000] {logging_mixin.py:151} INFO - [2023-08-24T19:34:41.434+0000] {dagbag.py:539} INFO - Filling up the DagBag from /opt/airflow/dags/config.py
[2023-08-24T19:34:41.445+0000] {processor.py:841} WARNING - No viable dags retrieved from /opt/airflow/dags/config.py
[2023-08-24T19:34:41.465+0000] {processor.py:179} INFO - Processing /opt/airflow/dags/config.py took 0.039 seconds
[2023-08-24T19:35:11.887+0000] {processor.py:157} INFO - Started process (PID=280) to work on /opt/airflow/dags/config.py
[2023-08-24T19:35:11.889+0000] {processor.py:829} INFO - Processing file /opt/airflow/dags/config.py for tasks to queue
[2023-08-24T19:35:11.891+0000] {logging_mixin.py:151} INFO - [2023-08-24T19:35:11.890+0000] {dagbag.py:539} INFO - Filling up the DagBag from /opt/airflow/dags/config.py
[2023-08-24T19:35:11.898+0000] {processor.py:841} WARNING - No viable dags retrieved from /opt/airflow/dags/config.py
[2023-08-24T19:35:11.913+0000] {processor.py:179} INFO - Processing /opt/airflow/dags/config.py took 0.029 seconds
[2023-08-24T19:35:42.360+0000] {processor.py:157} INFO - Started process (PID=285) to work on /opt/airflow/dags/config.py
[2023-08-24T19:35:42.362+0000] {processor.py:829} INFO - Processing file /opt/airflow/dags/config.py for tasks to queue
[2023-08-24T19:35:42.363+0000] {logging_mixin.py:151} INFO - [2023-08-24T19:35:42.363+0000] {dagbag.py:539} INFO - Filling up the DagBag from /opt/airflow/dags/config.py
[2023-08-24T19:35:42.370+0000] {processor.py:841} WARNING - No viable dags retrieved from /opt/airflow/dags/config.py
[2023-08-24T19:35:42.385+0000] {processor.py:179} INFO - Processing /opt/airflow/dags/config.py took 0.028 seconds
[2023-08-24T19:36:12.748+0000] {processor.py:157} INFO - Started process (PID=290) to work on /opt/airflow/dags/config.py
[2023-08-24T19:36:12.751+0000] {processor.py:829} INFO - Processing file /opt/airflow/dags/config.py for tasks to queue
[2023-08-24T19:36:12.752+0000] {logging_mixin.py:151} INFO - [2023-08-24T19:36:12.752+0000] {dagbag.py:539} INFO - Filling up the DagBag from /opt/airflow/dags/config.py
[2023-08-24T19:36:12.759+0000] {processor.py:841} WARNING - No viable dags retrieved from /opt/airflow/dags/config.py
[2023-08-24T19:36:12.771+0000] {processor.py:179} INFO - Processing /opt/airflow/dags/config.py took 0.025 seconds
[2023-08-24T19:36:43.123+0000] {processor.py:157} INFO - Started process (PID=295) to work on /opt/airflow/dags/config.py
[2023-08-24T19:36:43.125+0000] {processor.py:829} INFO - Processing file /opt/airflow/dags/config.py for tasks to queue
[2023-08-24T19:36:43.127+0000] {logging_mixin.py:151} INFO - [2023-08-24T19:36:43.127+0000] {dagbag.py:539} INFO - Filling up the DagBag from /opt/airflow/dags/config.py
[2023-08-24T19:36:43.134+0000] {processor.py:841} WARNING - No viable dags retrieved from /opt/airflow/dags/config.py
[2023-08-24T19:36:43.147+0000] {processor.py:179} INFO - Processing /opt/airflow/dags/config.py took 0.027 seconds
[2023-08-24T19:37:13.474+0000] {processor.py:157} INFO - Started process (PID=300) to work on /opt/airflow/dags/config.py
[2023-08-24T19:37:13.476+0000] {processor.py:829} INFO - Processing file /opt/airflow/dags/config.py for tasks to queue
[2023-08-24T19:37:13.478+0000] {logging_mixin.py:151} INFO - [2023-08-24T19:37:13.478+0000] {dagbag.py:539} INFO - Filling up the DagBag from /opt/airflow/dags/config.py
[2023-08-24T19:37:13.484+0000] {processor.py:841} WARNING - No viable dags retrieved from /opt/airflow/dags/config.py
[2023-08-24T19:37:13.499+0000] {processor.py:179} INFO - Processing /opt/airflow/dags/config.py took 0.027 seconds
[2023-08-24T19:37:43.889+0000] {processor.py:157} INFO - Started process (PID=305) to work on /opt/airflow/dags/config.py
[2023-08-24T19:37:43.891+0000] {processor.py:829} INFO - Processing file /opt/airflow/dags/config.py for tasks to queue
[2023-08-24T19:37:43.894+0000] {logging_mixin.py:151} INFO - [2023-08-24T19:37:43.893+0000] {dagbag.py:539} INFO - Filling up the DagBag from /opt/airflow/dags/config.py
[2023-08-24T19:37:43.902+0000] {processor.py:841} WARNING - No viable dags retrieved from /opt/airflow/dags/config.py
[2023-08-24T19:37:43.917+0000] {processor.py:179} INFO - Processing /opt/airflow/dags/config.py took 0.032 seconds
[2023-08-24T19:38:14.294+0000] {processor.py:157} INFO - Started process (PID=310) to work on /opt/airflow/dags/config.py
[2023-08-24T19:38:14.296+0000] {processor.py:829} INFO - Processing file /opt/airflow/dags/config.py for tasks to queue
[2023-08-24T19:38:14.298+0000] {logging_mixin.py:151} INFO - [2023-08-24T19:38:14.297+0000] {dagbag.py:539} INFO - Filling up the DagBag from /opt/airflow/dags/config.py
[2023-08-24T19:38:14.304+0000] {processor.py:841} WARNING - No viable dags retrieved from /opt/airflow/dags/config.py
[2023-08-24T19:38:14.321+0000] {processor.py:179} INFO - Processing /opt/airflow/dags/config.py took 0.030 seconds
