[2023-08-19T00:07:30.876+0000] {processor.py:157} INFO - Started process (PID=549) to work on /opt/airflow/dags/config.py
[2023-08-19T00:07:30.881+0000] {processor.py:829} INFO - Processing file /opt/airflow/dags/config.py for tasks to queue
[2023-08-19T00:07:30.886+0000] {logging_mixin.py:151} INFO - [2023-08-19T00:07:30.884+0000] {dagbag.py:539} INFO - Filling up the DagBag from /opt/airflow/dags/config.py
[2023-08-19T00:07:30.920+0000] {processor.py:841} WARNING - No viable dags retrieved from /opt/airflow/dags/config.py
[2023-08-19T00:07:30.951+0000] {processor.py:179} INFO - Processing /opt/airflow/dags/config.py took 0.081 seconds
[2023-08-19T00:08:01.212+0000] {processor.py:157} INFO - Started process (PID=554) to work on /opt/airflow/dags/config.py
[2023-08-19T00:08:01.214+0000] {processor.py:829} INFO - Processing file /opt/airflow/dags/config.py for tasks to queue
[2023-08-19T00:08:01.216+0000] {logging_mixin.py:151} INFO - [2023-08-19T00:08:01.215+0000] {dagbag.py:539} INFO - Filling up the DagBag from /opt/airflow/dags/config.py
[2023-08-19T00:08:01.223+0000] {processor.py:841} WARNING - No viable dags retrieved from /opt/airflow/dags/config.py
[2023-08-19T00:08:01.235+0000] {processor.py:179} INFO - Processing /opt/airflow/dags/config.py took 0.025 seconds
[2023-08-19T00:08:31.594+0000] {processor.py:157} INFO - Started process (PID=559) to work on /opt/airflow/dags/config.py
[2023-08-19T00:08:31.597+0000] {processor.py:829} INFO - Processing file /opt/airflow/dags/config.py for tasks to queue
[2023-08-19T00:08:31.599+0000] {logging_mixin.py:151} INFO - [2023-08-19T00:08:31.598+0000] {dagbag.py:539} INFO - Filling up the DagBag from /opt/airflow/dags/config.py
[2023-08-19T00:08:31.606+0000] {processor.py:841} WARNING - No viable dags retrieved from /opt/airflow/dags/config.py
[2023-08-19T00:08:31.620+0000] {processor.py:179} INFO - Processing /opt/airflow/dags/config.py took 0.029 seconds
[2023-08-19T00:09:02.023+0000] {processor.py:157} INFO - Started process (PID=564) to work on /opt/airflow/dags/config.py
[2023-08-19T00:09:02.026+0000] {processor.py:829} INFO - Processing file /opt/airflow/dags/config.py for tasks to queue
[2023-08-19T00:09:02.027+0000] {logging_mixin.py:151} INFO - [2023-08-19T00:09:02.027+0000] {dagbag.py:539} INFO - Filling up the DagBag from /opt/airflow/dags/config.py
[2023-08-19T00:09:02.034+0000] {processor.py:841} WARNING - No viable dags retrieved from /opt/airflow/dags/config.py
[2023-08-19T00:09:02.049+0000] {processor.py:179} INFO - Processing /opt/airflow/dags/config.py took 0.028 seconds
[2023-08-19T00:09:32.406+0000] {processor.py:157} INFO - Started process (PID=569) to work on /opt/airflow/dags/config.py
[2023-08-19T00:09:32.408+0000] {processor.py:829} INFO - Processing file /opt/airflow/dags/config.py for tasks to queue
[2023-08-19T00:09:32.410+0000] {logging_mixin.py:151} INFO - [2023-08-19T00:09:32.410+0000] {dagbag.py:539} INFO - Filling up the DagBag from /opt/airflow/dags/config.py
[2023-08-19T00:09:32.418+0000] {processor.py:841} WARNING - No viable dags retrieved from /opt/airflow/dags/config.py
[2023-08-19T00:09:32.432+0000] {processor.py:179} INFO - Processing /opt/airflow/dags/config.py took 0.029 seconds
[2023-08-19T00:10:02.810+0000] {processor.py:157} INFO - Started process (PID=574) to work on /opt/airflow/dags/config.py
[2023-08-19T00:10:02.812+0000] {processor.py:829} INFO - Processing file /opt/airflow/dags/config.py for tasks to queue
[2023-08-19T00:10:02.814+0000] {logging_mixin.py:151} INFO - [2023-08-19T00:10:02.814+0000] {dagbag.py:539} INFO - Filling up the DagBag from /opt/airflow/dags/config.py
[2023-08-19T00:10:02.820+0000] {processor.py:841} WARNING - No viable dags retrieved from /opt/airflow/dags/config.py
[2023-08-19T00:10:02.834+0000] {processor.py:179} INFO - Processing /opt/airflow/dags/config.py took 0.027 seconds
[2023-08-19T00:10:33.290+0000] {processor.py:157} INFO - Started process (PID=579) to work on /opt/airflow/dags/config.py
[2023-08-19T00:10:33.292+0000] {processor.py:829} INFO - Processing file /opt/airflow/dags/config.py for tasks to queue
[2023-08-19T00:10:33.295+0000] {logging_mixin.py:151} INFO - [2023-08-19T00:10:33.294+0000] {dagbag.py:539} INFO - Filling up the DagBag from /opt/airflow/dags/config.py
[2023-08-19T00:10:33.301+0000] {processor.py:841} WARNING - No viable dags retrieved from /opt/airflow/dags/config.py
[2023-08-19T00:10:33.317+0000] {processor.py:179} INFO - Processing /opt/airflow/dags/config.py took 0.030 seconds
[2023-08-19T00:11:03.686+0000] {processor.py:157} INFO - Started process (PID=584) to work on /opt/airflow/dags/config.py
[2023-08-19T00:11:03.688+0000] {processor.py:829} INFO - Processing file /opt/airflow/dags/config.py for tasks to queue
[2023-08-19T00:11:03.690+0000] {logging_mixin.py:151} INFO - [2023-08-19T00:11:03.690+0000] {dagbag.py:539} INFO - Filling up the DagBag from /opt/airflow/dags/config.py
[2023-08-19T00:11:03.696+0000] {processor.py:841} WARNING - No viable dags retrieved from /opt/airflow/dags/config.py
[2023-08-19T00:11:03.712+0000] {processor.py:179} INFO - Processing /opt/airflow/dags/config.py took 0.029 seconds
[2023-08-19T00:23:36.470+0000] {processor.py:157} INFO - Started process (PID=591) to work on /opt/airflow/dags/config.py
[2023-08-19T00:23:36.474+0000] {processor.py:829} INFO - Processing file /opt/airflow/dags/config.py for tasks to queue
[2023-08-19T00:23:36.478+0000] {logging_mixin.py:151} INFO - [2023-08-19T00:23:36.476+0000] {dagbag.py:539} INFO - Filling up the DagBag from /opt/airflow/dags/config.py
[2023-08-19T00:23:36.493+0000] {processor.py:841} WARNING - No viable dags retrieved from /opt/airflow/dags/config.py
[2023-08-19T00:23:36.518+0000] {processor.py:179} INFO - Processing /opt/airflow/dags/config.py took 0.055 seconds
[2023-08-19T00:45:27.453+0000] {processor.py:157} INFO - Started process (PID=596) to work on /opt/airflow/dags/config.py
[2023-08-19T00:45:27.456+0000] {processor.py:829} INFO - Processing file /opt/airflow/dags/config.py for tasks to queue
[2023-08-19T00:45:27.459+0000] {logging_mixin.py:151} INFO - [2023-08-19T00:45:27.458+0000] {dagbag.py:539} INFO - Filling up the DagBag from /opt/airflow/dags/config.py
[2023-08-19T00:45:27.471+0000] {processor.py:841} WARNING - No viable dags retrieved from /opt/airflow/dags/config.py
[2023-08-19T00:45:27.491+0000] {processor.py:179} INFO - Processing /opt/airflow/dags/config.py took 0.047 seconds
[2023-08-19T00:45:57.814+0000] {processor.py:157} INFO - Started process (PID=601) to work on /opt/airflow/dags/config.py
[2023-08-19T00:45:57.816+0000] {processor.py:829} INFO - Processing file /opt/airflow/dags/config.py for tasks to queue
[2023-08-19T00:45:57.818+0000] {logging_mixin.py:151} INFO - [2023-08-19T00:45:57.818+0000] {dagbag.py:539} INFO - Filling up the DagBag from /opt/airflow/dags/config.py
[2023-08-19T00:45:57.825+0000] {processor.py:841} WARNING - No viable dags retrieved from /opt/airflow/dags/config.py
[2023-08-19T00:45:57.839+0000] {processor.py:179} INFO - Processing /opt/airflow/dags/config.py took 0.028 seconds
[2023-08-19T00:46:28.274+0000] {processor.py:157} INFO - Started process (PID=606) to work on /opt/airflow/dags/config.py
[2023-08-19T00:46:28.276+0000] {processor.py:829} INFO - Processing file /opt/airflow/dags/config.py for tasks to queue
[2023-08-19T00:46:28.279+0000] {logging_mixin.py:151} INFO - [2023-08-19T00:46:28.278+0000] {dagbag.py:539} INFO - Filling up the DagBag from /opt/airflow/dags/config.py
[2023-08-19T00:46:28.287+0000] {processor.py:841} WARNING - No viable dags retrieved from /opt/airflow/dags/config.py
[2023-08-19T00:46:28.303+0000] {processor.py:179} INFO - Processing /opt/airflow/dags/config.py took 0.034 seconds
[2023-08-19T00:46:58.683+0000] {processor.py:157} INFO - Started process (PID=611) to work on /opt/airflow/dags/config.py
[2023-08-19T00:46:58.685+0000] {processor.py:829} INFO - Processing file /opt/airflow/dags/config.py for tasks to queue
[2023-08-19T00:46:58.686+0000] {logging_mixin.py:151} INFO - [2023-08-19T00:46:58.686+0000] {dagbag.py:539} INFO - Filling up the DagBag from /opt/airflow/dags/config.py
[2023-08-19T00:46:58.691+0000] {processor.py:841} WARNING - No viable dags retrieved from /opt/airflow/dags/config.py
[2023-08-19T00:46:58.705+0000] {processor.py:179} INFO - Processing /opt/airflow/dags/config.py took 0.025 seconds
[2023-08-19T00:47:29.107+0000] {processor.py:157} INFO - Started process (PID=616) to work on /opt/airflow/dags/config.py
[2023-08-19T00:47:29.110+0000] {processor.py:829} INFO - Processing file /opt/airflow/dags/config.py for tasks to queue
[2023-08-19T00:47:29.112+0000] {logging_mixin.py:151} INFO - [2023-08-19T00:47:29.112+0000] {dagbag.py:539} INFO - Filling up the DagBag from /opt/airflow/dags/config.py
[2023-08-19T00:47:29.119+0000] {processor.py:841} WARNING - No viable dags retrieved from /opt/airflow/dags/config.py
[2023-08-19T00:47:29.133+0000] {processor.py:179} INFO - Processing /opt/airflow/dags/config.py took 0.028 seconds
[2023-08-19T00:47:59.443+0000] {processor.py:157} INFO - Started process (PID=621) to work on /opt/airflow/dags/config.py
[2023-08-19T00:47:59.447+0000] {processor.py:829} INFO - Processing file /opt/airflow/dags/config.py for tasks to queue
[2023-08-19T00:47:59.448+0000] {logging_mixin.py:151} INFO - [2023-08-19T00:47:59.448+0000] {dagbag.py:539} INFO - Filling up the DagBag from /opt/airflow/dags/config.py
[2023-08-19T00:47:59.455+0000] {processor.py:841} WARNING - No viable dags retrieved from /opt/airflow/dags/config.py
[2023-08-19T00:47:59.471+0000] {processor.py:179} INFO - Processing /opt/airflow/dags/config.py took 0.031 seconds
[2023-08-19T00:48:29.838+0000] {processor.py:157} INFO - Started process (PID=626) to work on /opt/airflow/dags/config.py
[2023-08-19T00:48:29.841+0000] {processor.py:829} INFO - Processing file /opt/airflow/dags/config.py for tasks to queue
[2023-08-19T00:48:29.843+0000] {logging_mixin.py:151} INFO - [2023-08-19T00:48:29.843+0000] {dagbag.py:539} INFO - Filling up the DagBag from /opt/airflow/dags/config.py
[2023-08-19T00:48:29.852+0000] {processor.py:841} WARNING - No viable dags retrieved from /opt/airflow/dags/config.py
[2023-08-19T00:48:29.870+0000] {processor.py:179} INFO - Processing /opt/airflow/dags/config.py took 0.036 seconds
[2023-08-19T00:49:00.292+0000] {processor.py:157} INFO - Started process (PID=631) to work on /opt/airflow/dags/config.py
[2023-08-19T00:49:00.294+0000] {processor.py:829} INFO - Processing file /opt/airflow/dags/config.py for tasks to queue
[2023-08-19T00:49:00.296+0000] {logging_mixin.py:151} INFO - [2023-08-19T00:49:00.296+0000] {dagbag.py:539} INFO - Filling up the DagBag from /opt/airflow/dags/config.py
[2023-08-19T00:49:00.304+0000] {processor.py:841} WARNING - No viable dags retrieved from /opt/airflow/dags/config.py
[2023-08-19T00:49:00.319+0000] {processor.py:179} INFO - Processing /opt/airflow/dags/config.py took 0.030 seconds
[2023-08-19T00:49:30.779+0000] {processor.py:157} INFO - Started process (PID=636) to work on /opt/airflow/dags/config.py
[2023-08-19T00:49:30.783+0000] {processor.py:829} INFO - Processing file /opt/airflow/dags/config.py for tasks to queue
[2023-08-19T00:49:30.785+0000] {logging_mixin.py:151} INFO - [2023-08-19T00:49:30.784+0000] {dagbag.py:539} INFO - Filling up the DagBag from /opt/airflow/dags/config.py
[2023-08-19T00:49:30.793+0000] {processor.py:841} WARNING - No viable dags retrieved from /opt/airflow/dags/config.py
[2023-08-19T00:49:30.807+0000] {processor.py:179} INFO - Processing /opt/airflow/dags/config.py took 0.031 seconds
[2023-08-19T00:50:01.269+0000] {processor.py:157} INFO - Started process (PID=641) to work on /opt/airflow/dags/config.py
[2023-08-19T00:50:01.271+0000] {processor.py:829} INFO - Processing file /opt/airflow/dags/config.py for tasks to queue
[2023-08-19T00:50:01.273+0000] {logging_mixin.py:151} INFO - [2023-08-19T00:50:01.273+0000] {dagbag.py:539} INFO - Filling up the DagBag from /opt/airflow/dags/config.py
[2023-08-19T00:50:01.282+0000] {processor.py:841} WARNING - No viable dags retrieved from /opt/airflow/dags/config.py
[2023-08-19T00:50:01.296+0000] {processor.py:179} INFO - Processing /opt/airflow/dags/config.py took 0.030 seconds
[2023-08-19T00:50:31.818+0000] {processor.py:157} INFO - Started process (PID=646) to work on /opt/airflow/dags/config.py
[2023-08-19T00:50:31.821+0000] {processor.py:829} INFO - Processing file /opt/airflow/dags/config.py for tasks to queue
[2023-08-19T00:50:31.823+0000] {logging_mixin.py:151} INFO - [2023-08-19T00:50:31.822+0000] {dagbag.py:539} INFO - Filling up the DagBag from /opt/airflow/dags/config.py
[2023-08-19T00:50:31.830+0000] {processor.py:841} WARNING - No viable dags retrieved from /opt/airflow/dags/config.py
[2023-08-19T00:50:31.844+0000] {processor.py:179} INFO - Processing /opt/airflow/dags/config.py took 0.030 seconds
[2023-08-19T00:51:02.236+0000] {processor.py:157} INFO - Started process (PID=651) to work on /opt/airflow/dags/config.py
[2023-08-19T00:51:02.239+0000] {processor.py:829} INFO - Processing file /opt/airflow/dags/config.py for tasks to queue
[2023-08-19T00:51:02.242+0000] {logging_mixin.py:151} INFO - [2023-08-19T00:51:02.241+0000] {dagbag.py:539} INFO - Filling up the DagBag from /opt/airflow/dags/config.py
[2023-08-19T00:51:02.249+0000] {processor.py:841} WARNING - No viable dags retrieved from /opt/airflow/dags/config.py
[2023-08-19T00:51:02.261+0000] {processor.py:179} INFO - Processing /opt/airflow/dags/config.py took 0.028 seconds
[2023-08-19T00:51:32.616+0000] {processor.py:157} INFO - Started process (PID=656) to work on /opt/airflow/dags/config.py
[2023-08-19T00:51:32.619+0000] {processor.py:829} INFO - Processing file /opt/airflow/dags/config.py for tasks to queue
[2023-08-19T00:51:32.621+0000] {logging_mixin.py:151} INFO - [2023-08-19T00:51:32.621+0000] {dagbag.py:539} INFO - Filling up the DagBag from /opt/airflow/dags/config.py
[2023-08-19T00:51:32.630+0000] {processor.py:841} WARNING - No viable dags retrieved from /opt/airflow/dags/config.py
[2023-08-19T00:51:32.648+0000] {processor.py:179} INFO - Processing /opt/airflow/dags/config.py took 0.035 seconds
[2023-08-19T00:52:03.056+0000] {processor.py:157} INFO - Started process (PID=661) to work on /opt/airflow/dags/config.py
[2023-08-19T00:52:03.059+0000] {processor.py:829} INFO - Processing file /opt/airflow/dags/config.py for tasks to queue
[2023-08-19T00:52:03.061+0000] {logging_mixin.py:151} INFO - [2023-08-19T00:52:03.061+0000] {dagbag.py:539} INFO - Filling up the DagBag from /opt/airflow/dags/config.py
[2023-08-19T00:52:03.069+0000] {processor.py:841} WARNING - No viable dags retrieved from /opt/airflow/dags/config.py
[2023-08-19T00:52:03.082+0000] {processor.py:179} INFO - Processing /opt/airflow/dags/config.py took 0.029 seconds
[2023-08-19T00:52:33.491+0000] {processor.py:157} INFO - Started process (PID=666) to work on /opt/airflow/dags/config.py
[2023-08-19T00:52:33.494+0000] {processor.py:829} INFO - Processing file /opt/airflow/dags/config.py for tasks to queue
[2023-08-19T00:52:33.495+0000] {logging_mixin.py:151} INFO - [2023-08-19T00:52:33.495+0000] {dagbag.py:539} INFO - Filling up the DagBag from /opt/airflow/dags/config.py
[2023-08-19T00:52:33.503+0000] {processor.py:841} WARNING - No viable dags retrieved from /opt/airflow/dags/config.py
[2023-08-19T00:52:33.517+0000] {processor.py:179} INFO - Processing /opt/airflow/dags/config.py took 0.029 seconds
[2023-08-19T00:53:04.034+0000] {processor.py:157} INFO - Started process (PID=671) to work on /opt/airflow/dags/config.py
[2023-08-19T00:53:04.036+0000] {processor.py:829} INFO - Processing file /opt/airflow/dags/config.py for tasks to queue
[2023-08-19T00:53:04.038+0000] {logging_mixin.py:151} INFO - [2023-08-19T00:53:04.037+0000] {dagbag.py:539} INFO - Filling up the DagBag from /opt/airflow/dags/config.py
[2023-08-19T00:53:04.045+0000] {processor.py:841} WARNING - No viable dags retrieved from /opt/airflow/dags/config.py
[2023-08-19T00:53:04.059+0000] {processor.py:179} INFO - Processing /opt/airflow/dags/config.py took 0.028 seconds
[2023-08-19T00:53:34.438+0000] {processor.py:157} INFO - Started process (PID=676) to work on /opt/airflow/dags/config.py
[2023-08-19T00:53:34.441+0000] {processor.py:829} INFO - Processing file /opt/airflow/dags/config.py for tasks to queue
[2023-08-19T00:53:34.443+0000] {logging_mixin.py:151} INFO - [2023-08-19T00:53:34.443+0000] {dagbag.py:539} INFO - Filling up the DagBag from /opt/airflow/dags/config.py
[2023-08-19T00:53:34.452+0000] {processor.py:841} WARNING - No viable dags retrieved from /opt/airflow/dags/config.py
[2023-08-19T00:53:34.469+0000] {processor.py:179} INFO - Processing /opt/airflow/dags/config.py took 0.033 seconds
[2023-08-19T00:54:04.944+0000] {processor.py:157} INFO - Started process (PID=681) to work on /opt/airflow/dags/config.py
[2023-08-19T00:54:04.947+0000] {processor.py:829} INFO - Processing file /opt/airflow/dags/config.py for tasks to queue
[2023-08-19T00:54:04.949+0000] {logging_mixin.py:151} INFO - [2023-08-19T00:54:04.949+0000] {dagbag.py:539} INFO - Filling up the DagBag from /opt/airflow/dags/config.py
[2023-08-19T00:54:04.957+0000] {processor.py:841} WARNING - No viable dags retrieved from /opt/airflow/dags/config.py
[2023-08-19T00:54:04.971+0000] {processor.py:179} INFO - Processing /opt/airflow/dags/config.py took 0.030 seconds
[2023-08-19T00:54:35.450+0000] {processor.py:157} INFO - Started process (PID=686) to work on /opt/airflow/dags/config.py
[2023-08-19T00:54:35.453+0000] {processor.py:829} INFO - Processing file /opt/airflow/dags/config.py for tasks to queue
[2023-08-19T00:54:35.454+0000] {logging_mixin.py:151} INFO - [2023-08-19T00:54:35.454+0000] {dagbag.py:539} INFO - Filling up the DagBag from /opt/airflow/dags/config.py
[2023-08-19T00:54:35.461+0000] {processor.py:841} WARNING - No viable dags retrieved from /opt/airflow/dags/config.py
[2023-08-19T00:54:35.477+0000] {processor.py:179} INFO - Processing /opt/airflow/dags/config.py took 0.030 seconds
[2023-08-19T00:55:05.810+0000] {processor.py:157} INFO - Started process (PID=691) to work on /opt/airflow/dags/config.py
[2023-08-19T00:55:05.812+0000] {processor.py:829} INFO - Processing file /opt/airflow/dags/config.py for tasks to queue
[2023-08-19T00:55:05.814+0000] {logging_mixin.py:151} INFO - [2023-08-19T00:55:05.814+0000] {dagbag.py:539} INFO - Filling up the DagBag from /opt/airflow/dags/config.py
[2023-08-19T00:55:05.822+0000] {processor.py:841} WARNING - No viable dags retrieved from /opt/airflow/dags/config.py
[2023-08-19T00:55:05.837+0000] {processor.py:179} INFO - Processing /opt/airflow/dags/config.py took 0.029 seconds
[2023-08-19T00:55:36.198+0000] {processor.py:157} INFO - Started process (PID=696) to work on /opt/airflow/dags/config.py
[2023-08-19T00:55:36.201+0000] {processor.py:829} INFO - Processing file /opt/airflow/dags/config.py for tasks to queue
[2023-08-19T00:55:36.202+0000] {logging_mixin.py:151} INFO - [2023-08-19T00:55:36.202+0000] {dagbag.py:539} INFO - Filling up the DagBag from /opt/airflow/dags/config.py
[2023-08-19T00:55:36.209+0000] {processor.py:841} WARNING - No viable dags retrieved from /opt/airflow/dags/config.py
[2023-08-19T00:55:36.224+0000] {processor.py:179} INFO - Processing /opt/airflow/dags/config.py took 0.029 seconds
[2023-08-19T00:56:06.538+0000] {processor.py:157} INFO - Started process (PID=701) to work on /opt/airflow/dags/config.py
[2023-08-19T00:56:06.540+0000] {processor.py:829} INFO - Processing file /opt/airflow/dags/config.py for tasks to queue
[2023-08-19T00:56:06.542+0000] {logging_mixin.py:151} INFO - [2023-08-19T00:56:06.542+0000] {dagbag.py:539} INFO - Filling up the DagBag from /opt/airflow/dags/config.py
[2023-08-19T00:56:06.550+0000] {processor.py:841} WARNING - No viable dags retrieved from /opt/airflow/dags/config.py
[2023-08-19T00:56:06.564+0000] {processor.py:179} INFO - Processing /opt/airflow/dags/config.py took 0.028 seconds
[2023-08-19T00:56:36.971+0000] {processor.py:157} INFO - Started process (PID=706) to work on /opt/airflow/dags/config.py
[2023-08-19T00:56:36.973+0000] {processor.py:829} INFO - Processing file /opt/airflow/dags/config.py for tasks to queue
[2023-08-19T00:56:36.975+0000] {logging_mixin.py:151} INFO - [2023-08-19T00:56:36.975+0000] {dagbag.py:539} INFO - Filling up the DagBag from /opt/airflow/dags/config.py
[2023-08-19T00:56:36.983+0000] {processor.py:841} WARNING - No viable dags retrieved from /opt/airflow/dags/config.py
[2023-08-19T00:56:36.997+0000] {processor.py:179} INFO - Processing /opt/airflow/dags/config.py took 0.029 seconds
[2023-08-19T00:57:07.368+0000] {processor.py:157} INFO - Started process (PID=711) to work on /opt/airflow/dags/config.py
[2023-08-19T00:57:07.370+0000] {processor.py:829} INFO - Processing file /opt/airflow/dags/config.py for tasks to queue
[2023-08-19T00:57:07.372+0000] {logging_mixin.py:151} INFO - [2023-08-19T00:57:07.372+0000] {dagbag.py:539} INFO - Filling up the DagBag from /opt/airflow/dags/config.py
[2023-08-19T00:57:07.379+0000] {processor.py:841} WARNING - No viable dags retrieved from /opt/airflow/dags/config.py
[2023-08-19T00:57:07.392+0000] {processor.py:179} INFO - Processing /opt/airflow/dags/config.py took 0.027 seconds
[2023-08-19T00:57:37.848+0000] {processor.py:157} INFO - Started process (PID=716) to work on /opt/airflow/dags/config.py
[2023-08-19T00:57:37.849+0000] {processor.py:829} INFO - Processing file /opt/airflow/dags/config.py for tasks to queue
[2023-08-19T00:57:37.851+0000] {logging_mixin.py:151} INFO - [2023-08-19T00:57:37.851+0000] {dagbag.py:539} INFO - Filling up the DagBag from /opt/airflow/dags/config.py
[2023-08-19T00:57:37.858+0000] {processor.py:841} WARNING - No viable dags retrieved from /opt/airflow/dags/config.py
[2023-08-19T00:57:37.872+0000] {processor.py:179} INFO - Processing /opt/airflow/dags/config.py took 0.028 seconds
[2023-08-19T00:58:08.317+0000] {processor.py:157} INFO - Started process (PID=721) to work on /opt/airflow/dags/config.py
[2023-08-19T00:58:08.320+0000] {processor.py:829} INFO - Processing file /opt/airflow/dags/config.py for tasks to queue
[2023-08-19T00:58:08.323+0000] {logging_mixin.py:151} INFO - [2023-08-19T00:58:08.322+0000] {dagbag.py:539} INFO - Filling up the DagBag from /opt/airflow/dags/config.py
[2023-08-19T00:58:08.330+0000] {processor.py:841} WARNING - No viable dags retrieved from /opt/airflow/dags/config.py
[2023-08-19T00:58:08.345+0000] {processor.py:179} INFO - Processing /opt/airflow/dags/config.py took 0.031 seconds
[2023-08-19T00:58:38.859+0000] {processor.py:157} INFO - Started process (PID=726) to work on /opt/airflow/dags/config.py
[2023-08-19T00:58:38.862+0000] {processor.py:829} INFO - Processing file /opt/airflow/dags/config.py for tasks to queue
[2023-08-19T00:58:38.863+0000] {logging_mixin.py:151} INFO - [2023-08-19T00:58:38.863+0000] {dagbag.py:539} INFO - Filling up the DagBag from /opt/airflow/dags/config.py
[2023-08-19T00:58:38.872+0000] {processor.py:841} WARNING - No viable dags retrieved from /opt/airflow/dags/config.py
[2023-08-19T00:58:38.886+0000] {processor.py:179} INFO - Processing /opt/airflow/dags/config.py took 0.031 seconds
[2023-08-19T00:59:09.375+0000] {processor.py:157} INFO - Started process (PID=731) to work on /opt/airflow/dags/config.py
[2023-08-19T00:59:09.378+0000] {processor.py:829} INFO - Processing file /opt/airflow/dags/config.py for tasks to queue
[2023-08-19T00:59:09.379+0000] {logging_mixin.py:151} INFO - [2023-08-19T00:59:09.379+0000] {dagbag.py:539} INFO - Filling up the DagBag from /opt/airflow/dags/config.py
[2023-08-19T00:59:09.387+0000] {processor.py:841} WARNING - No viable dags retrieved from /opt/airflow/dags/config.py
[2023-08-19T00:59:09.400+0000] {processor.py:179} INFO - Processing /opt/airflow/dags/config.py took 0.028 seconds
[2023-08-19T00:59:39.851+0000] {processor.py:157} INFO - Started process (PID=736) to work on /opt/airflow/dags/config.py
[2023-08-19T00:59:39.854+0000] {processor.py:829} INFO - Processing file /opt/airflow/dags/config.py for tasks to queue
[2023-08-19T00:59:39.857+0000] {logging_mixin.py:151} INFO - [2023-08-19T00:59:39.857+0000] {dagbag.py:539} INFO - Filling up the DagBag from /opt/airflow/dags/config.py
[2023-08-19T00:59:39.866+0000] {processor.py:841} WARNING - No viable dags retrieved from /opt/airflow/dags/config.py
[2023-08-19T00:59:39.885+0000] {processor.py:179} INFO - Processing /opt/airflow/dags/config.py took 0.038 seconds
[2023-08-19T01:00:10.410+0000] {processor.py:157} INFO - Started process (PID=741) to work on /opt/airflow/dags/config.py
[2023-08-19T01:00:10.413+0000] {processor.py:829} INFO - Processing file /opt/airflow/dags/config.py for tasks to queue
[2023-08-19T01:00:10.415+0000] {logging_mixin.py:151} INFO - [2023-08-19T01:00:10.414+0000] {dagbag.py:539} INFO - Filling up the DagBag from /opt/airflow/dags/config.py
[2023-08-19T01:00:10.423+0000] {processor.py:841} WARNING - No viable dags retrieved from /opt/airflow/dags/config.py
[2023-08-19T01:00:10.436+0000] {processor.py:179} INFO - Processing /opt/airflow/dags/config.py took 0.030 seconds
[2023-08-19T01:00:40.983+0000] {processor.py:157} INFO - Started process (PID=746) to work on /opt/airflow/dags/config.py
[2023-08-19T01:00:40.986+0000] {processor.py:829} INFO - Processing file /opt/airflow/dags/config.py for tasks to queue
[2023-08-19T01:00:40.988+0000] {logging_mixin.py:151} INFO - [2023-08-19T01:00:40.988+0000] {dagbag.py:539} INFO - Filling up the DagBag from /opt/airflow/dags/config.py
[2023-08-19T01:00:40.996+0000] {processor.py:841} WARNING - No viable dags retrieved from /opt/airflow/dags/config.py
[2023-08-19T01:00:41.011+0000] {processor.py:179} INFO - Processing /opt/airflow/dags/config.py took 0.031 seconds
[2023-08-19T01:01:11.477+0000] {processor.py:157} INFO - Started process (PID=751) to work on /opt/airflow/dags/config.py
[2023-08-19T01:01:11.479+0000] {processor.py:829} INFO - Processing file /opt/airflow/dags/config.py for tasks to queue
[2023-08-19T01:01:11.481+0000] {logging_mixin.py:151} INFO - [2023-08-19T01:01:11.481+0000] {dagbag.py:539} INFO - Filling up the DagBag from /opt/airflow/dags/config.py
[2023-08-19T01:01:11.487+0000] {processor.py:841} WARNING - No viable dags retrieved from /opt/airflow/dags/config.py
[2023-08-19T01:01:11.499+0000] {processor.py:179} INFO - Processing /opt/airflow/dags/config.py took 0.025 seconds
[2023-08-19T01:01:41.989+0000] {processor.py:157} INFO - Started process (PID=756) to work on /opt/airflow/dags/config.py
[2023-08-19T01:01:41.992+0000] {processor.py:829} INFO - Processing file /opt/airflow/dags/config.py for tasks to queue
[2023-08-19T01:01:41.994+0000] {logging_mixin.py:151} INFO - [2023-08-19T01:01:41.994+0000] {dagbag.py:539} INFO - Filling up the DagBag from /opt/airflow/dags/config.py
[2023-08-19T01:01:42.003+0000] {processor.py:841} WARNING - No viable dags retrieved from /opt/airflow/dags/config.py
[2023-08-19T01:01:42.016+0000] {processor.py:179} INFO - Processing /opt/airflow/dags/config.py took 0.032 seconds
[2023-08-19T01:02:12.490+0000] {processor.py:157} INFO - Started process (PID=761) to work on /opt/airflow/dags/config.py
[2023-08-19T01:02:12.493+0000] {processor.py:829} INFO - Processing file /opt/airflow/dags/config.py for tasks to queue
[2023-08-19T01:02:12.495+0000] {logging_mixin.py:151} INFO - [2023-08-19T01:02:12.495+0000] {dagbag.py:539} INFO - Filling up the DagBag from /opt/airflow/dags/config.py
[2023-08-19T01:02:12.503+0000] {processor.py:841} WARNING - No viable dags retrieved from /opt/airflow/dags/config.py
[2023-08-19T01:02:12.518+0000] {processor.py:179} INFO - Processing /opt/airflow/dags/config.py took 0.031 seconds
[2023-08-19T01:02:43.043+0000] {processor.py:157} INFO - Started process (PID=766) to work on /opt/airflow/dags/config.py
[2023-08-19T01:02:43.045+0000] {processor.py:829} INFO - Processing file /opt/airflow/dags/config.py for tasks to queue
[2023-08-19T01:02:43.046+0000] {logging_mixin.py:151} INFO - [2023-08-19T01:02:43.046+0000] {dagbag.py:539} INFO - Filling up the DagBag from /opt/airflow/dags/config.py
[2023-08-19T01:02:43.054+0000] {processor.py:841} WARNING - No viable dags retrieved from /opt/airflow/dags/config.py
[2023-08-19T01:02:43.068+0000] {processor.py:179} INFO - Processing /opt/airflow/dags/config.py took 0.028 seconds
[2023-08-19T01:03:13.552+0000] {processor.py:157} INFO - Started process (PID=771) to work on /opt/airflow/dags/config.py
[2023-08-19T01:03:13.555+0000] {processor.py:829} INFO - Processing file /opt/airflow/dags/config.py for tasks to queue
[2023-08-19T01:03:13.557+0000] {logging_mixin.py:151} INFO - [2023-08-19T01:03:13.557+0000] {dagbag.py:539} INFO - Filling up the DagBag from /opt/airflow/dags/config.py
[2023-08-19T01:03:13.566+0000] {processor.py:841} WARNING - No viable dags retrieved from /opt/airflow/dags/config.py
[2023-08-19T01:03:13.581+0000] {processor.py:179} INFO - Processing /opt/airflow/dags/config.py took 0.032 seconds
[2023-08-19T01:03:44.100+0000] {processor.py:157} INFO - Started process (PID=776) to work on /opt/airflow/dags/config.py
[2023-08-19T01:03:44.103+0000] {processor.py:829} INFO - Processing file /opt/airflow/dags/config.py for tasks to queue
[2023-08-19T01:03:44.105+0000] {logging_mixin.py:151} INFO - [2023-08-19T01:03:44.104+0000] {dagbag.py:539} INFO - Filling up the DagBag from /opt/airflow/dags/config.py
[2023-08-19T01:03:44.111+0000] {processor.py:841} WARNING - No viable dags retrieved from /opt/airflow/dags/config.py
[2023-08-19T01:03:44.122+0000] {processor.py:179} INFO - Processing /opt/airflow/dags/config.py took 0.024 seconds
[2023-08-19T01:04:14.564+0000] {processor.py:157} INFO - Started process (PID=781) to work on /opt/airflow/dags/config.py
[2023-08-19T01:04:14.566+0000] {processor.py:829} INFO - Processing file /opt/airflow/dags/config.py for tasks to queue
[2023-08-19T01:04:14.568+0000] {logging_mixin.py:151} INFO - [2023-08-19T01:04:14.568+0000] {dagbag.py:539} INFO - Filling up the DagBag from /opt/airflow/dags/config.py
[2023-08-19T01:04:14.575+0000] {processor.py:841} WARNING - No viable dags retrieved from /opt/airflow/dags/config.py
[2023-08-19T01:04:14.589+0000] {processor.py:179} INFO - Processing /opt/airflow/dags/config.py took 0.029 seconds
[2023-08-19T01:04:45.059+0000] {processor.py:157} INFO - Started process (PID=786) to work on /opt/airflow/dags/config.py
[2023-08-19T01:04:45.061+0000] {processor.py:829} INFO - Processing file /opt/airflow/dags/config.py for tasks to queue
[2023-08-19T01:04:45.063+0000] {logging_mixin.py:151} INFO - [2023-08-19T01:04:45.063+0000] {dagbag.py:539} INFO - Filling up the DagBag from /opt/airflow/dags/config.py
[2023-08-19T01:04:45.072+0000] {processor.py:841} WARNING - No viable dags retrieved from /opt/airflow/dags/config.py
[2023-08-19T01:04:45.087+0000] {processor.py:179} INFO - Processing /opt/airflow/dags/config.py took 0.032 seconds
[2023-08-19T01:05:15.501+0000] {processor.py:157} INFO - Started process (PID=791) to work on /opt/airflow/dags/config.py
[2023-08-19T01:05:15.504+0000] {processor.py:829} INFO - Processing file /opt/airflow/dags/config.py for tasks to queue
[2023-08-19T01:05:15.506+0000] {logging_mixin.py:151} INFO - [2023-08-19T01:05:15.506+0000] {dagbag.py:539} INFO - Filling up the DagBag from /opt/airflow/dags/config.py
[2023-08-19T01:05:15.515+0000] {processor.py:841} WARNING - No viable dags retrieved from /opt/airflow/dags/config.py
[2023-08-19T01:05:15.529+0000] {processor.py:179} INFO - Processing /opt/airflow/dags/config.py took 0.032 seconds
[2023-08-19T01:05:45.935+0000] {processor.py:157} INFO - Started process (PID=796) to work on /opt/airflow/dags/config.py
[2023-08-19T01:05:45.938+0000] {processor.py:829} INFO - Processing file /opt/airflow/dags/config.py for tasks to queue
[2023-08-19T01:05:45.939+0000] {logging_mixin.py:151} INFO - [2023-08-19T01:05:45.939+0000] {dagbag.py:539} INFO - Filling up the DagBag from /opt/airflow/dags/config.py
[2023-08-19T01:05:45.946+0000] {processor.py:841} WARNING - No viable dags retrieved from /opt/airflow/dags/config.py
[2023-08-19T01:05:45.959+0000] {processor.py:179} INFO - Processing /opt/airflow/dags/config.py took 0.027 seconds
[2023-08-19T01:06:16.468+0000] {processor.py:157} INFO - Started process (PID=801) to work on /opt/airflow/dags/config.py
[2023-08-19T01:06:16.470+0000] {processor.py:829} INFO - Processing file /opt/airflow/dags/config.py for tasks to queue
[2023-08-19T01:06:16.472+0000] {logging_mixin.py:151} INFO - [2023-08-19T01:06:16.472+0000] {dagbag.py:539} INFO - Filling up the DagBag from /opt/airflow/dags/config.py
[2023-08-19T01:06:16.480+0000] {processor.py:841} WARNING - No viable dags retrieved from /opt/airflow/dags/config.py
[2023-08-19T01:06:16.500+0000] {processor.py:179} INFO - Processing /opt/airflow/dags/config.py took 0.040 seconds
[2023-08-19T01:06:46.977+0000] {processor.py:157} INFO - Started process (PID=806) to work on /opt/airflow/dags/config.py
[2023-08-19T01:06:46.980+0000] {processor.py:829} INFO - Processing file /opt/airflow/dags/config.py for tasks to queue
[2023-08-19T01:06:46.982+0000] {logging_mixin.py:151} INFO - [2023-08-19T01:06:46.982+0000] {dagbag.py:539} INFO - Filling up the DagBag from /opt/airflow/dags/config.py
[2023-08-19T01:06:46.988+0000] {processor.py:841} WARNING - No viable dags retrieved from /opt/airflow/dags/config.py
[2023-08-19T01:06:47.000+0000] {processor.py:179} INFO - Processing /opt/airflow/dags/config.py took 0.026 seconds
[2023-08-19T01:07:17.513+0000] {processor.py:157} INFO - Started process (PID=811) to work on /opt/airflow/dags/config.py
[2023-08-19T01:07:17.516+0000] {processor.py:829} INFO - Processing file /opt/airflow/dags/config.py for tasks to queue
[2023-08-19T01:07:17.519+0000] {logging_mixin.py:151} INFO - [2023-08-19T01:07:17.518+0000] {dagbag.py:539} INFO - Filling up the DagBag from /opt/airflow/dags/config.py
[2023-08-19T01:07:17.527+0000] {processor.py:841} WARNING - No viable dags retrieved from /opt/airflow/dags/config.py
[2023-08-19T01:07:17.547+0000] {processor.py:179} INFO - Processing /opt/airflow/dags/config.py took 0.038 seconds
[2023-08-19T01:07:47.998+0000] {processor.py:157} INFO - Started process (PID=816) to work on /opt/airflow/dags/config.py
[2023-08-19T01:07:48.001+0000] {processor.py:829} INFO - Processing file /opt/airflow/dags/config.py for tasks to queue
[2023-08-19T01:07:48.003+0000] {logging_mixin.py:151} INFO - [2023-08-19T01:07:48.003+0000] {dagbag.py:539} INFO - Filling up the DagBag from /opt/airflow/dags/config.py
[2023-08-19T01:07:48.010+0000] {processor.py:841} WARNING - No viable dags retrieved from /opt/airflow/dags/config.py
[2023-08-19T01:07:48.025+0000] {processor.py:179} INFO - Processing /opt/airflow/dags/config.py took 0.030 seconds
[2023-08-19T01:08:18.493+0000] {processor.py:157} INFO - Started process (PID=821) to work on /opt/airflow/dags/config.py
[2023-08-19T01:08:18.496+0000] {processor.py:829} INFO - Processing file /opt/airflow/dags/config.py for tasks to queue
[2023-08-19T01:08:18.498+0000] {logging_mixin.py:151} INFO - [2023-08-19T01:08:18.498+0000] {dagbag.py:539} INFO - Filling up the DagBag from /opt/airflow/dags/config.py
[2023-08-19T01:08:18.506+0000] {processor.py:841} WARNING - No viable dags retrieved from /opt/airflow/dags/config.py
[2023-08-19T01:08:18.520+0000] {processor.py:179} INFO - Processing /opt/airflow/dags/config.py took 0.033 seconds
[2023-08-19T01:08:48.982+0000] {processor.py:157} INFO - Started process (PID=826) to work on /opt/airflow/dags/config.py
[2023-08-19T01:08:48.984+0000] {processor.py:829} INFO - Processing file /opt/airflow/dags/config.py for tasks to queue
[2023-08-19T01:08:48.986+0000] {logging_mixin.py:151} INFO - [2023-08-19T01:08:48.986+0000] {dagbag.py:539} INFO - Filling up the DagBag from /opt/airflow/dags/config.py
[2023-08-19T01:08:48.994+0000] {processor.py:841} WARNING - No viable dags retrieved from /opt/airflow/dags/config.py
[2023-08-19T01:08:49.007+0000] {processor.py:179} INFO - Processing /opt/airflow/dags/config.py took 0.030 seconds
[2023-08-19T01:09:19.408+0000] {processor.py:157} INFO - Started process (PID=831) to work on /opt/airflow/dags/config.py
[2023-08-19T01:09:19.410+0000] {processor.py:829} INFO - Processing file /opt/airflow/dags/config.py for tasks to queue
[2023-08-19T01:09:19.414+0000] {logging_mixin.py:151} INFO - [2023-08-19T01:09:19.414+0000] {dagbag.py:539} INFO - Filling up the DagBag from /opt/airflow/dags/config.py
[2023-08-19T01:09:19.423+0000] {processor.py:841} WARNING - No viable dags retrieved from /opt/airflow/dags/config.py
[2023-08-19T01:09:19.440+0000] {processor.py:179} INFO - Processing /opt/airflow/dags/config.py took 0.035 seconds
[2023-08-19T01:09:49.865+0000] {processor.py:157} INFO - Started process (PID=836) to work on /opt/airflow/dags/config.py
[2023-08-19T01:09:49.868+0000] {processor.py:829} INFO - Processing file /opt/airflow/dags/config.py for tasks to queue
[2023-08-19T01:09:49.869+0000] {logging_mixin.py:151} INFO - [2023-08-19T01:09:49.869+0000] {dagbag.py:539} INFO - Filling up the DagBag from /opt/airflow/dags/config.py
[2023-08-19T01:09:49.875+0000] {processor.py:841} WARNING - No viable dags retrieved from /opt/airflow/dags/config.py
[2023-08-19T01:09:49.887+0000] {processor.py:179} INFO - Processing /opt/airflow/dags/config.py took 0.025 seconds
[2023-08-19T01:10:20.282+0000] {processor.py:157} INFO - Started process (PID=841) to work on /opt/airflow/dags/config.py
[2023-08-19T01:10:20.285+0000] {processor.py:829} INFO - Processing file /opt/airflow/dags/config.py for tasks to queue
[2023-08-19T01:10:20.286+0000] {logging_mixin.py:151} INFO - [2023-08-19T01:10:20.286+0000] {dagbag.py:539} INFO - Filling up the DagBag from /opt/airflow/dags/config.py
[2023-08-19T01:10:20.295+0000] {processor.py:841} WARNING - No viable dags retrieved from /opt/airflow/dags/config.py
[2023-08-19T01:10:20.309+0000] {processor.py:179} INFO - Processing /opt/airflow/dags/config.py took 0.031 seconds
[2023-08-19T01:10:50.744+0000] {processor.py:157} INFO - Started process (PID=846) to work on /opt/airflow/dags/config.py
[2023-08-19T01:10:50.747+0000] {processor.py:829} INFO - Processing file /opt/airflow/dags/config.py for tasks to queue
[2023-08-19T01:10:50.749+0000] {logging_mixin.py:151} INFO - [2023-08-19T01:10:50.749+0000] {dagbag.py:539} INFO - Filling up the DagBag from /opt/airflow/dags/config.py
[2023-08-19T01:10:50.757+0000] {processor.py:841} WARNING - No viable dags retrieved from /opt/airflow/dags/config.py
[2023-08-19T01:10:50.771+0000] {processor.py:179} INFO - Processing /opt/airflow/dags/config.py took 0.031 seconds
[2023-08-19T01:11:21.099+0000] {processor.py:157} INFO - Started process (PID=851) to work on /opt/airflow/dags/config.py
[2023-08-19T01:11:21.102+0000] {processor.py:829} INFO - Processing file /opt/airflow/dags/config.py for tasks to queue
[2023-08-19T01:11:21.103+0000] {logging_mixin.py:151} INFO - [2023-08-19T01:11:21.103+0000] {dagbag.py:539} INFO - Filling up the DagBag from /opt/airflow/dags/config.py
[2023-08-19T01:11:21.110+0000] {processor.py:841} WARNING - No viable dags retrieved from /opt/airflow/dags/config.py
[2023-08-19T01:11:21.124+0000] {processor.py:179} INFO - Processing /opt/airflow/dags/config.py took 0.027 seconds
[2023-08-19T01:11:51.602+0000] {processor.py:157} INFO - Started process (PID=856) to work on /opt/airflow/dags/config.py
[2023-08-19T01:11:51.606+0000] {processor.py:829} INFO - Processing file /opt/airflow/dags/config.py for tasks to queue
[2023-08-19T01:11:51.607+0000] {logging_mixin.py:151} INFO - [2023-08-19T01:11:51.607+0000] {dagbag.py:539} INFO - Filling up the DagBag from /opt/airflow/dags/config.py
[2023-08-19T01:11:51.615+0000] {processor.py:841} WARNING - No viable dags retrieved from /opt/airflow/dags/config.py
[2023-08-19T01:11:51.629+0000] {processor.py:179} INFO - Processing /opt/airflow/dags/config.py took 0.031 seconds
[2023-08-19T01:12:21.954+0000] {processor.py:157} INFO - Started process (PID=861) to work on /opt/airflow/dags/config.py
[2023-08-19T01:12:21.957+0000] {processor.py:829} INFO - Processing file /opt/airflow/dags/config.py for tasks to queue
[2023-08-19T01:12:21.959+0000] {logging_mixin.py:151} INFO - [2023-08-19T01:12:21.959+0000] {dagbag.py:539} INFO - Filling up the DagBag from /opt/airflow/dags/config.py
[2023-08-19T01:12:21.968+0000] {processor.py:841} WARNING - No viable dags retrieved from /opt/airflow/dags/config.py
[2023-08-19T01:12:21.984+0000] {processor.py:179} INFO - Processing /opt/airflow/dags/config.py took 0.035 seconds
