[2023-08-30T20:01:30.411+0000] {logging_mixin.py:151} WARNING - /home/***/.local/lib/python3.8/site-packages/***/utils/sqlalchemy.py:124 DeprecationWarning: The sql_alchemy_conn option in [core] has been moved to the sql_alchemy_conn option in [database] - the old setting has been used, but please update your config.
[2023-08-30T20:01:30.424+0000] {taskinstance.py:1159} INFO - Dependencies all met for dep_context=non-requeueable deps ti=<TaskInstance: data_migration.install_required_packages scheduled__2023-08-30T00:00:00+00:00 [queued]>
[2023-08-30T20:01:30.431+0000] {taskinstance.py:1159} INFO - Dependencies all met for dep_context=requeueable deps ti=<TaskInstance: data_migration.install_required_packages scheduled__2023-08-30T00:00:00+00:00 [queued]>
[2023-08-30T20:01:30.433+0000] {taskinstance.py:1361} INFO - Starting attempt 1 of 2
[2023-08-30T20:01:30.442+0000] {taskinstance.py:1382} INFO - Executing <Task(BashOperator): install_required_packages> on 2023-08-30 00:00:00+00:00
[2023-08-30T20:01:30.446+0000] {standard_task_runner.py:57} INFO - Started process 270 to run task
[2023-08-30T20:01:30.449+0000] {standard_task_runner.py:84} INFO - Running: ['***', 'tasks', 'run', 'data_migration', 'install_required_packages', 'scheduled__2023-08-30T00:00:00+00:00', '--job-id', '5', '--raw', '--subdir', 'DAGS_FOLDER/data_mig_dag.py', '--cfg-path', '/tmp/tmp89bzcb4f']
[2023-08-30T20:01:30.453+0000] {standard_task_runner.py:85} INFO - Job 5: Subtask install_required_packages
[2023-08-30T20:01:30.490+0000] {logging_mixin.py:151} WARNING - /home/***/.local/lib/python3.8/site-packages/***/settings.py:195 DeprecationWarning: The sql_alchemy_conn option in [core] has been moved to the sql_alchemy_conn option in [database] - the old setting has been used, but please update your config.
[2023-08-30T20:01:30.534+0000] {task_command.py:415} INFO - Running <TaskInstance: data_migration.install_required_packages scheduled__2023-08-30T00:00:00+00:00 [running]> on host 3938d7abd9ff
[2023-08-30T20:01:30.547+0000] {logging_mixin.py:151} WARNING - /home/***/.local/lib/python3.8/site-packages/***/utils/sqlalchemy.py:124 DeprecationWarning: The sql_alchemy_conn option in [core] has been moved to the sql_alchemy_conn option in [database] - the old setting has been used, but please update your config.
[2023-08-30T20:01:30.611+0000] {taskinstance.py:1660} INFO - Exporting env vars: AIRFLOW_CTX_DAG_OWNER='***' AIRFLOW_CTX_DAG_ID='data_migration' AIRFLOW_CTX_TASK_ID='install_required_packages' AIRFLOW_CTX_EXECUTION_DATE='2023-08-30T00:00:00+00:00' AIRFLOW_CTX_TRY_NUMBER='1' AIRFLOW_CTX_DAG_RUN_ID='scheduled__2023-08-30T00:00:00+00:00'
[2023-08-30T20:01:30.615+0000] {subprocess.py:63} INFO - Tmp dir root location: /tmp
[2023-08-30T20:01:30.617+0000] {subprocess.py:75} INFO - Running command: ['/bin/bash', '-c', 'pip install sodapy geoalchemy2']
[2023-08-30T20:01:30.629+0000] {subprocess.py:86} INFO - Output:
[2023-08-30T20:01:31.643+0000] {subprocess.py:93} INFO - Defaulting to user installation because normal site-packages is not writeable
[2023-08-30T20:01:32.030+0000] {subprocess.py:93} INFO - Collecting sodapy
[2023-08-30T20:01:32.400+0000] {subprocess.py:93} INFO -   Downloading sodapy-2.2.0-py2.py3-none-any.whl (15 kB)
[2023-08-30T20:01:32.448+0000] {subprocess.py:93} INFO - Collecting geoalchemy2
[2023-08-30T20:01:32.470+0000] {subprocess.py:93} INFO -   Downloading GeoAlchemy2-0.14.1-py3-none-any.whl (54 kB)
[2023-08-30T20:01:32.493+0000] {subprocess.py:93} INFO -      ━━━━━━━━━━━━━━━━━━━━━━━━━━━━━━━━━━━━━━━━ 55.0/55.0 kB 2.3 MB/s eta 0:00:00
[2023-08-30T20:01:32.496+0000] {subprocess.py:93} INFO - Requirement already satisfied: requests>=2.28.1 in /home/***/.local/lib/python3.8/site-packages (from sodapy) (2.31.0)
[2023-08-30T20:01:32.499+0000] {subprocess.py:93} INFO - Requirement already satisfied: SQLAlchemy>=1.4 in /home/***/.local/lib/python3.8/site-packages (from geoalchemy2) (1.4.49)
[2023-08-30T20:01:32.500+0000] {subprocess.py:93} INFO - Requirement already satisfied: packaging in /home/***/.local/lib/python3.8/site-packages (from geoalchemy2) (23.1)
[2023-08-30T20:01:32.504+0000] {subprocess.py:93} INFO - Requirement already satisfied: urllib3<3,>=1.21.1 in /home/***/.local/lib/python3.8/site-packages (from requests>=2.28.1->sodapy) (1.26.16)
[2023-08-30T20:01:32.506+0000] {subprocess.py:93} INFO - Requirement already satisfied: certifi>=2017.4.17 in /home/***/.local/lib/python3.8/site-packages (from requests>=2.28.1->sodapy) (2023.7.22)
[2023-08-30T20:01:32.506+0000] {subprocess.py:93} INFO - Requirement already satisfied: idna<4,>=2.5 in /home/***/.local/lib/python3.8/site-packages (from requests>=2.28.1->sodapy) (3.4)
[2023-08-30T20:01:32.507+0000] {subprocess.py:93} INFO - Requirement already satisfied: charset-normalizer<4,>=2 in /home/***/.local/lib/python3.8/site-packages (from requests>=2.28.1->sodapy) (3.2.0)
[2023-08-30T20:01:32.543+0000] {subprocess.py:93} INFO - Requirement already satisfied: greenlet!=0.4.17 in /home/***/.local/lib/python3.8/site-packages (from SQLAlchemy>=1.4->geoalchemy2) (2.0.2)
[2023-08-30T20:01:35.288+0000] {subprocess.py:93} INFO - Installing collected packages: sodapy, geoalchemy2
[2023-08-30T20:01:35.365+0000] {subprocess.py:93} INFO - Successfully installed geoalchemy2-0.14.1 sodapy-2.2.0
[2023-08-30T20:01:35.569+0000] {subprocess.py:93} INFO - 
[2023-08-30T20:01:35.570+0000] {subprocess.py:93} INFO - [notice] A new release of pip is available: 23.0.1 -> 23.2.1
[2023-08-30T20:01:35.571+0000] {subprocess.py:93} INFO - [notice] To update, run: pip install --upgrade pip
[2023-08-30T20:01:35.744+0000] {subprocess.py:97} INFO - Command exited with return code 0
[2023-08-30T20:01:35.768+0000] {taskinstance.py:1400} INFO - Marking task as SUCCESS. dag_id=data_migration, task_id=install_required_packages, execution_date=20230830T000000, start_date=20230830T200130, end_date=20230830T200135
[2023-08-30T20:01:35.796+0000] {local_task_job_runner.py:228} INFO - Task exited with return code 0
[2023-08-30T20:01:35.821+0000] {taskinstance.py:2784} INFO - 0 downstream tasks scheduled from follow-on schedule check
[2023-08-30T20:27:21.809+0000] {logging_mixin.py:151} WARNING - /home/***/.local/lib/python3.8/site-packages/***/utils/sqlalchemy.py:124 DeprecationWarning: The sql_alchemy_conn option in [core] has been moved to the sql_alchemy_conn option in [database] - the old setting has been used, but please update your config.
[2023-08-30T20:27:21.816+0000] {taskinstance.py:1159} INFO - Dependencies all met for dep_context=non-requeueable deps ti=<TaskInstance: data_migration.install_required_packages scheduled__2023-08-30T00:00:00+00:00 [queued]>
[2023-08-30T20:27:21.822+0000] {taskinstance.py:1159} INFO - Dependencies all met for dep_context=requeueable deps ti=<TaskInstance: data_migration.install_required_packages scheduled__2023-08-30T00:00:00+00:00 [queued]>
[2023-08-30T20:27:21.823+0000] {taskinstance.py:1361} INFO - Starting attempt 1 of 2
[2023-08-30T20:27:21.833+0000] {taskinstance.py:1382} INFO - Executing <Task(BashOperator): install_required_packages> on 2023-08-30 00:00:00+00:00
[2023-08-30T20:27:21.837+0000] {standard_task_runner.py:57} INFO - Started process 240 to run task
[2023-08-30T20:27:21.840+0000] {standard_task_runner.py:84} INFO - Running: ['***', 'tasks', 'run', 'data_migration', 'install_required_packages', 'scheduled__2023-08-30T00:00:00+00:00', '--job-id', '2', '--raw', '--subdir', 'DAGS_FOLDER/data_mig_dag.py', '--cfg-path', '/tmp/tmp76ok8f3n']
[2023-08-30T20:27:21.843+0000] {standard_task_runner.py:85} INFO - Job 2: Subtask install_required_packages
[2023-08-30T20:27:21.857+0000] {logging_mixin.py:151} WARNING - /home/***/.local/lib/python3.8/site-packages/***/settings.py:195 DeprecationWarning: The sql_alchemy_conn option in [core] has been moved to the sql_alchemy_conn option in [database] - the old setting has been used, but please update your config.
[2023-08-30T20:27:21.889+0000] {task_command.py:415} INFO - Running <TaskInstance: data_migration.install_required_packages scheduled__2023-08-30T00:00:00+00:00 [running]> on host 0a0db3a88e79
[2023-08-30T20:27:21.903+0000] {logging_mixin.py:151} WARNING - /home/***/.local/lib/python3.8/site-packages/***/utils/sqlalchemy.py:124 DeprecationWarning: The sql_alchemy_conn option in [core] has been moved to the sql_alchemy_conn option in [database] - the old setting has been used, but please update your config.
[2023-08-30T20:27:21.960+0000] {taskinstance.py:1660} INFO - Exporting env vars: AIRFLOW_CTX_DAG_OWNER='***' AIRFLOW_CTX_DAG_ID='data_migration' AIRFLOW_CTX_TASK_ID='install_required_packages' AIRFLOW_CTX_EXECUTION_DATE='2023-08-30T00:00:00+00:00' AIRFLOW_CTX_TRY_NUMBER='1' AIRFLOW_CTX_DAG_RUN_ID='scheduled__2023-08-30T00:00:00+00:00'
[2023-08-30T20:27:21.970+0000] {subprocess.py:63} INFO - Tmp dir root location: /tmp
[2023-08-30T20:27:21.972+0000] {subprocess.py:75} INFO - Running command: ['/bin/bash', '-c', 'pip install sodapy geoalchemy2']
[2023-08-30T20:27:21.982+0000] {subprocess.py:86} INFO - Output:
[2023-08-30T20:27:22.888+0000] {subprocess.py:93} INFO - Defaulting to user installation because normal site-packages is not writeable
[2023-08-30T20:27:23.236+0000] {subprocess.py:93} INFO - Collecting sodapy
[2023-08-30T20:27:23.306+0000] {subprocess.py:93} INFO -   Downloading sodapy-2.2.0-py2.py3-none-any.whl (15 kB)
[2023-08-30T20:27:23.346+0000] {subprocess.py:93} INFO - Collecting geoalchemy2
[2023-08-30T20:27:23.371+0000] {subprocess.py:93} INFO -   Downloading GeoAlchemy2-0.14.1-py3-none-any.whl (54 kB)
[2023-08-30T20:27:23.397+0000] {subprocess.py:93} INFO -      ━━━━━━━━━━━━━━━━━━━━━━━━━━━━━━━━━━━━━━━━ 55.0/55.0 kB 2.0 MB/s eta 0:00:00
[2023-08-30T20:27:23.399+0000] {subprocess.py:93} INFO - Requirement already satisfied: requests>=2.28.1 in /home/***/.local/lib/python3.8/site-packages (from sodapy) (2.31.0)
[2023-08-30T20:27:23.402+0000] {subprocess.py:93} INFO - Requirement already satisfied: packaging in /home/***/.local/lib/python3.8/site-packages (from geoalchemy2) (23.1)
[2023-08-30T20:27:23.403+0000] {subprocess.py:93} INFO - Requirement already satisfied: SQLAlchemy>=1.4 in /home/***/.local/lib/python3.8/site-packages (from geoalchemy2) (1.4.49)
[2023-08-30T20:27:23.407+0000] {subprocess.py:93} INFO - Requirement already satisfied: idna<4,>=2.5 in /home/***/.local/lib/python3.8/site-packages (from requests>=2.28.1->sodapy) (3.4)
[2023-08-30T20:27:23.408+0000] {subprocess.py:93} INFO - Requirement already satisfied: urllib3<3,>=1.21.1 in /home/***/.local/lib/python3.8/site-packages (from requests>=2.28.1->sodapy) (1.26.16)
[2023-08-30T20:27:23.410+0000] {subprocess.py:93} INFO - Requirement already satisfied: certifi>=2017.4.17 in /home/***/.local/lib/python3.8/site-packages (from requests>=2.28.1->sodapy) (2023.7.22)
[2023-08-30T20:27:23.411+0000] {subprocess.py:93} INFO - Requirement already satisfied: charset-normalizer<4,>=2 in /home/***/.local/lib/python3.8/site-packages (from requests>=2.28.1->sodapy) (3.2.0)
[2023-08-30T20:27:23.443+0000] {subprocess.py:93} INFO - Requirement already satisfied: greenlet!=0.4.17 in /home/***/.local/lib/python3.8/site-packages (from SQLAlchemy>=1.4->geoalchemy2) (2.0.2)
[2023-08-30T20:27:25.739+0000] {subprocess.py:93} INFO - Installing collected packages: sodapy, geoalchemy2
[2023-08-30T20:27:25.807+0000] {subprocess.py:93} INFO - Successfully installed geoalchemy2-0.14.1 sodapy-2.2.0
[2023-08-30T20:27:25.931+0000] {subprocess.py:93} INFO - 
[2023-08-30T20:27:25.932+0000] {subprocess.py:93} INFO - [notice] A new release of pip is available: 23.0.1 -> 23.2.1
[2023-08-30T20:27:25.934+0000] {subprocess.py:93} INFO - [notice] To update, run: pip install --upgrade pip
[2023-08-30T20:27:26.075+0000] {subprocess.py:97} INFO - Command exited with return code 0
[2023-08-30T20:27:26.105+0000] {taskinstance.py:1400} INFO - Marking task as SUCCESS. dag_id=data_migration, task_id=install_required_packages, execution_date=20230830T000000, start_date=20230830T202721, end_date=20230830T202726
[2023-08-30T20:27:26.162+0000] {local_task_job_runner.py:228} INFO - Task exited with return code 0
[2023-08-30T20:27:26.181+0000] {taskinstance.py:2784} INFO - 1 downstream tasks scheduled from follow-on schedule check
[2023-08-30T20:32:59.331+0000] {logging_mixin.py:151} WARNING - /home/***/.local/lib/python3.8/site-packages/***/utils/sqlalchemy.py:124 DeprecationWarning: The sql_alchemy_conn option in [core] has been moved to the sql_alchemy_conn option in [database] - the old setting has been used, but please update your config.
[2023-08-30T20:32:59.339+0000] {taskinstance.py:1159} INFO - Dependencies all met for dep_context=non-requeueable deps ti=<TaskInstance: data_migration.install_required_packages scheduled__2023-08-30T00:00:00+00:00 [queued]>
[2023-08-30T20:32:59.346+0000] {taskinstance.py:1159} INFO - Dependencies all met for dep_context=requeueable deps ti=<TaskInstance: data_migration.install_required_packages scheduled__2023-08-30T00:00:00+00:00 [queued]>
[2023-08-30T20:32:59.347+0000] {taskinstance.py:1361} INFO - Starting attempt 1 of 2
[2023-08-30T20:32:59.359+0000] {taskinstance.py:1382} INFO - Executing <Task(BashOperator): install_required_packages> on 2023-08-30 00:00:00+00:00
[2023-08-30T20:32:59.364+0000] {standard_task_runner.py:57} INFO - Started process 196 to run task
[2023-08-30T20:32:59.367+0000] {standard_task_runner.py:84} INFO - Running: ['***', 'tasks', 'run', 'data_migration', 'install_required_packages', 'scheduled__2023-08-30T00:00:00+00:00', '--job-id', '2', '--raw', '--subdir', 'DAGS_FOLDER/data_mig_dag.py', '--cfg-path', '/tmp/tmpz4k71t7g']
[2023-08-30T20:32:59.370+0000] {standard_task_runner.py:85} INFO - Job 2: Subtask install_required_packages
[2023-08-30T20:32:59.386+0000] {logging_mixin.py:151} WARNING - /home/***/.local/lib/python3.8/site-packages/***/settings.py:195 DeprecationWarning: The sql_alchemy_conn option in [core] has been moved to the sql_alchemy_conn option in [database] - the old setting has been used, but please update your config.
[2023-08-30T20:32:59.418+0000] {task_command.py:415} INFO - Running <TaskInstance: data_migration.install_required_packages scheduled__2023-08-30T00:00:00+00:00 [running]> on host 961f38e8363e
[2023-08-30T20:32:59.431+0000] {logging_mixin.py:151} WARNING - /home/***/.local/lib/python3.8/site-packages/***/utils/sqlalchemy.py:124 DeprecationWarning: The sql_alchemy_conn option in [core] has been moved to the sql_alchemy_conn option in [database] - the old setting has been used, but please update your config.
[2023-08-30T20:32:59.482+0000] {taskinstance.py:1660} INFO - Exporting env vars: AIRFLOW_CTX_DAG_OWNER='***' AIRFLOW_CTX_DAG_ID='data_migration' AIRFLOW_CTX_TASK_ID='install_required_packages' AIRFLOW_CTX_EXECUTION_DATE='2023-08-30T00:00:00+00:00' AIRFLOW_CTX_TRY_NUMBER='1' AIRFLOW_CTX_DAG_RUN_ID='scheduled__2023-08-30T00:00:00+00:00'
[2023-08-30T20:32:59.489+0000] {subprocess.py:63} INFO - Tmp dir root location: /tmp
[2023-08-30T20:32:59.490+0000] {subprocess.py:75} INFO - Running command: ['/bin/bash', '-c', 'pip install sodapy geoalchemy2']
[2023-08-30T20:32:59.501+0000] {subprocess.py:86} INFO - Output:
[2023-08-30T20:33:00.439+0000] {subprocess.py:93} INFO - Defaulting to user installation because normal site-packages is not writeable
[2023-08-30T20:33:00.903+0000] {subprocess.py:93} INFO - Collecting sodapy
[2023-08-30T20:33:01.016+0000] {subprocess.py:93} INFO -   Downloading sodapy-2.2.0-py2.py3-none-any.whl (15 kB)
[2023-08-30T20:33:01.052+0000] {subprocess.py:93} INFO - Collecting geoalchemy2
[2023-08-30T20:33:01.378+0000] {subprocess.py:93} INFO -   Downloading GeoAlchemy2-0.14.1-py3-none-any.whl (54 kB)
[2023-08-30T20:33:01.405+0000] {subprocess.py:93} INFO -      ━━━━━━━━━━━━━━━━━━━━━━━━━━━━━━━━━━━━━━━━ 55.0/55.0 kB 2.0 MB/s eta 0:00:00
[2023-08-30T20:33:01.410+0000] {subprocess.py:93} INFO - Requirement already satisfied: requests>=2.28.1 in /home/***/.local/lib/python3.8/site-packages (from sodapy) (2.31.0)
[2023-08-30T20:33:01.413+0000] {subprocess.py:93} INFO - Requirement already satisfied: SQLAlchemy>=1.4 in /home/***/.local/lib/python3.8/site-packages (from geoalchemy2) (1.4.49)
[2023-08-30T20:33:01.417+0000] {subprocess.py:93} INFO - Requirement already satisfied: packaging in /home/***/.local/lib/python3.8/site-packages (from geoalchemy2) (23.1)
[2023-08-30T20:33:01.421+0000] {subprocess.py:93} INFO - Requirement already satisfied: idna<4,>=2.5 in /home/***/.local/lib/python3.8/site-packages (from requests>=2.28.1->sodapy) (3.4)
[2023-08-30T20:33:01.422+0000] {subprocess.py:93} INFO - Requirement already satisfied: charset-normalizer<4,>=2 in /home/***/.local/lib/python3.8/site-packages (from requests>=2.28.1->sodapy) (3.2.0)
[2023-08-30T20:33:01.424+0000] {subprocess.py:93} INFO - Requirement already satisfied: certifi>=2017.4.17 in /home/***/.local/lib/python3.8/site-packages (from requests>=2.28.1->sodapy) (2023.7.22)
[2023-08-30T20:33:01.426+0000] {subprocess.py:93} INFO - Requirement already satisfied: urllib3<3,>=1.21.1 in /home/***/.local/lib/python3.8/site-packages (from requests>=2.28.1->sodapy) (1.26.16)
[2023-08-30T20:33:01.465+0000] {subprocess.py:93} INFO - Requirement already satisfied: greenlet!=0.4.17 in /home/***/.local/lib/python3.8/site-packages (from SQLAlchemy>=1.4->geoalchemy2) (2.0.2)
[2023-08-30T20:33:03.833+0000] {subprocess.py:93} INFO - Installing collected packages: sodapy, geoalchemy2
[2023-08-30T20:33:03.899+0000] {subprocess.py:93} INFO - Successfully installed geoalchemy2-0.14.1 sodapy-2.2.0
[2023-08-30T20:33:04.047+0000] {subprocess.py:93} INFO - 
[2023-08-30T20:33:04.049+0000] {subprocess.py:93} INFO - [notice] A new release of pip is available: 23.0.1 -> 23.2.1
[2023-08-30T20:33:04.051+0000] {subprocess.py:93} INFO - [notice] To update, run: pip install --upgrade pip
[2023-08-30T20:33:04.190+0000] {subprocess.py:97} INFO - Command exited with return code 0
[2023-08-30T20:33:04.223+0000] {taskinstance.py:1400} INFO - Marking task as SUCCESS. dag_id=data_migration, task_id=install_required_packages, execution_date=20230830T000000, start_date=20230830T203259, end_date=20230830T203304
[2023-08-30T20:33:04.277+0000] {local_task_job_runner.py:228} INFO - Task exited with return code 0
[2023-08-30T20:33:04.296+0000] {taskinstance.py:2784} INFO - 1 downstream tasks scheduled from follow-on schedule check
[2023-08-30T20:47:02.241+0000] {logging_mixin.py:151} WARNING - /home/***/.local/lib/python3.8/site-packages/***/utils/sqlalchemy.py:124 DeprecationWarning: The sql_alchemy_conn option in [core] has been moved to the sql_alchemy_conn option in [database] - the old setting has been used, but please update your config.
[2023-08-30T20:47:02.249+0000] {taskinstance.py:1159} INFO - Dependencies all met for dep_context=non-requeueable deps ti=<TaskInstance: data_migration.install_required_packages scheduled__2023-08-30T00:00:00+00:00 [queued]>
[2023-08-30T20:47:02.255+0000] {taskinstance.py:1159} INFO - Dependencies all met for dep_context=requeueable deps ti=<TaskInstance: data_migration.install_required_packages scheduled__2023-08-30T00:00:00+00:00 [queued]>
[2023-08-30T20:47:02.256+0000] {taskinstance.py:1361} INFO - Starting attempt 1 of 2
[2023-08-30T20:47:02.265+0000] {taskinstance.py:1382} INFO - Executing <Task(BashOperator): install_required_packages> on 2023-08-30 00:00:00+00:00
[2023-08-30T20:47:02.270+0000] {standard_task_runner.py:57} INFO - Started process 241 to run task
[2023-08-30T20:47:02.272+0000] {standard_task_runner.py:84} INFO - Running: ['***', 'tasks', 'run', 'data_migration', 'install_required_packages', 'scheduled__2023-08-30T00:00:00+00:00', '--job-id', '2', '--raw', '--subdir', 'DAGS_FOLDER/data_mig_dag.py', '--cfg-path', '/tmp/tmpbw86xokf']
[2023-08-30T20:47:02.275+0000] {standard_task_runner.py:85} INFO - Job 2: Subtask install_required_packages
[2023-08-30T20:47:02.289+0000] {logging_mixin.py:151} WARNING - /home/***/.local/lib/python3.8/site-packages/***/settings.py:195 DeprecationWarning: The sql_alchemy_conn option in [core] has been moved to the sql_alchemy_conn option in [database] - the old setting has been used, but please update your config.
[2023-08-30T20:47:02.319+0000] {task_command.py:415} INFO - Running <TaskInstance: data_migration.install_required_packages scheduled__2023-08-30T00:00:00+00:00 [running]> on host 8f66711a2898
[2023-08-30T20:47:02.332+0000] {logging_mixin.py:151} WARNING - /home/***/.local/lib/python3.8/site-packages/***/utils/sqlalchemy.py:124 DeprecationWarning: The sql_alchemy_conn option in [core] has been moved to the sql_alchemy_conn option in [database] - the old setting has been used, but please update your config.
[2023-08-30T20:47:02.384+0000] {taskinstance.py:1660} INFO - Exporting env vars: AIRFLOW_CTX_DAG_OWNER='***' AIRFLOW_CTX_DAG_ID='data_migration' AIRFLOW_CTX_TASK_ID='install_required_packages' AIRFLOW_CTX_EXECUTION_DATE='2023-08-30T00:00:00+00:00' AIRFLOW_CTX_TRY_NUMBER='1' AIRFLOW_CTX_DAG_RUN_ID='scheduled__2023-08-30T00:00:00+00:00'
[2023-08-30T20:47:02.394+0000] {subprocess.py:63} INFO - Tmp dir root location: /tmp
[2023-08-30T20:47:02.396+0000] {subprocess.py:75} INFO - Running command: ['/bin/bash', '-c', 'pip install sodapy geoalchemy2']
[2023-08-30T20:47:02.406+0000] {subprocess.py:86} INFO - Output:
[2023-08-30T20:47:03.256+0000] {subprocess.py:93} INFO - Defaulting to user installation because normal site-packages is not writeable
[2023-08-30T20:47:03.569+0000] {subprocess.py:93} INFO - Collecting sodapy
[2023-08-30T20:47:03.942+0000] {subprocess.py:93} INFO -   Downloading sodapy-2.2.0-py2.py3-none-any.whl (15 kB)
[2023-08-30T20:47:03.991+0000] {subprocess.py:93} INFO - Collecting geoalchemy2
[2023-08-30T20:47:04.010+0000] {subprocess.py:93} INFO -   Downloading GeoAlchemy2-0.14.1-py3-none-any.whl (54 kB)
[2023-08-30T20:47:04.039+0000] {subprocess.py:93} INFO -      ━━━━━━━━━━━━━━━━━━━━━━━━━━━━━━━━━━━━━━━━ 55.0/55.0 kB 1.8 MB/s eta 0:00:00
[2023-08-30T20:47:04.041+0000] {subprocess.py:93} INFO - Requirement already satisfied: requests>=2.28.1 in /home/***/.local/lib/python3.8/site-packages (from sodapy) (2.31.0)
[2023-08-30T20:47:04.043+0000] {subprocess.py:93} INFO - Requirement already satisfied: packaging in /home/***/.local/lib/python3.8/site-packages (from geoalchemy2) (23.1)
[2023-08-30T20:47:04.044+0000] {subprocess.py:93} INFO - Requirement already satisfied: SQLAlchemy>=1.4 in /home/***/.local/lib/python3.8/site-packages (from geoalchemy2) (1.4.49)
[2023-08-30T20:47:04.048+0000] {subprocess.py:93} INFO - Requirement already satisfied: charset-normalizer<4,>=2 in /home/***/.local/lib/python3.8/site-packages (from requests>=2.28.1->sodapy) (3.2.0)
[2023-08-30T20:47:04.049+0000] {subprocess.py:93} INFO - Requirement already satisfied: idna<4,>=2.5 in /home/***/.local/lib/python3.8/site-packages (from requests>=2.28.1->sodapy) (3.4)
[2023-08-30T20:47:04.050+0000] {subprocess.py:93} INFO - Requirement already satisfied: urllib3<3,>=1.21.1 in /home/***/.local/lib/python3.8/site-packages (from requests>=2.28.1->sodapy) (1.26.16)
[2023-08-30T20:47:04.050+0000] {subprocess.py:93} INFO - Requirement already satisfied: certifi>=2017.4.17 in /home/***/.local/lib/python3.8/site-packages (from requests>=2.28.1->sodapy) (2023.7.22)
[2023-08-30T20:47:04.082+0000] {subprocess.py:93} INFO - Requirement already satisfied: greenlet!=0.4.17 in /home/***/.local/lib/python3.8/site-packages (from SQLAlchemy>=1.4->geoalchemy2) (2.0.2)
[2023-08-30T20:47:06.329+0000] {subprocess.py:93} INFO - Installing collected packages: sodapy, geoalchemy2
[2023-08-30T20:47:06.395+0000] {subprocess.py:93} INFO - Successfully installed geoalchemy2-0.14.1 sodapy-2.2.0
[2023-08-30T20:47:06.583+0000] {subprocess.py:93} INFO - 
[2023-08-30T20:47:06.585+0000] {subprocess.py:93} INFO - [notice] A new release of pip is available: 23.0.1 -> 23.2.1
[2023-08-30T20:47:06.586+0000] {subprocess.py:93} INFO - [notice] To update, run: pip install --upgrade pip
[2023-08-30T20:47:06.711+0000] {subprocess.py:97} INFO - Command exited with return code 0
[2023-08-30T20:47:06.737+0000] {taskinstance.py:1400} INFO - Marking task as SUCCESS. dag_id=data_migration, task_id=install_required_packages, execution_date=20230830T000000, start_date=20230830T204702, end_date=20230830T204706
[2023-08-30T20:47:06.793+0000] {local_task_job_runner.py:228} INFO - Task exited with return code 0
[2023-08-30T20:47:06.809+0000] {taskinstance.py:2784} INFO - 1 downstream tasks scheduled from follow-on schedule check
[2023-08-30T21:06:28.238+0000] {logging_mixin.py:151} WARNING - /home/***/.local/lib/python3.8/site-packages/***/utils/sqlalchemy.py:124 DeprecationWarning: The sql_alchemy_conn option in [core] has been moved to the sql_alchemy_conn option in [database] - the old setting has been used, but please update your config.
[2023-08-30T21:06:28.246+0000] {taskinstance.py:1159} INFO - Dependencies all met for dep_context=non-requeueable deps ti=<TaskInstance: data_migration.install_required_packages scheduled__2023-08-30T00:00:00+00:00 [queued]>
[2023-08-30T21:06:28.252+0000] {taskinstance.py:1159} INFO - Dependencies all met for dep_context=requeueable deps ti=<TaskInstance: data_migration.install_required_packages scheduled__2023-08-30T00:00:00+00:00 [queued]>
[2023-08-30T21:06:28.253+0000] {taskinstance.py:1361} INFO - Starting attempt 1 of 2
[2023-08-30T21:06:28.263+0000] {taskinstance.py:1382} INFO - Executing <Task(BashOperator): install_required_packages> on 2023-08-30 00:00:00+00:00
[2023-08-30T21:06:28.268+0000] {standard_task_runner.py:57} INFO - Started process 213 to run task
[2023-08-30T21:06:28.271+0000] {standard_task_runner.py:84} INFO - Running: ['***', 'tasks', 'run', 'data_migration', 'install_required_packages', 'scheduled__2023-08-30T00:00:00+00:00', '--job-id', '2', '--raw', '--subdir', 'DAGS_FOLDER/data_mig_dag.py', '--cfg-path', '/tmp/tmpccgknqeq']
[2023-08-30T21:06:28.274+0000] {standard_task_runner.py:85} INFO - Job 2: Subtask install_required_packages
[2023-08-30T21:06:28.288+0000] {logging_mixin.py:151} WARNING - /home/***/.local/lib/python3.8/site-packages/***/settings.py:195 DeprecationWarning: The sql_alchemy_conn option in [core] has been moved to the sql_alchemy_conn option in [database] - the old setting has been used, but please update your config.
[2023-08-30T21:06:28.320+0000] {task_command.py:415} INFO - Running <TaskInstance: data_migration.install_required_packages scheduled__2023-08-30T00:00:00+00:00 [running]> on host cbc745b7550b
[2023-08-30T21:06:28.332+0000] {logging_mixin.py:151} WARNING - /home/***/.local/lib/python3.8/site-packages/***/utils/sqlalchemy.py:124 DeprecationWarning: The sql_alchemy_conn option in [core] has been moved to the sql_alchemy_conn option in [database] - the old setting has been used, but please update your config.
[2023-08-30T21:06:28.385+0000] {taskinstance.py:1660} INFO - Exporting env vars: AIRFLOW_CTX_DAG_OWNER='***' AIRFLOW_CTX_DAG_ID='data_migration' AIRFLOW_CTX_TASK_ID='install_required_packages' AIRFLOW_CTX_EXECUTION_DATE='2023-08-30T00:00:00+00:00' AIRFLOW_CTX_TRY_NUMBER='1' AIRFLOW_CTX_DAG_RUN_ID='scheduled__2023-08-30T00:00:00+00:00'
[2023-08-30T21:06:28.398+0000] {subprocess.py:63} INFO - Tmp dir root location: /tmp
[2023-08-30T21:06:28.400+0000] {subprocess.py:75} INFO - Running command: ['/bin/bash', '-c', 'pip install sodapy geoalchemy2']
[2023-08-30T21:06:28.409+0000] {subprocess.py:86} INFO - Output:
[2023-08-30T21:06:29.290+0000] {subprocess.py:93} INFO - Defaulting to user installation because normal site-packages is not writeable
[2023-08-30T21:06:29.559+0000] {subprocess.py:93} INFO - Collecting sodapy
[2023-08-30T21:06:29.640+0000] {subprocess.py:93} INFO -   Downloading sodapy-2.2.0-py2.py3-none-any.whl (15 kB)
[2023-08-30T21:06:29.690+0000] {subprocess.py:93} INFO - Collecting geoalchemy2
[2023-08-30T21:06:29.712+0000] {subprocess.py:93} INFO -   Downloading GeoAlchemy2-0.14.1-py3-none-any.whl (54 kB)
[2023-08-30T21:06:30.027+0000] {subprocess.py:93} INFO -      ━━━━━━━━━━━━━━━━━━━━━━━━━━━━━━━━━━━━━━━ 55.0/55.0 kB 143.9 kB/s eta 0:00:00
[2023-08-30T21:06:30.031+0000] {subprocess.py:93} INFO - Requirement already satisfied: requests>=2.28.1 in /home/***/.local/lib/python3.8/site-packages (from sodapy) (2.31.0)
[2023-08-30T21:06:30.035+0000] {subprocess.py:93} INFO - Requirement already satisfied: SQLAlchemy>=1.4 in /home/***/.local/lib/python3.8/site-packages (from geoalchemy2) (1.4.49)
[2023-08-30T21:06:30.036+0000] {subprocess.py:93} INFO - Requirement already satisfied: packaging in /home/***/.local/lib/python3.8/site-packages (from geoalchemy2) (23.1)
[2023-08-30T21:06:30.041+0000] {subprocess.py:93} INFO - Requirement already satisfied: certifi>=2017.4.17 in /home/***/.local/lib/python3.8/site-packages (from requests>=2.28.1->sodapy) (2023.7.22)
[2023-08-30T21:06:30.043+0000] {subprocess.py:93} INFO - Requirement already satisfied: charset-normalizer<4,>=2 in /home/***/.local/lib/python3.8/site-packages (from requests>=2.28.1->sodapy) (3.2.0)
[2023-08-30T21:06:30.044+0000] {subprocess.py:93} INFO - Requirement already satisfied: idna<4,>=2.5 in /home/***/.local/lib/python3.8/site-packages (from requests>=2.28.1->sodapy) (3.4)
[2023-08-30T21:06:30.046+0000] {subprocess.py:93} INFO - Requirement already satisfied: urllib3<3,>=1.21.1 in /home/***/.local/lib/python3.8/site-packages (from requests>=2.28.1->sodapy) (1.26.16)
[2023-08-30T21:06:30.080+0000] {subprocess.py:93} INFO - Requirement already satisfied: greenlet!=0.4.17 in /home/***/.local/lib/python3.8/site-packages (from SQLAlchemy>=1.4->geoalchemy2) (2.0.2)
[2023-08-30T21:06:32.447+0000] {subprocess.py:93} INFO - Installing collected packages: sodapy, geoalchemy2
[2023-08-30T21:06:32.512+0000] {subprocess.py:93} INFO - Successfully installed geoalchemy2-0.14.1 sodapy-2.2.0
[2023-08-30T21:06:32.796+0000] {subprocess.py:93} INFO - 
[2023-08-30T21:06:32.806+0000] {subprocess.py:93} INFO - [notice] A new release of pip is available: 23.0.1 -> 23.2.1
[2023-08-30T21:06:32.810+0000] {subprocess.py:93} INFO - [notice] To update, run: pip install --upgrade pip
[2023-08-30T21:06:33.069+0000] {subprocess.py:97} INFO - Command exited with return code 0
[2023-08-30T21:06:33.125+0000] {taskinstance.py:1400} INFO - Marking task as SUCCESS. dag_id=data_migration, task_id=install_required_packages, execution_date=20230830T000000, start_date=20230830T210628, end_date=20230830T210633
[2023-08-30T21:06:33.156+0000] {local_task_job_runner.py:228} INFO - Task exited with return code 0
[2023-08-30T21:06:33.242+0000] {taskinstance.py:2784} INFO - 1 downstream tasks scheduled from follow-on schedule check
[2023-08-30T21:16:02.845+0000] {logging_mixin.py:151} WARNING - /home/***/.local/lib/python3.8/site-packages/***/utils/sqlalchemy.py:124 DeprecationWarning: The sql_alchemy_conn option in [core] has been moved to the sql_alchemy_conn option in [database] - the old setting has been used, but please update your config.
[2023-08-30T21:16:02.853+0000] {taskinstance.py:1159} INFO - Dependencies all met for dep_context=non-requeueable deps ti=<TaskInstance: data_migration.install_required_packages scheduled__2023-08-30T00:00:00+00:00 [queued]>
[2023-08-30T21:16:02.858+0000] {taskinstance.py:1159} INFO - Dependencies all met for dep_context=requeueable deps ti=<TaskInstance: data_migration.install_required_packages scheduled__2023-08-30T00:00:00+00:00 [queued]>
[2023-08-30T21:16:02.860+0000] {taskinstance.py:1361} INFO - Starting attempt 1 of 2
[2023-08-30T21:16:02.869+0000] {taskinstance.py:1382} INFO - Executing <Task(BashOperator): install_required_packages> on 2023-08-30 00:00:00+00:00
[2023-08-30T21:16:02.873+0000] {standard_task_runner.py:57} INFO - Started process 271 to run task
[2023-08-30T21:16:02.876+0000] {standard_task_runner.py:84} INFO - Running: ['***', 'tasks', 'run', 'data_migration', 'install_required_packages', 'scheduled__2023-08-30T00:00:00+00:00', '--job-id', '2', '--raw', '--subdir', 'DAGS_FOLDER/data_mig_dag.py', '--cfg-path', '/tmp/tmphih57opk']
[2023-08-30T21:16:02.879+0000] {standard_task_runner.py:85} INFO - Job 2: Subtask install_required_packages
[2023-08-30T21:16:02.893+0000] {logging_mixin.py:151} WARNING - /home/***/.local/lib/python3.8/site-packages/***/settings.py:195 DeprecationWarning: The sql_alchemy_conn option in [core] has been moved to the sql_alchemy_conn option in [database] - the old setting has been used, but please update your config.
[2023-08-30T21:16:02.924+0000] {task_command.py:415} INFO - Running <TaskInstance: data_migration.install_required_packages scheduled__2023-08-30T00:00:00+00:00 [running]> on host 5b9f14bf20e0
[2023-08-30T21:16:02.936+0000] {logging_mixin.py:151} WARNING - /home/***/.local/lib/python3.8/site-packages/***/utils/sqlalchemy.py:124 DeprecationWarning: The sql_alchemy_conn option in [core] has been moved to the sql_alchemy_conn option in [database] - the old setting has been used, but please update your config.
[2023-08-30T21:16:02.986+0000] {taskinstance.py:1660} INFO - Exporting env vars: AIRFLOW_CTX_DAG_OWNER='***' AIRFLOW_CTX_DAG_ID='data_migration' AIRFLOW_CTX_TASK_ID='install_required_packages' AIRFLOW_CTX_EXECUTION_DATE='2023-08-30T00:00:00+00:00' AIRFLOW_CTX_TRY_NUMBER='1' AIRFLOW_CTX_DAG_RUN_ID='scheduled__2023-08-30T00:00:00+00:00'
[2023-08-30T21:16:02.994+0000] {subprocess.py:63} INFO - Tmp dir root location: /tmp
[2023-08-30T21:16:02.995+0000] {subprocess.py:75} INFO - Running command: ['/bin/bash', '-c', 'pip install sodapy']
[2023-08-30T21:16:03.007+0000] {subprocess.py:86} INFO - Output:
[2023-08-30T21:16:03.877+0000] {subprocess.py:93} INFO - Defaulting to user installation because normal site-packages is not writeable
[2023-08-30T21:16:04.189+0000] {subprocess.py:93} INFO - Collecting sodapy
[2023-08-30T21:16:04.281+0000] {subprocess.py:93} INFO -   Downloading sodapy-2.2.0-py2.py3-none-any.whl (15 kB)
[2023-08-30T21:16:04.301+0000] {subprocess.py:93} INFO - Requirement already satisfied: requests>=2.28.1 in /home/***/.local/lib/python3.8/site-packages (from sodapy) (2.31.0)
[2023-08-30T21:16:04.305+0000] {subprocess.py:93} INFO - Requirement already satisfied: certifi>=2017.4.17 in /home/***/.local/lib/python3.8/site-packages (from requests>=2.28.1->sodapy) (2023.7.22)
[2023-08-30T21:16:04.306+0000] {subprocess.py:93} INFO - Requirement already satisfied: urllib3<3,>=1.21.1 in /home/***/.local/lib/python3.8/site-packages (from requests>=2.28.1->sodapy) (1.26.16)
[2023-08-30T21:16:04.307+0000] {subprocess.py:93} INFO - Requirement already satisfied: idna<4,>=2.5 in /home/***/.local/lib/python3.8/site-packages (from requests>=2.28.1->sodapy) (3.4)
[2023-08-30T21:16:04.309+0000] {subprocess.py:93} INFO - Requirement already satisfied: charset-normalizer<4,>=2 in /home/***/.local/lib/python3.8/site-packages (from requests>=2.28.1->sodapy) (3.2.0)
[2023-08-30T21:16:06.676+0000] {subprocess.py:93} INFO - Installing collected packages: sodapy
[2023-08-30T21:16:06.720+0000] {subprocess.py:93} INFO - Successfully installed sodapy-2.2.0
[2023-08-30T21:16:06.857+0000] {subprocess.py:93} INFO - 
[2023-08-30T21:16:06.858+0000] {subprocess.py:93} INFO - [notice] A new release of pip is available: 23.0.1 -> 23.2.1
[2023-08-30T21:16:06.859+0000] {subprocess.py:93} INFO - [notice] To update, run: pip install --upgrade pip
[2023-08-30T21:16:07.005+0000] {subprocess.py:97} INFO - Command exited with return code 0
[2023-08-30T21:16:07.038+0000] {taskinstance.py:1400} INFO - Marking task as SUCCESS. dag_id=data_migration, task_id=install_required_packages, execution_date=20230830T000000, start_date=20230830T211602, end_date=20230830T211607
[2023-08-30T21:16:07.079+0000] {local_task_job_runner.py:228} INFO - Task exited with return code 0
[2023-08-30T21:16:07.100+0000] {taskinstance.py:2784} INFO - 1 downstream tasks scheduled from follow-on schedule check
