[2023-08-27T00:01:00.036+0000] {processor.py:157} INFO - Started process (PID=4489) to work on /opt/airflow/dags/config.py
[2023-08-27T00:01:00.038+0000] {processor.py:829} INFO - Processing file /opt/airflow/dags/config.py for tasks to queue
[2023-08-27T00:01:00.040+0000] {logging_mixin.py:151} INFO - [2023-08-27T00:01:00.039+0000] {dagbag.py:539} INFO - Filling up the DagBag from /opt/airflow/dags/config.py
[2023-08-27T00:01:00.045+0000] {processor.py:841} WARNING - No viable dags retrieved from /opt/airflow/dags/config.py
[2023-08-27T00:01:00.060+0000] {processor.py:179} INFO - Processing /opt/airflow/dags/config.py took 0.026 seconds
[2023-08-27T00:07:42.167+0000] {processor.py:157} INFO - Started process (PID=4507) to work on /opt/airflow/dags/config.py
[2023-08-27T00:07:42.171+0000] {processor.py:829} INFO - Processing file /opt/airflow/dags/config.py for tasks to queue
[2023-08-27T00:07:42.175+0000] {logging_mixin.py:151} INFO - [2023-08-27T00:07:42.174+0000] {dagbag.py:539} INFO - Filling up the DagBag from /opt/airflow/dags/config.py
[2023-08-27T00:07:42.198+0000] {processor.py:841} WARNING - No viable dags retrieved from /opt/airflow/dags/config.py
[2023-08-27T00:07:42.226+0000] {processor.py:179} INFO - Processing /opt/airflow/dags/config.py took 0.071 seconds
[2023-08-27T00:14:53.260+0000] {processor.py:157} INFO - Started process (PID=4523) to work on /opt/airflow/dags/config.py
[2023-08-27T00:14:53.263+0000] {processor.py:829} INFO - Processing file /opt/airflow/dags/config.py for tasks to queue
[2023-08-27T00:14:53.266+0000] {logging_mixin.py:151} INFO - [2023-08-27T00:14:53.266+0000] {dagbag.py:539} INFO - Filling up the DagBag from /opt/airflow/dags/config.py
[2023-08-27T00:14:53.288+0000] {processor.py:841} WARNING - No viable dags retrieved from /opt/airflow/dags/config.py
[2023-08-27T00:14:53.320+0000] {processor.py:179} INFO - Processing /opt/airflow/dags/config.py took 0.063 seconds
[2023-08-27T00:23:32.059+0000] {processor.py:157} INFO - Started process (PID=4538) to work on /opt/airflow/dags/config.py
[2023-08-27T00:23:32.065+0000] {processor.py:829} INFO - Processing file /opt/airflow/dags/config.py for tasks to queue
[2023-08-27T00:23:32.067+0000] {logging_mixin.py:151} INFO - [2023-08-27T00:23:32.067+0000] {dagbag.py:539} INFO - Filling up the DagBag from /opt/airflow/dags/config.py
[2023-08-27T00:23:32.078+0000] {processor.py:841} WARNING - No viable dags retrieved from /opt/airflow/dags/config.py
[2023-08-27T00:23:32.145+0000] {processor.py:179} INFO - Processing /opt/airflow/dags/config.py took 0.090 seconds
[2023-08-27T00:31:42.124+0000] {processor.py:157} INFO - Started process (PID=4555) to work on /opt/airflow/dags/config.py
[2023-08-27T00:31:42.125+0000] {processor.py:829} INFO - Processing file /opt/airflow/dags/config.py for tasks to queue
[2023-08-27T00:31:42.127+0000] {logging_mixin.py:151} INFO - [2023-08-27T00:31:42.127+0000] {dagbag.py:539} INFO - Filling up the DagBag from /opt/airflow/dags/config.py
[2023-08-27T00:31:42.132+0000] {processor.py:841} WARNING - No viable dags retrieved from /opt/airflow/dags/config.py
[2023-08-27T00:31:42.145+0000] {processor.py:179} INFO - Processing /opt/airflow/dags/config.py took 0.024 seconds
[2023-08-27T00:39:08.827+0000] {processor.py:157} INFO - Started process (PID=4571) to work on /opt/airflow/dags/config.py
[2023-08-27T00:39:08.831+0000] {processor.py:829} INFO - Processing file /opt/airflow/dags/config.py for tasks to queue
[2023-08-27T00:39:08.835+0000] {logging_mixin.py:151} INFO - [2023-08-27T00:39:08.835+0000] {dagbag.py:539} INFO - Filling up the DagBag from /opt/airflow/dags/config.py
[2023-08-27T00:39:08.846+0000] {processor.py:841} WARNING - No viable dags retrieved from /opt/airflow/dags/config.py
[2023-08-27T00:39:08.868+0000] {processor.py:179} INFO - Processing /opt/airflow/dags/config.py took 0.051 seconds
[2023-08-27T00:45:58.952+0000] {processor.py:157} INFO - Started process (PID=4588) to work on /opt/airflow/dags/config.py
[2023-08-27T00:45:58.956+0000] {processor.py:829} INFO - Processing file /opt/airflow/dags/config.py for tasks to queue
[2023-08-27T00:45:58.961+0000] {logging_mixin.py:151} INFO - [2023-08-27T00:45:58.961+0000] {dagbag.py:539} INFO - Filling up the DagBag from /opt/airflow/dags/config.py
[2023-08-27T00:45:58.967+0000] {processor.py:841} WARNING - No viable dags retrieved from /opt/airflow/dags/config.py
[2023-08-27T00:45:58.992+0000] {processor.py:179} INFO - Processing /opt/airflow/dags/config.py took 0.044 seconds
[2023-08-27T00:51:08.675+0000] {processor.py:157} INFO - Started process (PID=4603) to work on /opt/airflow/dags/config.py
[2023-08-27T00:51:08.679+0000] {processor.py:829} INFO - Processing file /opt/airflow/dags/config.py for tasks to queue
[2023-08-27T00:51:08.683+0000] {logging_mixin.py:151} INFO - [2023-08-27T00:51:08.683+0000] {dagbag.py:539} INFO - Filling up the DagBag from /opt/airflow/dags/config.py
[2023-08-27T00:51:08.706+0000] {processor.py:841} WARNING - No viable dags retrieved from /opt/airflow/dags/config.py
[2023-08-27T00:51:08.756+0000] {processor.py:179} INFO - Processing /opt/airflow/dags/config.py took 0.094 seconds
[2023-08-27T01:12:44.473+0000] {processor.py:157} INFO - Started process (PID=4622) to work on /opt/airflow/dags/config.py
[2023-08-27T01:12:44.478+0000] {processor.py:829} INFO - Processing file /opt/airflow/dags/config.py for tasks to queue
[2023-08-27T01:12:44.481+0000] {logging_mixin.py:151} INFO - [2023-08-27T01:12:44.480+0000] {dagbag.py:539} INFO - Filling up the DagBag from /opt/airflow/dags/config.py
[2023-08-27T01:12:44.488+0000] {processor.py:841} WARNING - No viable dags retrieved from /opt/airflow/dags/config.py
[2023-08-27T01:12:44.516+0000] {processor.py:179} INFO - Processing /opt/airflow/dags/config.py took 0.047 seconds
[2023-08-27T01:42:31.131+0000] {processor.py:157} INFO - Started process (PID=4637) to work on /opt/airflow/dags/config.py
[2023-08-27T01:42:31.134+0000] {processor.py:829} INFO - Processing file /opt/airflow/dags/config.py for tasks to queue
[2023-08-27T01:42:31.135+0000] {logging_mixin.py:151} INFO - [2023-08-27T01:42:31.135+0000] {dagbag.py:539} INFO - Filling up the DagBag from /opt/airflow/dags/config.py
[2023-08-27T01:42:31.141+0000] {processor.py:841} WARNING - No viable dags retrieved from /opt/airflow/dags/config.py
[2023-08-27T01:42:31.155+0000] {processor.py:179} INFO - Processing /opt/airflow/dags/config.py took 0.028 seconds
[2023-08-27T02:17:39.788+0000] {processor.py:157} INFO - Started process (PID=4653) to work on /opt/airflow/dags/config.py
[2023-08-27T02:17:39.790+0000] {processor.py:829} INFO - Processing file /opt/airflow/dags/config.py for tasks to queue
[2023-08-27T02:17:39.791+0000] {logging_mixin.py:151} INFO - [2023-08-27T02:17:39.791+0000] {dagbag.py:539} INFO - Filling up the DagBag from /opt/airflow/dags/config.py
[2023-08-27T02:17:39.798+0000] {processor.py:841} WARNING - No viable dags retrieved from /opt/airflow/dags/config.py
[2023-08-27T02:17:39.812+0000] {processor.py:179} INFO - Processing /opt/airflow/dags/config.py took 0.026 seconds
[2023-08-27T02:32:03.269+0000] {processor.py:157} INFO - Started process (PID=4670) to work on /opt/airflow/dags/config.py
[2023-08-27T02:32:03.272+0000] {processor.py:829} INFO - Processing file /opt/airflow/dags/config.py for tasks to queue
[2023-08-27T02:32:03.275+0000] {logging_mixin.py:151} INFO - [2023-08-27T02:32:03.274+0000] {dagbag.py:539} INFO - Filling up the DagBag from /opt/airflow/dags/config.py
[2023-08-27T02:32:03.283+0000] {processor.py:841} WARNING - No viable dags retrieved from /opt/airflow/dags/config.py
[2023-08-27T02:32:03.300+0000] {processor.py:179} INFO - Processing /opt/airflow/dags/config.py took 0.033 seconds
